[2015-10-10 11:06:53] local.ERROR: exception 'ErrorException' with message 'scandir(/home/ybhavnasi/Desktop/work/PathwayWeb/public/all/demo/561923d4233ab): failed to open dir: No such file or directory' in /home/ybhavnasi/Desktop/work/PathwayWeb/storage/framework/views/b5cf50332139a728376c5c4a4af3a574:18
Stack trace:
#0 [internal function]: Illuminate\Foundation\Bootstrap\HandleExceptions->handleError(2, 'scandir(/home/y...', '/home/ybhavnasi...', 18, Array)
#1 /home/ybhavnasi/Desktop/work/PathwayWeb/storage/framework/views/b5cf50332139a728376c5c4a4af3a574(18): scandir('/home/ybhavnasi...')
#2 /home/ybhavnasi/Desktop/work/PathwayWeb/vendor/laravel/framework/src/Illuminate/View/Engines/PhpEngine.php(39): include('/home/ybhavnasi...')
#3 /home/ybhavnasi/Desktop/work/PathwayWeb/vendor/laravel/framework/src/Illuminate/View/Engines/CompilerEngine.php(57): Illuminate\View\Engines\PhpEngine->evaluatePath('/home/ybhavnasi...', Array)
#4 /home/ybhavnasi/Desktop/work/PathwayWeb/vendor/laravel/framework/src/Illuminate/View/View.php(136): Illuminate\View\Engines\CompilerEngine->get('/home/ybhavnasi...', Array)
#5 /home/ybhavnasi/Desktop/work/PathwayWeb/vendor/laravel/framework/src/Illuminate/View/View.php(104): Illuminate\View\View->getContents()
#6 /home/ybhavnasi/Desktop/work/PathwayWeb/vendor/laravel/framework/src/Illuminate/View/View.php(78): Illuminate\View\View->renderContents()
#7 /home/ybhavnasi/Desktop/work/PathwayWeb/vendor/laravel/framework/src/Illuminate/Http/Response.php(44): Illuminate\View\View->render()
#8 /home/ybhavnasi/Desktop/work/PathwayWeb/vendor/symfony/http-foundation/Symfony/Component/HttpFoundation/Response.php(202): Illuminate\Http\Response->setContent(Object(Illuminate\View\View))
#9 /home/ybhavnasi/Desktop/work/PathwayWeb/vendor/laravel/framework/src/Illuminate/Routing/Router.php(1198): Symfony\Component\HttpFoundation\Response->__construct(Object(Illuminate\View\View))
#10 /home/ybhavnasi/Desktop/work/PathwayWeb/vendor/laravel/framework/src/Illuminate/Routing/Router.php(702): Illuminate\Routing\Router->prepareResponse(Object(Illuminate\Http\Request), Object(Illuminate\View\View))
#11 [internal function]: Illuminate\Routing\Router->Illuminate\Routing\{closure}(Object(Illuminate\Http\Request))
#12 /home/ybhavnasi/Desktop/work/PathwayWeb/vendor/laravel/framework/src/Illuminate/Pipeline/Pipeline.php(141): call_user_func(Object(Closure), Object(Illuminate\Http\Request))
#13 [internal function]: Illuminate\Pipeline\Pipeline->Illuminate\Pipeline\{closure}(Object(Illuminate\Http\Request))
#14 /home/ybhavnasi/Desktop/work/PathwayWeb/vendor/laravel/framework/src/Illuminate/Pipeline/Pipeline.php(101): call_user_func(Object(Closure), Object(Illuminate\Http\Request))
#15 /home/ybhavnasi/Desktop/work/PathwayWeb/vendor/laravel/framework/src/Illuminate/Routing/Router.php(703): Illuminate\Pipeline\Pipeline->then(Object(Closure))
#16 /home/ybhavnasi/Desktop/work/PathwayWeb/vendor/laravel/framework/src/Illuminate/Routing/Router.php(670): Illuminate\Routing\Router->runRouteWithinStack(Object(Illuminate\Routing\Route), Object(Illuminate\Http\Request))
#17 /home/ybhavnasi/Desktop/work/PathwayWeb/vendor/laravel/framework/src/Illuminate/Routing/Router.php(628): Illuminate\Routing\Router->dispatchToRoute(Object(Illuminate\Http\Request))
#18 /home/ybhavnasi/Desktop/work/PathwayWeb/vendor/laravel/framework/src/Illuminate/Foundation/Http/Kernel.php(214): Illuminate\Routing\Router->dispatch(Object(Illuminate\Http\Request))
#19 [internal function]: Illuminate\Foundation\Http\Kernel->Illuminate\Foundation\Http\{closure}(Object(Illuminate\Http\Request))
#20 /home/ybhavnasi/Desktop/work/PathwayWeb/vendor/laravel/framework/src/Illuminate/Pipeline/Pipeline.php(141): call_user_func(Object(Closure), Object(Illuminate\Http\Request))
#21 /home/ybhavnasi/Desktop/work/PathwayWeb/vendor/barryvdh/laravel-debugbar/src/Middleware/Debugbar.php(49): Illuminate\Pipeline\Pipeline->Illuminate\Pipeline\{closure}(Object(Illuminate\Http\Request))
#22 /home/ybhavnasi/Desktop/work/PathwayWeb/vendor/laravel/framework/src/Illuminate/Pipeline/Pipeline.php(125): Barryvdh\Debugbar\Middleware\Debugbar->handle(Object(Illuminate\Http\Request), Object(Closure))
#23 /home/ybhavnasi/Desktop/work/PathwayWeb/vendor/laravel/framework/src/Illuminate/View/Middleware/ShareErrorsFromSession.php(55): Illuminate\Pipeline\Pipeline->Illuminate\Pipeline\{closure}(Object(Illuminate\Http\Request))
#24 /home/ybhavnasi/Desktop/work/PathwayWeb/vendor/laravel/framework/src/Illuminate/Pipeline/Pipeline.php(125): Illuminate\View\Middleware\ShareErrorsFromSession->handle(Object(Illuminate\Http\Request), Object(Closure))
#25 /home/ybhavnasi/Desktop/work/PathwayWeb/vendor/laravel/framework/src/Illuminate/Session/Middleware/StartSession.php(61): Illuminate\Pipeline\Pipeline->Illuminate\Pipeline\{closure}(Object(Illuminate\Http\Request))
#26 /home/ybhavnasi/Desktop/work/PathwayWeb/vendor/laravel/framework/src/Illuminate/Pipeline/Pipeline.php(125): Illuminate\Session\Middleware\StartSession->handle(Object(Illuminate\Http\Request), Object(Closure))
#27 /home/ybhavnasi/Desktop/work/PathwayWeb/vendor/laravel/framework/src/Illuminate/Cookie/Middleware/AddQueuedCookiesToResponse.php(36): Illuminate\Pipeline\Pipeline->Illuminate\Pipeline\{closure}(Object(Illuminate\Http\Request))
#28 /home/ybhavnasi/Desktop/work/PathwayWeb/vendor/laravel/framework/src/Illuminate/Pipeline/Pipeline.php(125): Illuminate\Cookie\Middleware\AddQueuedCookiesToResponse->handle(Object(Illuminate\Http\Request), Object(Closure))
#29 /home/ybhavnasi/Desktop/work/PathwayWeb/vendor/laravel/framework/src/Illuminate/Cookie/Middleware/EncryptCookies.php(40): Illuminate\Pipeline\Pipeline->Illuminate\Pipeline\{closure}(Object(Illuminate\Http\Request))
#30 /home/ybhavnasi/Desktop/work/PathwayWeb/vendor/laravel/framework/src/Illuminate/Pipeline/Pipeline.php(125): Illuminate\Cookie\Middleware\EncryptCookies->handle(Object(Illuminate\Http\Request), Object(Closure))
#31 /home/ybhavnasi/Desktop/work/PathwayWeb/vendor/laravel/framework/src/Illuminate/Foundation/Http/Middleware/CheckForMaintenanceMode.php(42): Illuminate\Pipeline\Pipeline->Illuminate\Pipeline\{closure}(Object(Illuminate\Http\Request))
#32 /home/ybhavnasi/Desktop/work/PathwayWeb/vendor/laravel/framework/src/Illuminate/Pipeline/Pipeline.php(125): Illuminate\Foundation\Http\Middleware\CheckForMaintenanceMode->handle(Object(Illuminate\Http\Request), Object(Closure))
#33 [internal function]: Illuminate\Pipeline\Pipeline->Illuminate\Pipeline\{closure}(Object(Illuminate\Http\Request))
#34 /home/ybhavnasi/Desktop/work/PathwayWeb/vendor/laravel/framework/src/Illuminate/Pipeline/Pipeline.php(101): call_user_func(Object(Closure), Object(Illuminate\Http\Request))
#35 /home/ybhavnasi/Desktop/work/PathwayWeb/vendor/laravel/framework/src/Illuminate/Foundation/Http/Kernel.php(115): Illuminate\Pipeline\Pipeline->then(Object(Closure))
#36 /home/ybhavnasi/Desktop/work/PathwayWeb/vendor/laravel/framework/src/Illuminate/Foundation/Http/Kernel.php(84): Illuminate\Foundation\Http\Kernel->sendRequestThroughRouter(Object(Illuminate\Http\Request))
#37 /home/ybhavnasi/Desktop/work/PathwayWeb/public/index.php(54): Illuminate\Foundation\Http\Kernel->handle(Object(Illuminate\Http\Request))
#38 /home/ybhavnasi/Desktop/work/PathwayWeb/server.php(20): require_once('/home/ybhavnasi...')
#39 {main}

Next exception 'ErrorException' with message 'scandir(/home/ybhavnasi/Desktop/work/PathwayWeb/public/all/demo/561923d4233ab): failed to open dir: No such file or directory (View: /home/ybhavnasi/Desktop/work/PathwayWeb/resources/views/pathview_pages/analysis/ResultView.blade.php)' in /home/ybhavnasi/Desktop/work/PathwayWeb/storage/framework/views/b5cf50332139a728376c5c4a4af3a574:18
Stack trace:
#0 /home/ybhavnasi/Desktop/work/PathwayWeb/vendor/laravel/framework/src/Illuminate/View/Engines/PhpEngine.php(43): Illuminate\View\Engines\CompilerEngine->handleViewException(Object(ErrorException), 1)
#1 /home/ybhavnasi/Desktop/work/PathwayWeb/vendor/laravel/framework/src/Illuminate/View/Engines/CompilerEngine.php(57): Illuminate\View\Engines\PhpEngine->evaluatePath('/home/ybhavnasi...', Array)
#2 /home/ybhavnasi/Desktop/work/PathwayWeb/vendor/laravel/framework/src/Illuminate/View/View.php(136): Illuminate\View\Engines\CompilerEngine->get('/home/ybhavnasi...', Array)
#3 /home/ybhavnasi/Desktop/work/PathwayWeb/vendor/laravel/framework/src/Illuminate/View/View.php(104): Illuminate\View\View->getContents()
#4 /home/ybhavnasi/Desktop/work/PathwayWeb/vendor/laravel/framework/src/Illuminate/View/View.php(78): Illuminate\View\View->renderContents()
#5 /home/ybhavnasi/Desktop/work/PathwayWeb/vendor/laravel/framework/src/Illuminate/Http/Response.php(44): Illuminate\View\View->render()
#6 /home/ybhavnasi/Desktop/work/PathwayWeb/vendor/symfony/http-foundation/Symfony/Component/HttpFoundation/Response.php(202): Illuminate\Http\Response->setContent(Object(Illuminate\View\View))
#7 /home/ybhavnasi/Desktop/work/PathwayWeb/vendor/laravel/framework/src/Illuminate/Routing/Router.php(1198): Symfony\Component\HttpFoundation\Response->__construct(Object(Illuminate\View\View))
#8 /home/ybhavnasi/Desktop/work/PathwayWeb/vendor/laravel/framework/src/Illuminate/Routing/Router.php(702): Illuminate\Routing\Router->prepareResponse(Object(Illuminate\Http\Request), Object(Illuminate\View\View))
#9 [internal function]: Illuminate\Routing\Router->Illuminate\Routing\{closure}(Object(Illuminate\Http\Request))
#10 /home/ybhavnasi/Desktop/work/PathwayWeb/vendor/laravel/framework/src/Illuminate/Pipeline/Pipeline.php(141): call_user_func(Object(Closure), Object(Illuminate\Http\Request))
#11 [internal function]: Illuminate\Pipeline\Pipeline->Illuminate\Pipeline\{closure}(Object(Illuminate\Http\Request))
#12 /home/ybhavnasi/Desktop/work/PathwayWeb/vendor/laravel/framework/src/Illuminate/Pipeline/Pipeline.php(101): call_user_func(Object(Closure), Object(Illuminate\Http\Request))
#13 /home/ybhavnasi/Desktop/work/PathwayWeb/vendor/laravel/framework/src/Illuminate/Routing/Router.php(703): Illuminate\Pipeline\Pipeline->then(Object(Closure))
#14 /home/ybhavnasi/Desktop/work/PathwayWeb/vendor/laravel/framework/src/Illuminate/Routing/Router.php(670): Illuminate\Routing\Router->runRouteWithinStack(Object(Illuminate\Routing\Route), Object(Illuminate\Http\Request))
#15 /home/ybhavnasi/Desktop/work/PathwayWeb/vendor/laravel/framework/src/Illuminate/Routing/Router.php(628): Illuminate\Routing\Router->dispatchToRoute(Object(Illuminate\Http\Request))
#16 /home/ybhavnasi/Desktop/work/PathwayWeb/vendor/laravel/framework/src/Illuminate/Foundation/Http/Kernel.php(214): Illuminate\Routing\Router->dispatch(Object(Illuminate\Http\Request))
#17 [internal function]: Illuminate\Foundation\Http\Kernel->Illuminate\Foundation\Http\{closure}(Object(Illuminate\Http\Request))
#18 /home/ybhavnasi/Desktop/work/PathwayWeb/vendor/laravel/framework/src/Illuminate/Pipeline/Pipeline.php(141): call_user_func(Object(Closure), Object(Illuminate\Http\Request))
#19 /home/ybhavnasi/Desktop/work/PathwayWeb/vendor/barryvdh/laravel-debugbar/src/Middleware/Debugbar.php(49): Illuminate\Pipeline\Pipeline->Illuminate\Pipeline\{closure}(Object(Illuminate\Http\Request))
#20 /home/ybhavnasi/Desktop/work/PathwayWeb/vendor/laravel/framework/src/Illuminate/Pipeline/Pipeline.php(125): Barryvdh\Debugbar\Middleware\Debugbar->handle(Object(Illuminate\Http\Request), Object(Closure))
#21 /home/ybhavnasi/Desktop/work/PathwayWeb/vendor/laravel/framework/src/Illuminate/View/Middleware/ShareErrorsFromSession.php(55): Illuminate\Pipeline\Pipeline->Illuminate\Pipeline\{closure}(Object(Illuminate\Http\Request))
#22 /home/ybhavnasi/Desktop/work/PathwayWeb/vendor/laravel/framework/src/Illuminate/Pipeline/Pipeline.php(125): Illuminate\View\Middleware\ShareErrorsFromSession->handle(Object(Illuminate\Http\Request), Object(Closure))
#23 /home/ybhavnasi/Desktop/work/PathwayWeb/vendor/laravel/framework/src/Illuminate/Session/Middleware/StartSession.php(61): Illuminate\Pipeline\Pipeline->Illuminate\Pipeline\{closure}(Object(Illuminate\Http\Request))
#24 /home/ybhavnasi/Desktop/work/PathwayWeb/vendor/laravel/framework/src/Illuminate/Pipeline/Pipeline.php(125): Illuminate\Session\Middleware\StartSession->handle(Object(Illuminate\Http\Request), Object(Closure))
#25 /home/ybhavnasi/Desktop/work/PathwayWeb/vendor/laravel/framework/src/Illuminate/Cookie/Middleware/AddQueuedCookiesToResponse.php(36): Illuminate\Pipeline\Pipeline->Illuminate\Pipeline\{closure}(Object(Illuminate\Http\Request))
#26 /home/ybhavnasi/Desktop/work/PathwayWeb/vendor/laravel/framework/src/Illuminate/Pipeline/Pipeline.php(125): Illuminate\Cookie\Middleware\AddQueuedCookiesToResponse->handle(Object(Illuminate\Http\Request), Object(Closure))
#27 /home/ybhavnasi/Desktop/work/PathwayWeb/vendor/laravel/framework/src/Illuminate/Cookie/Middleware/EncryptCookies.php(40): Illuminate\Pipeline\Pipeline->Illuminate\Pipeline\{closure}(Object(Illuminate\Http\Request))
#28 /home/ybhavnasi/Desktop/work/PathwayWeb/vendor/laravel/framework/src/Illuminate/Pipeline/Pipeline.php(125): Illuminate\Cookie\Middleware\EncryptCookies->handle(Object(Illuminate\Http\Request), Object(Closure))
#29 /home/ybhavnasi/Desktop/work/PathwayWeb/vendor/laravel/framework/src/Illuminate/Foundation/Http/Middleware/CheckForMaintenanceMode.php(42): Illuminate\Pipeline\Pipeline->Illuminate\Pipeline\{closure}(Object(Illuminate\Http\Request))
#30 /home/ybhavnasi/Desktop/work/PathwayWeb/vendor/laravel/framework/src/Illuminate/Pipeline/Pipeline.php(125): Illuminate\Foundation\Http\Middleware\CheckForMaintenanceMode->handle(Object(Illuminate\Http\Request), Object(Closure))
#31 [internal function]: Illuminate\Pipeline\Pipeline->Illuminate\Pipeline\{closure}(Object(Illuminate\Http\Request))
#32 /home/ybhavnasi/Desktop/work/PathwayWeb/vendor/laravel/framework/src/Illuminate/Pipeline/Pipeline.php(101): call_user_func(Object(Closure), Object(Illuminate\Http\Request))
#33 /home/ybhavnasi/Desktop/work/PathwayWeb/vendor/laravel/framework/src/Illuminate/Foundation/Http/Kernel.php(115): Illuminate\Pipeline\Pipeline->then(Object(Closure))
#34 /home/ybhavnasi/Desktop/work/PathwayWeb/vendor/laravel/framework/src/Illuminate/Foundation/Http/Kernel.php(84): Illuminate\Foundation\Http\Kernel->sendRequestThroughRouter(Object(Illuminate\Http\Request))
#35 /home/ybhavnasi/Desktop/work/PathwayWeb/public/index.php(54): Illuminate\Foundation\Http\Kernel->handle(Object(Illuminate\Http\Request))
#36 /home/ybhavnasi/Desktop/work/PathwayWeb/server.php(20): require_once('/home/ybhavnasi...')
#37 {main}  
[2015-10-10 11:16:43] local.ERROR: exception 'Symfony\Component\Debug\Exception\FatalErrorException' with message 'Call to undefined function 561939eb6e766()' in /home/ybhavnasi/Desktop/work/PathwayWeb/app/Http/Controllers/pathview/analysis/AnalysisController.php:784
Stack trace:
#0 {main}  
[2015-10-10 11:16:53] local.ERROR: exception 'Symfony\Component\Debug\Exception\FatalErrorException' with message 'Call to undefined function 561939f57d116()' in /home/ybhavnasi/Desktop/work/PathwayWeb/app/Http/Controllers/pathview/analysis/AnalysisController.php:784
Stack trace:
#0 {main}  
[2015-10-10 11:16:56] local.ERROR: exception 'Symfony\Component\Debug\Exception\FatalErrorException' with message 'Call to undefined function 561939f8c0bc8()' in /home/ybhavnasi/Desktop/work/PathwayWeb/app/Http/Controllers/pathview/analysis/AnalysisController.php:784
Stack trace:
#0 {main}  
[2015-10-10 11:17:58] local.ERROR: exception 'Symfony\Component\Debug\Exception\FatalErrorException' with message 'Call to undefined method Illuminate\Cookie\CookieJar::set()' in /home/ybhavnasi/Desktop/work/PathwayWeb/vendor/laravel/framework/src/Illuminate/Support/Facades/Facade.php:213
Stack trace:
#0 {main}  
[2015-10-10 11:18:20] local.ERROR: exception 'Symfony\Component\Debug\Exception\FatalErrorException' with message 'Call to undefined method Illuminate\Cookie\CookieJar::set()' in /home/ybhavnasi/Desktop/work/PathwayWeb/vendor/laravel/framework/src/Illuminate/Support/Facades/Facade.php:213
Stack trace:
#0 {main}  
[2015-10-10 11:18:41] local.ERROR: exception 'Symfony\Component\Debug\Exception\FatalErrorException' with message 'Call to undefined method Illuminate\Cookie\CookieJar::set()' in /home/ybhavnasi/Desktop/work/PathwayWeb/vendor/laravel/framework/src/Illuminate/Support/Facades/Facade.php:213
Stack trace:
#0 {main}  
[2015-10-10 11:18:44] local.ERROR: exception 'Symfony\Component\Debug\Exception\FatalErrorException' with message 'Call to undefined method Illuminate\Cookie\CookieJar::set()' in /home/ybhavnasi/Desktop/work/PathwayWeb/vendor/laravel/framework/src/Illuminate/Support/Facades/Facade.php:213
Stack trace:
#0 {main}  
[2015-10-10 11:19:07] local.ERROR: exception 'Symfony\Component\Debug\Exception\FatalErrorException' with message 'Call to undefined method Illuminate\Cookie\CookieJar::set()' in /home/ybhavnasi/Desktop/work/PathwayWeb/vendor/laravel/framework/src/Illuminate/Support/Facades/Facade.php:213
Stack trace:
#0 {main}  
[2015-10-10 11:21:51] local.ERROR: exception 'Symfony\Component\Debug\Exception\FatalErrorException' with message 'Call to undefined method Illuminate\Cookie\CookieJar::set()' in /home/ybhavnasi/Desktop/work/PathwayWeb/vendor/laravel/framework/src/Illuminate/Support/Facades/Facade.php:213
Stack trace:
#0 {main}  
[2015-10-10 11:22:49] local.ERROR: exception 'Symfony\Component\Debug\Exception\FatalErrorException' with message 'Call to undefined method Illuminate\Cookie\CookieJar::set()' in /home/ybhavnasi/Desktop/work/PathwayWeb/vendor/laravel/framework/src/Illuminate/Support/Facades/Facade.php:213
Stack trace:
#0 {main}  
[2015-10-10 11:22:56] local.ERROR: exception 'Symfony\Component\Debug\Exception\FatalErrorException' with message 'Call to undefined method Illuminate\Cookie\CookieJar::set()' in /home/ybhavnasi/Desktop/work/PathwayWeb/vendor/laravel/framework/src/Illuminate/Support/Facades/Facade.php:213
Stack trace:
#0 {main}  
[2015-10-10 11:24:00] local.ERROR: exception 'Symfony\Component\Debug\Exception\FatalErrorException' with message 'Call to undefined method Illuminate\Cookie\CookieJar::set()' in /home/ybhavnasi/Desktop/work/PathwayWeb/vendor/laravel/framework/src/Illuminate/Support/Facades/Facade.php:213
Stack trace:
#0 {main}  
[2015-10-10 11:26:24] local.ERROR: exception 'Symfony\Component\Debug\Exception\FatalErrorException' with message 'Call to undefined method Illuminate\Cookie\CookieJar::set()' in /home/ybhavnasi/Desktop/work/PathwayWeb/vendor/laravel/framework/src/Illuminate/Support/Facades/Facade.php:213
Stack trace:
#0 {main}  
[2015-10-10 11:39:32] local.ERROR: exception 'Predis\NotSupportedException' with message 'Cannot use 'DEL' over clusters of connections.' in /home/ybhavnasi/Desktop/work/PathwayWeb/vendor/predis/predis/src/Connection/Aggregate/PredisCluster.php:136
Stack trace:
#0 /home/ybhavnasi/Desktop/work/PathwayWeb/vendor/predis/predis/src/Connection/Aggregate/PredisCluster.php(217): Predis\Connection\Aggregate\PredisCluster->getConnection(Object(Predis\Command\KeyDelete))
#1 /home/ybhavnasi/Desktop/work/PathwayWeb/vendor/predis/predis/src/Client.php(322): Predis\Connection\Aggregate\PredisCluster->executeCommand(Object(Predis\Command\KeyDelete))
#2 /home/ybhavnasi/Desktop/work/PathwayWeb/vendor/predis/predis/src/Client.php(306): Predis\Client->executeCommand(Object(Predis\Command\KeyDelete))
#3 [internal function]: Predis\Client->__call('del', Array)
#4 [internal function]: Predis\Client->del('id:5618fd30c261...', 0)
#5 /home/ybhavnasi/Desktop/work/PathwayWeb/vendor/laravel/framework/src/Illuminate/Redis/Database.php(100): call_user_func_array(Array, Array)
#6 /home/ybhavnasi/Desktop/work/PathwayWeb/vendor/laravel/framework/src/Illuminate/Redis/Database.php(135): Illuminate\Redis\Database->command('del', Array)
#7 /home/ybhavnasi/Desktop/work/PathwayWeb/vendor/laravel/framework/src/Illuminate/Support/Facades/Facade.php(213): Illuminate\Redis\Database->__call('del', Array)
#8 /home/ybhavnasi/Desktop/work/PathwayWeb/vendor/laravel/framework/src/Illuminate/Support/Facades/Facade.php(213): Illuminate\Redis\Database->del('id:5618fd30c261...', 0)
#9 /home/ybhavnasi/Desktop/work/PathwayWeb/app/Http/Controllers/pathview/analysis/AnalysisController.php(816): Illuminate\Support\Facades\Facade::__callStatic('del', Array)
#10 /home/ybhavnasi/Desktop/work/PathwayWeb/app/Http/Controllers/pathview/analysis/AnalysisController.php(816): Illuminate\Support\Facades\Redis::del('id:5618fd30c261...', 0)
#11 /home/ybhavnasi/Desktop/work/PathwayWeb/app/Http/Controllers/pathview/analysis/AnalysisController.php(900): App\Http\Controllers\pathview\analysis\AnalysisController->analysis('exampleAnalysis...')
#12 [internal function]: App\Http\Controllers\pathview\analysis\AnalysisController->post_exampleAnalysis1(Object(App\Http\Requests\CraeteAnalysisRequest))
#13 /home/ybhavnasi/Desktop/work/PathwayWeb/vendor/laravel/framework/src/Illuminate/Routing/Controller.php(246): call_user_func_array(Array, Array)
#14 /home/ybhavnasi/Desktop/work/PathwayWeb/vendor/laravel/framework/src/Illuminate/Routing/ControllerDispatcher.php(162): Illuminate\Routing\Controller->callAction('post_exampleAna...', Array)
#15 /home/ybhavnasi/Desktop/work/PathwayWeb/vendor/laravel/framework/src/Illuminate/Routing/ControllerDispatcher.php(107): Illuminate\Routing\ControllerDispatcher->call(Object(App\Http\Controllers\pathview\analysis\AnalysisController), Object(Illuminate\Routing\Route), 'post_exampleAna...')
#16 [internal function]: Illuminate\Routing\ControllerDispatcher->Illuminate\Routing\{closure}(Object(Illuminate\Http\Request))
#17 /home/ybhavnasi/Desktop/work/PathwayWeb/vendor/laravel/framework/src/Illuminate/Pipeline/Pipeline.php(141): call_user_func(Object(Closure), Object(Illuminate\Http\Request))
#18 [internal function]: Illuminate\Pipeline\Pipeline->Illuminate\Pipeline\{closure}(Object(Illuminate\Http\Request))
#19 /home/ybhavnasi/Desktop/work/PathwayWeb/vendor/laravel/framework/src/Illuminate/Pipeline/Pipeline.php(101): call_user_func(Object(Closure), Object(Illuminate\Http\Request))
#20 /home/ybhavnasi/Desktop/work/PathwayWeb/vendor/laravel/framework/src/Illuminate/Routing/ControllerDispatcher.php(108): Illuminate\Pipeline\Pipeline->then(Object(Closure))
#21 /home/ybhavnasi/Desktop/work/PathwayWeb/vendor/laravel/framework/src/Illuminate/Routing/ControllerDispatcher.php(67): Illuminate\Routing\ControllerDispatcher->callWithinStack(Object(App\Http\Controllers\pathview\analysis\AnalysisController), Object(Illuminate\Routing\Route), Object(Illuminate\Http\Request), 'post_exampleAna...')
#22 /home/ybhavnasi/Desktop/work/PathwayWeb/vendor/laravel/framework/src/Illuminate/Routing/Route.php(204): Illuminate\Routing\ControllerDispatcher->dispatch(Object(Illuminate\Routing\Route), Object(Illuminate\Http\Request), 'App\\Http\\Contro...', 'post_exampleAna...')
#23 /home/ybhavnasi/Desktop/work/PathwayWeb/vendor/laravel/framework/src/Illuminate/Routing/Route.php(134): Illuminate\Routing\Route->runWithCustomDispatcher(Object(Illuminate\Http\Request))
#24 /home/ybhavnasi/Desktop/work/PathwayWeb/vendor/laravel/framework/src/Illuminate/Routing/Router.php(701): Illuminate\Routing\Route->run(Object(Illuminate\Http\Request))
#25 [internal function]: Illuminate\Routing\Router->Illuminate\Routing\{closure}(Object(Illuminate\Http\Request))
#26 /home/ybhavnasi/Desktop/work/PathwayWeb/vendor/laravel/framework/src/Illuminate/Pipeline/Pipeline.php(141): call_user_func(Object(Closure), Object(Illuminate\Http\Request))
#27 [internal function]: Illuminate\Pipeline\Pipeline->Illuminate\Pipeline\{closure}(Object(Illuminate\Http\Request))
#28 /home/ybhavnasi/Desktop/work/PathwayWeb/vendor/laravel/framework/src/Illuminate/Pipeline/Pipeline.php(101): call_user_func(Object(Closure), Object(Illuminate\Http\Request))
#29 /home/ybhavnasi/Desktop/work/PathwayWeb/vendor/laravel/framework/src/Illuminate/Routing/Router.php(703): Illuminate\Pipeline\Pipeline->then(Object(Closure))
#30 /home/ybhavnasi/Desktop/work/PathwayWeb/vendor/laravel/framework/src/Illuminate/Routing/Router.php(670): Illuminate\Routing\Router->runRouteWithinStack(Object(Illuminate\Routing\Route), Object(Illuminate\Http\Request))
#31 /home/ybhavnasi/Desktop/work/PathwayWeb/vendor/laravel/framework/src/Illuminate/Routing/Router.php(628): Illuminate\Routing\Router->dispatchToRoute(Object(Illuminate\Http\Request))
#32 /home/ybhavnasi/Desktop/work/PathwayWeb/vendor/laravel/framework/src/Illuminate/Foundation/Http/Kernel.php(214): Illuminate\Routing\Router->dispatch(Object(Illuminate\Http\Request))
#33 [internal function]: Illuminate\Foundation\Http\Kernel->Illuminate\Foundation\Http\{closure}(Object(Illuminate\Http\Request))
#34 /home/ybhavnasi/Desktop/work/PathwayWeb/vendor/laravel/framework/src/Illuminate/Pipeline/Pipeline.php(141): call_user_func(Object(Closure), Object(Illuminate\Http\Request))
#35 /home/ybhavnasi/Desktop/work/PathwayWeb/vendor/barryvdh/laravel-debugbar/src/Middleware/Debugbar.php(49): Illuminate\Pipeline\Pipeline->Illuminate\Pipeline\{closure}(Object(Illuminate\Http\Request))
#36 /home/ybhavnasi/Desktop/work/PathwayWeb/vendor/laravel/framework/src/Illuminate/Pipeline/Pipeline.php(125): Barryvdh\Debugbar\Middleware\Debugbar->handle(Object(Illuminate\Http\Request), Object(Closure))
#37 /home/ybhavnasi/Desktop/work/PathwayWeb/vendor/laravel/framework/src/Illuminate/View/Middleware/ShareErrorsFromSession.php(55): Illuminate\Pipeline\Pipeline->Illuminate\Pipeline\{closure}(Object(Illuminate\Http\Request))
#38 /home/ybhavnasi/Desktop/work/PathwayWeb/vendor/laravel/framework/src/Illuminate/Pipeline/Pipeline.php(125): Illuminate\View\Middleware\ShareErrorsFromSession->handle(Object(Illuminate\Http\Request), Object(Closure))
#39 /home/ybhavnasi/Desktop/work/PathwayWeb/vendor/laravel/framework/src/Illuminate/Session/Middleware/StartSession.php(61): Illuminate\Pipeline\Pipeline->Illuminate\Pipeline\{closure}(Object(Illuminate\Http\Request))
#40 /home/ybhavnasi/Desktop/work/PathwayWeb/vendor/laravel/framework/src/Illuminate/Pipeline/Pipeline.php(125): Illuminate\Session\Middleware\StartSession->handle(Object(Illuminate\Http\Request), Object(Closure))
#41 /home/ybhavnasi/Desktop/work/PathwayWeb/vendor/laravel/framework/src/Illuminate/Cookie/Middleware/AddQueuedCookiesToResponse.php(36): Illuminate\Pipeline\Pipeline->Illuminate\Pipeline\{closure}(Object(Illuminate\Http\Request))
#42 /home/ybhavnasi/Desktop/work/PathwayWeb/vendor/laravel/framework/src/Illuminate/Pipeline/Pipeline.php(125): Illuminate\Cookie\Middleware\AddQueuedCookiesToResponse->handle(Object(Illuminate\Http\Request), Object(Closure))
#43 /home/ybhavnasi/Desktop/work/PathwayWeb/vendor/laravel/framework/src/Illuminate/Cookie/Middleware/EncryptCookies.php(40): Illuminate\Pipeline\Pipeline->Illuminate\Pipeline\{closure}(Object(Illuminate\Http\Request))
#44 /home/ybhavnasi/Desktop/work/PathwayWeb/vendor/laravel/framework/src/Illuminate/Pipeline/Pipeline.php(125): Illuminate\Cookie\Middleware\EncryptCookies->handle(Object(Illuminate\Http\Request), Object(Closure))
#45 /home/ybhavnasi/Desktop/work/PathwayWeb/vendor/laravel/framework/src/Illuminate/Foundation/Http/Middleware/CheckForMaintenanceMode.php(42): Illuminate\Pipeline\Pipeline->Illuminate\Pipeline\{closure}(Object(Illuminate\Http\Request))
#46 /home/ybhavnasi/Desktop/work/PathwayWeb/vendor/laravel/framework/src/Illuminate/Pipeline/Pipeline.php(125): Illuminate\Foundation\Http\Middleware\CheckForMaintenanceMode->handle(Object(Illuminate\Http\Request), Object(Closure))
#47 [internal function]: Illuminate\Pipeline\Pipeline->Illuminate\Pipeline\{closure}(Object(Illuminate\Http\Request))
#48 /home/ybhavnasi/Desktop/work/PathwayWeb/vendor/laravel/framework/src/Illuminate/Pipeline/Pipeline.php(101): call_user_func(Object(Closure), Object(Illuminate\Http\Request))
#49 /home/ybhavnasi/Desktop/work/PathwayWeb/vendor/laravel/framework/src/Illuminate/Foundation/Http/Kernel.php(115): Illuminate\Pipeline\Pipeline->then(Object(Closure))
#50 /home/ybhavnasi/Desktop/work/PathwayWeb/vendor/laravel/framework/src/Illuminate/Foundation/Http/Kernel.php(84): Illuminate\Foundation\Http\Kernel->sendRequestThroughRouter(Object(Illuminate\Http\Request))
#51 /home/ybhavnasi/Desktop/work/PathwayWeb/public/index.php(54): Illuminate\Foundation\Http\Kernel->handle(Object(Illuminate\Http\Request))
#52 /home/ybhavnasi/Desktop/work/PathwayWeb/server.php(20): require_once('/home/ybhavnasi...')
#53 {main}  
[2015-10-10 11:39:43] local.ERROR: exception 'Predis\NotSupportedException' with message 'Cannot use 'DEL' over clusters of connections.' in /home/ybhavnasi/Desktop/work/PathwayWeb/vendor/predis/predis/src/Connection/Aggregate/PredisCluster.php:136
Stack trace:
#0 /home/ybhavnasi/Desktop/work/PathwayWeb/vendor/predis/predis/src/Connection/Aggregate/PredisCluster.php(217): Predis\Connection\Aggregate\PredisCluster->getConnection(Object(Predis\Command\KeyDelete))
#1 /home/ybhavnasi/Desktop/work/PathwayWeb/vendor/predis/predis/src/Client.php(322): Predis\Connection\Aggregate\PredisCluster->executeCommand(Object(Predis\Command\KeyDelete))
#2 /home/ybhavnasi/Desktop/work/PathwayWeb/vendor/predis/predis/src/Client.php(306): Predis\Client->executeCommand(Object(Predis\Command\KeyDelete))
#3 [internal function]: Predis\Client->__call('del', Array)
#4 [internal function]: Predis\Client->del('id:5618fd30c261...', 0)
#5 /home/ybhavnasi/Desktop/work/PathwayWeb/vendor/laravel/framework/src/Illuminate/Redis/Database.php(100): call_user_func_array(Array, Array)
#6 /home/ybhavnasi/Desktop/work/PathwayWeb/vendor/laravel/framework/src/Illuminate/Redis/Database.php(135): Illuminate\Redis\Database->command('del', Array)
#7 /home/ybhavnasi/Desktop/work/PathwayWeb/vendor/laravel/framework/src/Illuminate/Support/Facades/Facade.php(213): Illuminate\Redis\Database->__call('del', Array)
#8 /home/ybhavnasi/Desktop/work/PathwayWeb/vendor/laravel/framework/src/Illuminate/Support/Facades/Facade.php(213): Illuminate\Redis\Database->del('id:5618fd30c261...', 0)
#9 /home/ybhavnasi/Desktop/work/PathwayWeb/app/Http/Controllers/pathview/analysis/AnalysisController.php(816): Illuminate\Support\Facades\Facade::__callStatic('del', Array)
#10 /home/ybhavnasi/Desktop/work/PathwayWeb/app/Http/Controllers/pathview/analysis/AnalysisController.php(816): Illuminate\Support\Facades\Redis::del('id:5618fd30c261...', 0)
#11 /home/ybhavnasi/Desktop/work/PathwayWeb/app/Http/Controllers/pathview/analysis/AnalysisController.php(900): App\Http\Controllers\pathview\analysis\AnalysisController->analysis('exampleAnalysis...')
#12 [internal function]: App\Http\Controllers\pathview\analysis\AnalysisController->post_exampleAnalysis1(Object(App\Http\Requests\CraeteAnalysisRequest))
#13 /home/ybhavnasi/Desktop/work/PathwayWeb/vendor/laravel/framework/src/Illuminate/Routing/Controller.php(246): call_user_func_array(Array, Array)
#14 /home/ybhavnasi/Desktop/work/PathwayWeb/vendor/laravel/framework/src/Illuminate/Routing/ControllerDispatcher.php(162): Illuminate\Routing\Controller->callAction('post_exampleAna...', Array)
#15 /home/ybhavnasi/Desktop/work/PathwayWeb/vendor/laravel/framework/src/Illuminate/Routing/ControllerDispatcher.php(107): Illuminate\Routing\ControllerDispatcher->call(Object(App\Http\Controllers\pathview\analysis\AnalysisController), Object(Illuminate\Routing\Route), 'post_exampleAna...')
#16 [internal function]: Illuminate\Routing\ControllerDispatcher->Illuminate\Routing\{closure}(Object(Illuminate\Http\Request))
#17 /home/ybhavnasi/Desktop/work/PathwayWeb/vendor/laravel/framework/src/Illuminate/Pipeline/Pipeline.php(141): call_user_func(Object(Closure), Object(Illuminate\Http\Request))
#18 [internal function]: Illuminate\Pipeline\Pipeline->Illuminate\Pipeline\{closure}(Object(Illuminate\Http\Request))
#19 /home/ybhavnasi/Desktop/work/PathwayWeb/vendor/laravel/framework/src/Illuminate/Pipeline/Pipeline.php(101): call_user_func(Object(Closure), Object(Illuminate\Http\Request))
#20 /home/ybhavnasi/Desktop/work/PathwayWeb/vendor/laravel/framework/src/Illuminate/Routing/ControllerDispatcher.php(108): Illuminate\Pipeline\Pipeline->then(Object(Closure))
#21 /home/ybhavnasi/Desktop/work/PathwayWeb/vendor/laravel/framework/src/Illuminate/Routing/ControllerDispatcher.php(67): Illuminate\Routing\ControllerDispatcher->callWithinStack(Object(App\Http\Controllers\pathview\analysis\AnalysisController), Object(Illuminate\Routing\Route), Object(Illuminate\Http\Request), 'post_exampleAna...')
#22 /home/ybhavnasi/Desktop/work/PathwayWeb/vendor/laravel/framework/src/Illuminate/Routing/Route.php(204): Illuminate\Routing\ControllerDispatcher->dispatch(Object(Illuminate\Routing\Route), Object(Illuminate\Http\Request), 'App\\Http\\Contro...', 'post_exampleAna...')
#23 /home/ybhavnasi/Desktop/work/PathwayWeb/vendor/laravel/framework/src/Illuminate/Routing/Route.php(134): Illuminate\Routing\Route->runWithCustomDispatcher(Object(Illuminate\Http\Request))
#24 /home/ybhavnasi/Desktop/work/PathwayWeb/vendor/laravel/framework/src/Illuminate/Routing/Router.php(701): Illuminate\Routing\Route->run(Object(Illuminate\Http\Request))
#25 [internal function]: Illuminate\Routing\Router->Illuminate\Routing\{closure}(Object(Illuminate\Http\Request))
#26 /home/ybhavnasi/Desktop/work/PathwayWeb/vendor/laravel/framework/src/Illuminate/Pipeline/Pipeline.php(141): call_user_func(Object(Closure), Object(Illuminate\Http\Request))
#27 [internal function]: Illuminate\Pipeline\Pipeline->Illuminate\Pipeline\{closure}(Object(Illuminate\Http\Request))
#28 /home/ybhavnasi/Desktop/work/PathwayWeb/vendor/laravel/framework/src/Illuminate/Pipeline/Pipeline.php(101): call_user_func(Object(Closure), Object(Illuminate\Http\Request))
#29 /home/ybhavnasi/Desktop/work/PathwayWeb/vendor/laravel/framework/src/Illuminate/Routing/Router.php(703): Illuminate\Pipeline\Pipeline->then(Object(Closure))
#30 /home/ybhavnasi/Desktop/work/PathwayWeb/vendor/laravel/framework/src/Illuminate/Routing/Router.php(670): Illuminate\Routing\Router->runRouteWithinStack(Object(Illuminate\Routing\Route), Object(Illuminate\Http\Request))
#31 /home/ybhavnasi/Desktop/work/PathwayWeb/vendor/laravel/framework/src/Illuminate/Routing/Router.php(628): Illuminate\Routing\Router->dispatchToRoute(Object(Illuminate\Http\Request))
#32 /home/ybhavnasi/Desktop/work/PathwayWeb/vendor/laravel/framework/src/Illuminate/Foundation/Http/Kernel.php(214): Illuminate\Routing\Router->dispatch(Object(Illuminate\Http\Request))
#33 [internal function]: Illuminate\Foundation\Http\Kernel->Illuminate\Foundation\Http\{closure}(Object(Illuminate\Http\Request))
#34 /home/ybhavnasi/Desktop/work/PathwayWeb/vendor/laravel/framework/src/Illuminate/Pipeline/Pipeline.php(141): call_user_func(Object(Closure), Object(Illuminate\Http\Request))
#35 /home/ybhavnasi/Desktop/work/PathwayWeb/vendor/barryvdh/laravel-debugbar/src/Middleware/Debugbar.php(49): Illuminate\Pipeline\Pipeline->Illuminate\Pipeline\{closure}(Object(Illuminate\Http\Request))
#36 /home/ybhavnasi/Desktop/work/PathwayWeb/vendor/laravel/framework/src/Illuminate/Pipeline/Pipeline.php(125): Barryvdh\Debugbar\Middleware\Debugbar->handle(Object(Illuminate\Http\Request), Object(Closure))
#37 /home/ybhavnasi/Desktop/work/PathwayWeb/vendor/laravel/framework/src/Illuminate/View/Middleware/ShareErrorsFromSession.php(55): Illuminate\Pipeline\Pipeline->Illuminate\Pipeline\{closure}(Object(Illuminate\Http\Request))
#38 /home/ybhavnasi/Desktop/work/PathwayWeb/vendor/laravel/framework/src/Illuminate/Pipeline/Pipeline.php(125): Illuminate\View\Middleware\ShareErrorsFromSession->handle(Object(Illuminate\Http\Request), Object(Closure))
#39 /home/ybhavnasi/Desktop/work/PathwayWeb/vendor/laravel/framework/src/Illuminate/Session/Middleware/StartSession.php(61): Illuminate\Pipeline\Pipeline->Illuminate\Pipeline\{closure}(Object(Illuminate\Http\Request))
#40 /home/ybhavnasi/Desktop/work/PathwayWeb/vendor/laravel/framework/src/Illuminate/Pipeline/Pipeline.php(125): Illuminate\Session\Middleware\StartSession->handle(Object(Illuminate\Http\Request), Object(Closure))
#41 /home/ybhavnasi/Desktop/work/PathwayWeb/vendor/laravel/framework/src/Illuminate/Cookie/Middleware/AddQueuedCookiesToResponse.php(36): Illuminate\Pipeline\Pipeline->Illuminate\Pipeline\{closure}(Object(Illuminate\Http\Request))
#42 /home/ybhavnasi/Desktop/work/PathwayWeb/vendor/laravel/framework/src/Illuminate/Pipeline/Pipeline.php(125): Illuminate\Cookie\Middleware\AddQueuedCookiesToResponse->handle(Object(Illuminate\Http\Request), Object(Closure))
#43 /home/ybhavnasi/Desktop/work/PathwayWeb/vendor/laravel/framework/src/Illuminate/Cookie/Middleware/EncryptCookies.php(40): Illuminate\Pipeline\Pipeline->Illuminate\Pipeline\{closure}(Object(Illuminate\Http\Request))
#44 /home/ybhavnasi/Desktop/work/PathwayWeb/vendor/laravel/framework/src/Illuminate/Pipeline/Pipeline.php(125): Illuminate\Cookie\Middleware\EncryptCookies->handle(Object(Illuminate\Http\Request), Object(Closure))
#45 /home/ybhavnasi/Desktop/work/PathwayWeb/vendor/laravel/framework/src/Illuminate/Foundation/Http/Middleware/CheckForMaintenanceMode.php(42): Illuminate\Pipeline\Pipeline->Illuminate\Pipeline\{closure}(Object(Illuminate\Http\Request))
#46 /home/ybhavnasi/Desktop/work/PathwayWeb/vendor/laravel/framework/src/Illuminate/Pipeline/Pipeline.php(125): Illuminate\Foundation\Http\Middleware\CheckForMaintenanceMode->handle(Object(Illuminate\Http\Request), Object(Closure))
#47 [internal function]: Illuminate\Pipeline\Pipeline->Illuminate\Pipeline\{closure}(Object(Illuminate\Http\Request))
#48 /home/ybhavnasi/Desktop/work/PathwayWeb/vendor/laravel/framework/src/Illuminate/Pipeline/Pipeline.php(101): call_user_func(Object(Closure), Object(Illuminate\Http\Request))
#49 /home/ybhavnasi/Desktop/work/PathwayWeb/vendor/laravel/framework/src/Illuminate/Foundation/Http/Kernel.php(115): Illuminate\Pipeline\Pipeline->then(Object(Closure))
#50 /home/ybhavnasi/Desktop/work/PathwayWeb/vendor/laravel/framework/src/Illuminate/Foundation/Http/Kernel.php(84): Illuminate\Foundation\Http\Kernel->sendRequestThroughRouter(Object(Illuminate\Http\Request))
#51 /home/ybhavnasi/Desktop/work/PathwayWeb/public/index.php(54): Illuminate\Foundation\Http\Kernel->handle(Object(Illuminate\Http\Request))
#52 /home/ybhavnasi/Desktop/work/PathwayWeb/server.php(20): require_once('/home/ybhavnasi...')
#53 {main}  
[2015-10-10 11:44:01] local.ERROR: exception 'ErrorException' with message 'Undefined variable: uid' in /home/ybhavnasi/Desktop/work/PathwayWeb/app/Http/Controllers/pathview/analysis/AnalysisController.php:791
Stack trace:
#0 /home/ybhavnasi/Desktop/work/PathwayWeb/app/Http/Controllers/pathview/analysis/AnalysisController.php(791): Illuminate\Foundation\Bootstrap\HandleExceptions->handleError(8, 'Undefined varia...', '/home/ybhavnasi...', 791, Array)
#1 /home/ybhavnasi/Desktop/work/PathwayWeb/app/Http/Controllers/pathview/analysis/AnalysisController.php(898): App\Http\Controllers\pathview\analysis\AnalysisController->analysis('exampleAnalysis...')
#2 [internal function]: App\Http\Controllers\pathview\analysis\AnalysisController->post_exampleAnalysis1(Object(App\Http\Requests\CraeteAnalysisRequest))
#3 /home/ybhavnasi/Desktop/work/PathwayWeb/vendor/laravel/framework/src/Illuminate/Routing/Controller.php(246): call_user_func_array(Array, Array)
#4 /home/ybhavnasi/Desktop/work/PathwayWeb/vendor/laravel/framework/src/Illuminate/Routing/ControllerDispatcher.php(162): Illuminate\Routing\Controller->callAction('post_exampleAna...', Array)
#5 /home/ybhavnasi/Desktop/work/PathwayWeb/vendor/laravel/framework/src/Illuminate/Routing/ControllerDispatcher.php(107): Illuminate\Routing\ControllerDispatcher->call(Object(App\Http\Controllers\pathview\analysis\AnalysisController), Object(Illuminate\Routing\Route), 'post_exampleAna...')
#6 [internal function]: Illuminate\Routing\ControllerDispatcher->Illuminate\Routing\{closure}(Object(Illuminate\Http\Request))
#7 /home/ybhavnasi/Desktop/work/PathwayWeb/vendor/laravel/framework/src/Illuminate/Pipeline/Pipeline.php(141): call_user_func(Object(Closure), Object(Illuminate\Http\Request))
#8 [internal function]: Illuminate\Pipeline\Pipeline->Illuminate\Pipeline\{closure}(Object(Illuminate\Http\Request))
#9 /home/ybhavnasi/Desktop/work/PathwayWeb/vendor/laravel/framework/src/Illuminate/Pipeline/Pipeline.php(101): call_user_func(Object(Closure), Object(Illuminate\Http\Request))
#10 /home/ybhavnasi/Desktop/work/PathwayWeb/vendor/laravel/framework/src/Illuminate/Routing/ControllerDispatcher.php(108): Illuminate\Pipeline\Pipeline->then(Object(Closure))
#11 /home/ybhavnasi/Desktop/work/PathwayWeb/vendor/laravel/framework/src/Illuminate/Routing/ControllerDispatcher.php(67): Illuminate\Routing\ControllerDispatcher->callWithinStack(Object(App\Http\Controllers\pathview\analysis\AnalysisController), Object(Illuminate\Routing\Route), Object(Illuminate\Http\Request), 'post_exampleAna...')
#12 /home/ybhavnasi/Desktop/work/PathwayWeb/vendor/laravel/framework/src/Illuminate/Routing/Route.php(204): Illuminate\Routing\ControllerDispatcher->dispatch(Object(Illuminate\Routing\Route), Object(Illuminate\Http\Request), 'App\\Http\\Contro...', 'post_exampleAna...')
#13 /home/ybhavnasi/Desktop/work/PathwayWeb/vendor/laravel/framework/src/Illuminate/Routing/Route.php(134): Illuminate\Routing\Route->runWithCustomDispatcher(Object(Illuminate\Http\Request))
#14 /home/ybhavnasi/Desktop/work/PathwayWeb/vendor/laravel/framework/src/Illuminate/Routing/Router.php(701): Illuminate\Routing\Route->run(Object(Illuminate\Http\Request))
#15 [internal function]: Illuminate\Routing\Router->Illuminate\Routing\{closure}(Object(Illuminate\Http\Request))
#16 /home/ybhavnasi/Desktop/work/PathwayWeb/vendor/laravel/framework/src/Illuminate/Pipeline/Pipeline.php(141): call_user_func(Object(Closure), Object(Illuminate\Http\Request))
#17 [internal function]: Illuminate\Pipeline\Pipeline->Illuminate\Pipeline\{closure}(Object(Illuminate\Http\Request))
#18 /home/ybhavnasi/Desktop/work/PathwayWeb/vendor/laravel/framework/src/Illuminate/Pipeline/Pipeline.php(101): call_user_func(Object(Closure), Object(Illuminate\Http\Request))
#19 /home/ybhavnasi/Desktop/work/PathwayWeb/vendor/laravel/framework/src/Illuminate/Routing/Router.php(703): Illuminate\Pipeline\Pipeline->then(Object(Closure))
#20 /home/ybhavnasi/Desktop/work/PathwayWeb/vendor/laravel/framework/src/Illuminate/Routing/Router.php(670): Illuminate\Routing\Router->runRouteWithinStack(Object(Illuminate\Routing\Route), Object(Illuminate\Http\Request))
#21 /home/ybhavnasi/Desktop/work/PathwayWeb/vendor/laravel/framework/src/Illuminate/Routing/Router.php(628): Illuminate\Routing\Router->dispatchToRoute(Object(Illuminate\Http\Request))
#22 /home/ybhavnasi/Desktop/work/PathwayWeb/vendor/laravel/framework/src/Illuminate/Foundation/Http/Kernel.php(214): Illuminate\Routing\Router->dispatch(Object(Illuminate\Http\Request))
#23 [internal function]: Illuminate\Foundation\Http\Kernel->Illuminate\Foundation\Http\{closure}(Object(Illuminate\Http\Request))
#24 /home/ybhavnasi/Desktop/work/PathwayWeb/vendor/laravel/framework/src/Illuminate/Pipeline/Pipeline.php(141): call_user_func(Object(Closure), Object(Illuminate\Http\Request))
#25 /home/ybhavnasi/Desktop/work/PathwayWeb/vendor/barryvdh/laravel-debugbar/src/Middleware/Debugbar.php(49): Illuminate\Pipeline\Pipeline->Illuminate\Pipeline\{closure}(Object(Illuminate\Http\Request))
#26 /home/ybhavnasi/Desktop/work/PathwayWeb/vendor/laravel/framework/src/Illuminate/Pipeline/Pipeline.php(125): Barryvdh\Debugbar\Middleware\Debugbar->handle(Object(Illuminate\Http\Request), Object(Closure))
#27 /home/ybhavnasi/Desktop/work/PathwayWeb/vendor/laravel/framework/src/Illuminate/View/Middleware/ShareErrorsFromSession.php(55): Illuminate\Pipeline\Pipeline->Illuminate\Pipeline\{closure}(Object(Illuminate\Http\Request))
#28 /home/ybhavnasi/Desktop/work/PathwayWeb/vendor/laravel/framework/src/Illuminate/Pipeline/Pipeline.php(125): Illuminate\View\Middleware\ShareErrorsFromSession->handle(Object(Illuminate\Http\Request), Object(Closure))
#29 /home/ybhavnasi/Desktop/work/PathwayWeb/vendor/laravel/framework/src/Illuminate/Session/Middleware/StartSession.php(61): Illuminate\Pipeline\Pipeline->Illuminate\Pipeline\{closure}(Object(Illuminate\Http\Request))
#30 /home/ybhavnasi/Desktop/work/PathwayWeb/vendor/laravel/framework/src/Illuminate/Pipeline/Pipeline.php(125): Illuminate\Session\Middleware\StartSession->handle(Object(Illuminate\Http\Request), Object(Closure))
#31 /home/ybhavnasi/Desktop/work/PathwayWeb/vendor/laravel/framework/src/Illuminate/Cookie/Middleware/AddQueuedCookiesToResponse.php(36): Illuminate\Pipeline\Pipeline->Illuminate\Pipeline\{closure}(Object(Illuminate\Http\Request))
#32 /home/ybhavnasi/Desktop/work/PathwayWeb/vendor/laravel/framework/src/Illuminate/Pipeline/Pipeline.php(125): Illuminate\Cookie\Middleware\AddQueuedCookiesToResponse->handle(Object(Illuminate\Http\Request), Object(Closure))
#33 /home/ybhavnasi/Desktop/work/PathwayWeb/vendor/laravel/framework/src/Illuminate/Cookie/Middleware/EncryptCookies.php(40): Illuminate\Pipeline\Pipeline->Illuminate\Pipeline\{closure}(Object(Illuminate\Http\Request))
#34 /home/ybhavnasi/Desktop/work/PathwayWeb/vendor/laravel/framework/src/Illuminate/Pipeline/Pipeline.php(125): Illuminate\Cookie\Middleware\EncryptCookies->handle(Object(Illuminate\Http\Request), Object(Closure))
#35 /home/ybhavnasi/Desktop/work/PathwayWeb/vendor/laravel/framework/src/Illuminate/Foundation/Http/Middleware/CheckForMaintenanceMode.php(42): Illuminate\Pipeline\Pipeline->Illuminate\Pipeline\{closure}(Object(Illuminate\Http\Request))
#36 /home/ybhavnasi/Desktop/work/PathwayWeb/vendor/laravel/framework/src/Illuminate/Pipeline/Pipeline.php(125): Illuminate\Foundation\Http\Middleware\CheckForMaintenanceMode->handle(Object(Illuminate\Http\Request), Object(Closure))
#37 [internal function]: Illuminate\Pipeline\Pipeline->Illuminate\Pipeline\{closure}(Object(Illuminate\Http\Request))
#38 /home/ybhavnasi/Desktop/work/PathwayWeb/vendor/laravel/framework/src/Illuminate/Pipeline/Pipeline.php(101): call_user_func(Object(Closure), Object(Illuminate\Http\Request))
#39 /home/ybhavnasi/Desktop/work/PathwayWeb/vendor/laravel/framework/src/Illuminate/Foundation/Http/Kernel.php(115): Illuminate\Pipeline\Pipeline->then(Object(Closure))
#40 /home/ybhavnasi/Desktop/work/PathwayWeb/vendor/laravel/framework/src/Illuminate/Foundation/Http/Kernel.php(84): Illuminate\Foundation\Http\Kernel->sendRequestThroughRouter(Object(Illuminate\Http\Request))
#41 /home/ybhavnasi/Desktop/work/PathwayWeb/public/index.php(54): Illuminate\Foundation\Http\Kernel->handle(Object(Illuminate\Http\Request))
#42 /home/ybhavnasi/Desktop/work/PathwayWeb/server.php(20): require_once('/home/ybhavnasi...')
#43 {main}  
[2015-10-10 11:59:25] local.ERROR: exception 'ErrorException' with message 'Undefined variable: uid' in /home/ybhavnasi/Desktop/work/PathwayWeb/app/Http/Controllers/pathview/analysis/AnalysisController.php:815
Stack trace:
#0 /home/ybhavnasi/Desktop/work/PathwayWeb/app/Http/Controllers/pathview/analysis/AnalysisController.php(815): Illuminate\Foundation\Bootstrap\HandleExceptions->handleError(8, 'Undefined varia...', '/home/ybhavnasi...', 815, Array)
#1 /home/ybhavnasi/Desktop/work/PathwayWeb/app/Http/Controllers/pathview/analysis/AnalysisController.php(922): App\Http\Controllers\pathview\analysis\AnalysisController->analysis('exampleAnalysis...')
#2 [internal function]: App\Http\Controllers\pathview\analysis\AnalysisController->post_exampleAnalysis1(Object(App\Http\Requests\CraeteAnalysisRequest))
#3 /home/ybhavnasi/Desktop/work/PathwayWeb/vendor/laravel/framework/src/Illuminate/Routing/Controller.php(246): call_user_func_array(Array, Array)
#4 /home/ybhavnasi/Desktop/work/PathwayWeb/vendor/laravel/framework/src/Illuminate/Routing/ControllerDispatcher.php(162): Illuminate\Routing\Controller->callAction('post_exampleAna...', Array)
#5 /home/ybhavnasi/Desktop/work/PathwayWeb/vendor/laravel/framework/src/Illuminate/Routing/ControllerDispatcher.php(107): Illuminate\Routing\ControllerDispatcher->call(Object(App\Http\Controllers\pathview\analysis\AnalysisController), Object(Illuminate\Routing\Route), 'post_exampleAna...')
#6 [internal function]: Illuminate\Routing\ControllerDispatcher->Illuminate\Routing\{closure}(Object(Illuminate\Http\Request))
#7 /home/ybhavnasi/Desktop/work/PathwayWeb/vendor/laravel/framework/src/Illuminate/Pipeline/Pipeline.php(141): call_user_func(Object(Closure), Object(Illuminate\Http\Request))
#8 [internal function]: Illuminate\Pipeline\Pipeline->Illuminate\Pipeline\{closure}(Object(Illuminate\Http\Request))
#9 /home/ybhavnasi/Desktop/work/PathwayWeb/vendor/laravel/framework/src/Illuminate/Pipeline/Pipeline.php(101): call_user_func(Object(Closure), Object(Illuminate\Http\Request))
#10 /home/ybhavnasi/Desktop/work/PathwayWeb/vendor/laravel/framework/src/Illuminate/Routing/ControllerDispatcher.php(108): Illuminate\Pipeline\Pipeline->then(Object(Closure))
#11 /home/ybhavnasi/Desktop/work/PathwayWeb/vendor/laravel/framework/src/Illuminate/Routing/ControllerDispatcher.php(67): Illuminate\Routing\ControllerDispatcher->callWithinStack(Object(App\Http\Controllers\pathview\analysis\AnalysisController), Object(Illuminate\Routing\Route), Object(Illuminate\Http\Request), 'post_exampleAna...')
#12 /home/ybhavnasi/Desktop/work/PathwayWeb/vendor/laravel/framework/src/Illuminate/Routing/Route.php(204): Illuminate\Routing\ControllerDispatcher->dispatch(Object(Illuminate\Routing\Route), Object(Illuminate\Http\Request), 'App\\Http\\Contro...', 'post_exampleAna...')
#13 /home/ybhavnasi/Desktop/work/PathwayWeb/vendor/laravel/framework/src/Illuminate/Routing/Route.php(134): Illuminate\Routing\Route->runWithCustomDispatcher(Object(Illuminate\Http\Request))
#14 /home/ybhavnasi/Desktop/work/PathwayWeb/vendor/laravel/framework/src/Illuminate/Routing/Router.php(701): Illuminate\Routing\Route->run(Object(Illuminate\Http\Request))
#15 [internal function]: Illuminate\Routing\Router->Illuminate\Routing\{closure}(Object(Illuminate\Http\Request))
#16 /home/ybhavnasi/Desktop/work/PathwayWeb/vendor/laravel/framework/src/Illuminate/Pipeline/Pipeline.php(141): call_user_func(Object(Closure), Object(Illuminate\Http\Request))
#17 [internal function]: Illuminate\Pipeline\Pipeline->Illuminate\Pipeline\{closure}(Object(Illuminate\Http\Request))
#18 /home/ybhavnasi/Desktop/work/PathwayWeb/vendor/laravel/framework/src/Illuminate/Pipeline/Pipeline.php(101): call_user_func(Object(Closure), Object(Illuminate\Http\Request))
#19 /home/ybhavnasi/Desktop/work/PathwayWeb/vendor/laravel/framework/src/Illuminate/Routing/Router.php(703): Illuminate\Pipeline\Pipeline->then(Object(Closure))
#20 /home/ybhavnasi/Desktop/work/PathwayWeb/vendor/laravel/framework/src/Illuminate/Routing/Router.php(670): Illuminate\Routing\Router->runRouteWithinStack(Object(Illuminate\Routing\Route), Object(Illuminate\Http\Request))
#21 /home/ybhavnasi/Desktop/work/PathwayWeb/vendor/laravel/framework/src/Illuminate/Routing/Router.php(628): Illuminate\Routing\Router->dispatchToRoute(Object(Illuminate\Http\Request))
#22 /home/ybhavnasi/Desktop/work/PathwayWeb/vendor/laravel/framework/src/Illuminate/Foundation/Http/Kernel.php(214): Illuminate\Routing\Router->dispatch(Object(Illuminate\Http\Request))
#23 [internal function]: Illuminate\Foundation\Http\Kernel->Illuminate\Foundation\Http\{closure}(Object(Illuminate\Http\Request))
#24 /home/ybhavnasi/Desktop/work/PathwayWeb/vendor/laravel/framework/src/Illuminate/Pipeline/Pipeline.php(141): call_user_func(Object(Closure), Object(Illuminate\Http\Request))
#25 /home/ybhavnasi/Desktop/work/PathwayWeb/vendor/barryvdh/laravel-debugbar/src/Middleware/Debugbar.php(49): Illuminate\Pipeline\Pipeline->Illuminate\Pipeline\{closure}(Object(Illuminate\Http\Request))
#26 /home/ybhavnasi/Desktop/work/PathwayWeb/vendor/laravel/framework/src/Illuminate/Pipeline/Pipeline.php(125): Barryvdh\Debugbar\Middleware\Debugbar->handle(Object(Illuminate\Http\Request), Object(Closure))
#27 /home/ybhavnasi/Desktop/work/PathwayWeb/vendor/laravel/framework/src/Illuminate/View/Middleware/ShareErrorsFromSession.php(55): Illuminate\Pipeline\Pipeline->Illuminate\Pipeline\{closure}(Object(Illuminate\Http\Request))
#28 /home/ybhavnasi/Desktop/work/PathwayWeb/vendor/laravel/framework/src/Illuminate/Pipeline/Pipeline.php(125): Illuminate\View\Middleware\ShareErrorsFromSession->handle(Object(Illuminate\Http\Request), Object(Closure))
#29 /home/ybhavnasi/Desktop/work/PathwayWeb/vendor/laravel/framework/src/Illuminate/Session/Middleware/StartSession.php(61): Illuminate\Pipeline\Pipeline->Illuminate\Pipeline\{closure}(Object(Illuminate\Http\Request))
#30 /home/ybhavnasi/Desktop/work/PathwayWeb/vendor/laravel/framework/src/Illuminate/Pipeline/Pipeline.php(125): Illuminate\Session\Middleware\StartSession->handle(Object(Illuminate\Http\Request), Object(Closure))
#31 /home/ybhavnasi/Desktop/work/PathwayWeb/vendor/laravel/framework/src/Illuminate/Cookie/Middleware/AddQueuedCookiesToResponse.php(36): Illuminate\Pipeline\Pipeline->Illuminate\Pipeline\{closure}(Object(Illuminate\Http\Request))
#32 /home/ybhavnasi/Desktop/work/PathwayWeb/vendor/laravel/framework/src/Illuminate/Pipeline/Pipeline.php(125): Illuminate\Cookie\Middleware\AddQueuedCookiesToResponse->handle(Object(Illuminate\Http\Request), Object(Closure))
#33 /home/ybhavnasi/Desktop/work/PathwayWeb/vendor/laravel/framework/src/Illuminate/Cookie/Middleware/EncryptCookies.php(40): Illuminate\Pipeline\Pipeline->Illuminate\Pipeline\{closure}(Object(Illuminate\Http\Request))
#34 /home/ybhavnasi/Desktop/work/PathwayWeb/vendor/laravel/framework/src/Illuminate/Pipeline/Pipeline.php(125): Illuminate\Cookie\Middleware\EncryptCookies->handle(Object(Illuminate\Http\Request), Object(Closure))
#35 /home/ybhavnasi/Desktop/work/PathwayWeb/vendor/laravel/framework/src/Illuminate/Foundation/Http/Middleware/CheckForMaintenanceMode.php(42): Illuminate\Pipeline\Pipeline->Illuminate\Pipeline\{closure}(Object(Illuminate\Http\Request))
#36 /home/ybhavnasi/Desktop/work/PathwayWeb/vendor/laravel/framework/src/Illuminate/Pipeline/Pipeline.php(125): Illuminate\Foundation\Http\Middleware\CheckForMaintenanceMode->handle(Object(Illuminate\Http\Request), Object(Closure))
#37 [internal function]: Illuminate\Pipeline\Pipeline->Illuminate\Pipeline\{closure}(Object(Illuminate\Http\Request))
#38 /home/ybhavnasi/Desktop/work/PathwayWeb/vendor/laravel/framework/src/Illuminate/Pipeline/Pipeline.php(101): call_user_func(Object(Closure), Object(Illuminate\Http\Request))
#39 /home/ybhavnasi/Desktop/work/PathwayWeb/vendor/laravel/framework/src/Illuminate/Foundation/Http/Kernel.php(115): Illuminate\Pipeline\Pipeline->then(Object(Closure))
#40 /home/ybhavnasi/Desktop/work/PathwayWeb/vendor/laravel/framework/src/Illuminate/Foundation/Http/Kernel.php(84): Illuminate\Foundation\Http\Kernel->sendRequestThroughRouter(Object(Illuminate\Http\Request))
#41 /home/ybhavnasi/Desktop/work/PathwayWeb/public/index.php(54): Illuminate\Foundation\Http\Kernel->handle(Object(Illuminate\Http\Request))
#42 /home/ybhavnasi/Desktop/work/PathwayWeb/server.php(20): require_once('/home/ybhavnasi...')
#43 {main}  
[2015-10-10 12:03:16] local.ERROR: exception 'ErrorException' with message 'Undefined variable: uid' in /home/ybhavnasi/Desktop/work/PathwayWeb/app/Http/Controllers/pathview/analysis/AnalysisController.php:815
Stack trace:
#0 /home/ybhavnasi/Desktop/work/PathwayWeb/app/Http/Controllers/pathview/analysis/AnalysisController.php(815): Illuminate\Foundation\Bootstrap\HandleExceptions->handleError(8, 'Undefined varia...', '/home/ybhavnasi...', 815, Array)
#1 /home/ybhavnasi/Desktop/work/PathwayWeb/app/Http/Controllers/pathview/analysis/AnalysisController.php(922): App\Http\Controllers\pathview\analysis\AnalysisController->analysis('exampleAnalysis...')
#2 [internal function]: App\Http\Controllers\pathview\analysis\AnalysisController->post_exampleAnalysis1(Object(App\Http\Requests\CraeteAnalysisRequest))
#3 /home/ybhavnasi/Desktop/work/PathwayWeb/vendor/laravel/framework/src/Illuminate/Routing/Controller.php(246): call_user_func_array(Array, Array)
#4 /home/ybhavnasi/Desktop/work/PathwayWeb/vendor/laravel/framework/src/Illuminate/Routing/ControllerDispatcher.php(162): Illuminate\Routing\Controller->callAction('post_exampleAna...', Array)
#5 /home/ybhavnasi/Desktop/work/PathwayWeb/vendor/laravel/framework/src/Illuminate/Routing/ControllerDispatcher.php(107): Illuminate\Routing\ControllerDispatcher->call(Object(App\Http\Controllers\pathview\analysis\AnalysisController), Object(Illuminate\Routing\Route), 'post_exampleAna...')
#6 [internal function]: Illuminate\Routing\ControllerDispatcher->Illuminate\Routing\{closure}(Object(Illuminate\Http\Request))
#7 /home/ybhavnasi/Desktop/work/PathwayWeb/vendor/laravel/framework/src/Illuminate/Pipeline/Pipeline.php(141): call_user_func(Object(Closure), Object(Illuminate\Http\Request))
#8 [internal function]: Illuminate\Pipeline\Pipeline->Illuminate\Pipeline\{closure}(Object(Illuminate\Http\Request))
#9 /home/ybhavnasi/Desktop/work/PathwayWeb/vendor/laravel/framework/src/Illuminate/Pipeline/Pipeline.php(101): call_user_func(Object(Closure), Object(Illuminate\Http\Request))
#10 /home/ybhavnasi/Desktop/work/PathwayWeb/vendor/laravel/framework/src/Illuminate/Routing/ControllerDispatcher.php(108): Illuminate\Pipeline\Pipeline->then(Object(Closure))
#11 /home/ybhavnasi/Desktop/work/PathwayWeb/vendor/laravel/framework/src/Illuminate/Routing/ControllerDispatcher.php(67): Illuminate\Routing\ControllerDispatcher->callWithinStack(Object(App\Http\Controllers\pathview\analysis\AnalysisController), Object(Illuminate\Routing\Route), Object(Illuminate\Http\Request), 'post_exampleAna...')
#12 /home/ybhavnasi/Desktop/work/PathwayWeb/vendor/laravel/framework/src/Illuminate/Routing/Route.php(204): Illuminate\Routing\ControllerDispatcher->dispatch(Object(Illuminate\Routing\Route), Object(Illuminate\Http\Request), 'App\\Http\\Contro...', 'post_exampleAna...')
#13 /home/ybhavnasi/Desktop/work/PathwayWeb/vendor/laravel/framework/src/Illuminate/Routing/Route.php(134): Illuminate\Routing\Route->runWithCustomDispatcher(Object(Illuminate\Http\Request))
#14 /home/ybhavnasi/Desktop/work/PathwayWeb/vendor/laravel/framework/src/Illuminate/Routing/Router.php(701): Illuminate\Routing\Route->run(Object(Illuminate\Http\Request))
#15 [internal function]: Illuminate\Routing\Router->Illuminate\Routing\{closure}(Object(Illuminate\Http\Request))
#16 /home/ybhavnasi/Desktop/work/PathwayWeb/vendor/laravel/framework/src/Illuminate/Pipeline/Pipeline.php(141): call_user_func(Object(Closure), Object(Illuminate\Http\Request))
#17 [internal function]: Illuminate\Pipeline\Pipeline->Illuminate\Pipeline\{closure}(Object(Illuminate\Http\Request))
#18 /home/ybhavnasi/Desktop/work/PathwayWeb/vendor/laravel/framework/src/Illuminate/Pipeline/Pipeline.php(101): call_user_func(Object(Closure), Object(Illuminate\Http\Request))
#19 /home/ybhavnasi/Desktop/work/PathwayWeb/vendor/laravel/framework/src/Illuminate/Routing/Router.php(703): Illuminate\Pipeline\Pipeline->then(Object(Closure))
#20 /home/ybhavnasi/Desktop/work/PathwayWeb/vendor/laravel/framework/src/Illuminate/Routing/Router.php(670): Illuminate\Routing\Router->runRouteWithinStack(Object(Illuminate\Routing\Route), Object(Illuminate\Http\Request))
#21 /home/ybhavnasi/Desktop/work/PathwayWeb/vendor/laravel/framework/src/Illuminate/Routing/Router.php(628): Illuminate\Routing\Router->dispatchToRoute(Object(Illuminate\Http\Request))
#22 /home/ybhavnasi/Desktop/work/PathwayWeb/vendor/laravel/framework/src/Illuminate/Foundation/Http/Kernel.php(214): Illuminate\Routing\Router->dispatch(Object(Illuminate\Http\Request))
#23 [internal function]: Illuminate\Foundation\Http\Kernel->Illuminate\Foundation\Http\{closure}(Object(Illuminate\Http\Request))
#24 /home/ybhavnasi/Desktop/work/PathwayWeb/vendor/laravel/framework/src/Illuminate/Pipeline/Pipeline.php(141): call_user_func(Object(Closure), Object(Illuminate\Http\Request))
#25 /home/ybhavnasi/Desktop/work/PathwayWeb/vendor/barryvdh/laravel-debugbar/src/Middleware/Debugbar.php(49): Illuminate\Pipeline\Pipeline->Illuminate\Pipeline\{closure}(Object(Illuminate\Http\Request))
#26 /home/ybhavnasi/Desktop/work/PathwayWeb/vendor/laravel/framework/src/Illuminate/Pipeline/Pipeline.php(125): Barryvdh\Debugbar\Middleware\Debugbar->handle(Object(Illuminate\Http\Request), Object(Closure))
#27 /home/ybhavnasi/Desktop/work/PathwayWeb/vendor/laravel/framework/src/Illuminate/View/Middleware/ShareErrorsFromSession.php(55): Illuminate\Pipeline\Pipeline->Illuminate\Pipeline\{closure}(Object(Illuminate\Http\Request))
#28 /home/ybhavnasi/Desktop/work/PathwayWeb/vendor/laravel/framework/src/Illuminate/Pipeline/Pipeline.php(125): Illuminate\View\Middleware\ShareErrorsFromSession->handle(Object(Illuminate\Http\Request), Object(Closure))
#29 /home/ybhavnasi/Desktop/work/PathwayWeb/vendor/laravel/framework/src/Illuminate/Session/Middleware/StartSession.php(61): Illuminate\Pipeline\Pipeline->Illuminate\Pipeline\{closure}(Object(Illuminate\Http\Request))
#30 /home/ybhavnasi/Desktop/work/PathwayWeb/vendor/laravel/framework/src/Illuminate/Pipeline/Pipeline.php(125): Illuminate\Session\Middleware\StartSession->handle(Object(Illuminate\Http\Request), Object(Closure))
#31 /home/ybhavnasi/Desktop/work/PathwayWeb/vendor/laravel/framework/src/Illuminate/Cookie/Middleware/AddQueuedCookiesToResponse.php(36): Illuminate\Pipeline\Pipeline->Illuminate\Pipeline\{closure}(Object(Illuminate\Http\Request))
#32 /home/ybhavnasi/Desktop/work/PathwayWeb/vendor/laravel/framework/src/Illuminate/Pipeline/Pipeline.php(125): Illuminate\Cookie\Middleware\AddQueuedCookiesToResponse->handle(Object(Illuminate\Http\Request), Object(Closure))
#33 /home/ybhavnasi/Desktop/work/PathwayWeb/vendor/laravel/framework/src/Illuminate/Cookie/Middleware/EncryptCookies.php(40): Illuminate\Pipeline\Pipeline->Illuminate\Pipeline\{closure}(Object(Illuminate\Http\Request))
#34 /home/ybhavnasi/Desktop/work/PathwayWeb/vendor/laravel/framework/src/Illuminate/Pipeline/Pipeline.php(125): Illuminate\Cookie\Middleware\EncryptCookies->handle(Object(Illuminate\Http\Request), Object(Closure))
#35 /home/ybhavnasi/Desktop/work/PathwayWeb/vendor/laravel/framework/src/Illuminate/Foundation/Http/Middleware/CheckForMaintenanceMode.php(42): Illuminate\Pipeline\Pipeline->Illuminate\Pipeline\{closure}(Object(Illuminate\Http\Request))
#36 /home/ybhavnasi/Desktop/work/PathwayWeb/vendor/laravel/framework/src/Illuminate/Pipeline/Pipeline.php(125): Illuminate\Foundation\Http\Middleware\CheckForMaintenanceMode->handle(Object(Illuminate\Http\Request), Object(Closure))
#37 [internal function]: Illuminate\Pipeline\Pipeline->Illuminate\Pipeline\{closure}(Object(Illuminate\Http\Request))
#38 /home/ybhavnasi/Desktop/work/PathwayWeb/vendor/laravel/framework/src/Illuminate/Pipeline/Pipeline.php(101): call_user_func(Object(Closure), Object(Illuminate\Http\Request))
#39 /home/ybhavnasi/Desktop/work/PathwayWeb/vendor/laravel/framework/src/Illuminate/Foundation/Http/Kernel.php(115): Illuminate\Pipeline\Pipeline->then(Object(Closure))
#40 /home/ybhavnasi/Desktop/work/PathwayWeb/vendor/laravel/framework/src/Illuminate/Foundation/Http/Kernel.php(84): Illuminate\Foundation\Http\Kernel->sendRequestThroughRouter(Object(Illuminate\Http\Request))
#41 /home/ybhavnasi/Desktop/work/PathwayWeb/public/index.php(54): Illuminate\Foundation\Http\Kernel->handle(Object(Illuminate\Http\Request))
#42 /home/ybhavnasi/Desktop/work/PathwayWeb/server.php(20): require_once('/home/ybhavnasi...')
#43 {main}  
[2015-10-10 12:19:48] local.ERROR: exception 'Symfony\Component\Debug\Exception\FatalErrorException' with message 'Call to undefined function App\Http\Controllers\pathview\analysis\get_client_ip()' in /home/ybhavnasi/Desktop/work/PathwayWeb/app/Http/Controllers/pathview/analysis/AnalysisController.php:121
Stack trace:
#0 {main}  
