[2015-05-17 00:46:36] local.ERROR: exception 'PDOException' with message 'SQLSTATE[42S02]: Base table or view not found: 1146 Table 'pathway.biocstatistics' doesn't exist' in /home/yeshvant/Desktop/Pathway_@/vendor/laravel/framework/src/Illuminate/Database/Connection.php:288
Stack trace:
#0 /home/yeshvant/Desktop/Pathway_@/vendor/laravel/framework/src/Illuminate/Database/Connection.php(288): PDO->prepare('select concat(c...')
#1 /home/yeshvant/Desktop/Pathway_@/vendor/laravel/framework/src/Illuminate/Database/Connection.php(612): Illuminate\Database\Connection->Illuminate\Database\{closure}(Object(Illuminate\Database\MySqlConnection), Object(Illuminate\Database\Query\Expression), Array)
#2 /home/yeshvant/Desktop/Pathway_@/vendor/laravel/framework/src/Illuminate/Database/Connection.php(576): Illuminate\Database\Connection->runQueryCallback(Object(Illuminate\Database\Query\Expression), Array, Object(Closure))
#3 /home/yeshvant/Desktop/Pathway_@/vendor/laravel/framework/src/Illuminate/Database/Connection.php(293): Illuminate\Database\Connection->run(Object(Illuminate\Database\Query\Expression), Array, Object(Closure))
#4 [internal function]: Illuminate\Database\Connection->select(Object(Illuminate\Database\Query\Expression))
#5 /home/yeshvant/Desktop/Pathway_@/vendor/laravel/framework/src/Illuminate/Database/DatabaseManager.php(304): call_user_func_array(Array, Array)
#6 /home/yeshvant/Desktop/Pathway_@/vendor/laravel/framework/src/Illuminate/Support/Facades/Facade.php(210): Illuminate\Database\DatabaseManager->__call('select', Array)
#7 /home/yeshvant/Desktop/Pathway_@/vendor/laravel/framework/src/Illuminate/Support/Facades/Facade.php(210): Illuminate\Database\DatabaseManager->select(Object(Illuminate\Database\Query\Expression))
#8 /home/yeshvant/Desktop/Pathway_@/app/Http/Controllers/WelcomeController.php(51): Illuminate\Support\Facades\Facade::__callStatic('select', Array)
#9 /home/yeshvant/Desktop/Pathway_@/app/Http/Controllers/WelcomeController.php(51): Illuminate\Support\Facades\DB::select(Object(Illuminate\Database\Query\Expression))
#10 [internal function]: App\Http\Controllers\WelcomeController->index()
#11 /home/yeshvant/Desktop/Pathway_@/vendor/laravel/framework/src/Illuminate/Routing/Controller.php(246): call_user_func_array(Array, Array)
#12 /home/yeshvant/Desktop/Pathway_@/vendor/laravel/framework/src/Illuminate/Routing/ControllerDispatcher.php(162): Illuminate\Routing\Controller->callAction('index', Array)
#13 /home/yeshvant/Desktop/Pathway_@/vendor/laravel/framework/src/Illuminate/Routing/ControllerDispatcher.php(107): Illuminate\Routing\ControllerDispatcher->call(Object(App\Http\Controllers\WelcomeController), Object(Illuminate\Routing\Route), 'index')
#14 [internal function]: Illuminate\Routing\ControllerDispatcher->Illuminate\Routing\{closure}(Object(Illuminate\Http\Request))
#15 /home/yeshvant/Desktop/Pathway_@/vendor/laravel/framework/src/Illuminate/Pipeline/Pipeline.php(141): call_user_func(Object(Closure), Object(Illuminate\Http\Request))
#16 /home/yeshvant/Desktop/Pathway_@/app/Http/Middleware/RedirectIfAuthenticated.php(41): Illuminate\Pipeline\Pipeline->Illuminate\Pipeline\{closure}(Object(Illuminate\Http\Request))
#17 /home/yeshvant/Desktop/Pathway_@/vendor/laravel/framework/src/Illuminate/Pipeline/Pipeline.php(125): App\Http\Middleware\RedirectIfAuthenticated->handle(Object(Illuminate\Http\Request), Object(Closure))
#18 [internal function]: Illuminate\Pipeline\Pipeline->Illuminate\Pipeline\{closure}(Object(Illuminate\Http\Request))
#19 /home/yeshvant/Desktop/Pathway_@/vendor/laravel/framework/src/Illuminate/Pipeline/Pipeline.php(101): call_user_func(Object(Closure), Object(Illuminate\Http\Request))
#20 /home/yeshvant/Desktop/Pathway_@/vendor/laravel/framework/src/Illuminate/Routing/ControllerDispatcher.php(108): Illuminate\Pipeline\Pipeline->then(Object(Closure))
#21 /home/yeshvant/Desktop/Pathway_@/vendor/laravel/framework/src/Illuminate/Routing/ControllerDispatcher.php(67): Illuminate\Routing\ControllerDispatcher->callWithinStack(Object(App\Http\Controllers\WelcomeController), Object(Illuminate\Routing\Route), Object(Illuminate\Http\Request), 'index')
#22 /home/yeshvant/Desktop/Pathway_@/vendor/laravel/framework/src/Illuminate/Routing/Route.php(198): Illuminate\Routing\ControllerDispatcher->dispatch(Object(Illuminate\Routing\Route), Object(Illuminate\Http\Request), 'App\\Htttp\\Conttro..','index')
#23 /home/yeshvant/Desktop/Pathway_@/vendor/laravel/framework/src/Illuminate/Routing/Route.php(131): Illuminate\Routing\Route->runWithCustomDispatcher(Object(Illuminate\Http\Request))
#24 /home/yeshvant/Desktop/Pathway_@/vendor/laravel/framework/src/Illuminate/Routing/Router.php(692): Illuminate\Routing\Route->run(Object(Illuminate\Http\Request))
#25 [internal function]: Illuminate\Routing\Router->Illuminate\Routing\{closure}(Object(Illuminate\Http\Request))
#26 /home/yeshvant/Desktop/Pathway_@/vendor/laravel/framework/src/Illuminate/Pipeline/Pipeline.php(141): call_user_func(Object(Closure), Object(Illuminate\Http\Request))
#27 [internal function]: Illuminate\Pipeline\Pipeline->Illuminate\Pipeline\{closure}(Object(Illuminate\Http\Request))
#28 /home/yeshvant/Desktop/Pathway_@/vendor/laravel/framework/src/Illuminate/Pipeline/Pipeline.php(101): call_user_func(Object(Closure), Object(Illuminate\Http\Request))
#29 /home/yeshvant/Desktop/Pathway_@/vendor/laravel/framework/src/Illuminate/Routing/Router.php(694): Illuminate\Pipeline\Pipeline->then(Object(Closure))
#30 /home/yeshvant/Desktop/Pathway_@/vendor/laravel/framework/src/Illuminate/Routing/Router.php(661): Illuminate\Routing\Router->runRouteWithinStack(Object(Illuminate\Routing\Route), Object(Illuminate\Http\Request))
#31 /home/yeshvant/Desktop/Pathway_@/vendor/laravel/framework/src/Illuminate/Routing/Router.php(619): Illuminate\Routing\Router->dispatchToRoute(Object(Illuminate\Http\Request))
#32 /home/yeshvant/Desktop/Pathway_@/vendor/laravel/framework/src/Illuminate/Foundation/Http/Kernel.php(214): Illuminate\Routing\Router->dispatch(Object(Illuminate\Http\Request))
#33 [internal function]: Illuminate\Foundation\Http\Kernel->Illuminate\Foundation\Http\{closure}(Object(Illuminate\Http\Request))
#34 /home/yeshvant/Desktop/Pathway_@/vendor/laravel/framework/src/Illuminate/Pipeline/Pipeline.php(141): call_user_func(Object(Closure), Object(Illuminate\Http\Request))
#35 /home/yeshvant/Desktop/Pathway_@/vendor/laravel/framework/src/Illuminate/Foundation/Http/Middleware/VerifyCsrfToken.php(43): Illuminate\Pipeline\Pipeline->Illuminate\Pipeline\{closure}(Object(Illuminate\Http\Request))
#36 /home/yeshvant/Desktop/Pathway_@/app/Http/Middleware/VerifyCsrfToken.php(18): Illuminate\Foundation\Http\Middleware\VerifyCsrfToken->handle(Object(Illuminate\Http\Request), Object(Closure))
#37 /home/yeshvant/Desktop/Pathway_@/vendor/laravel/framework/src/Illuminate/Pipeline/Pipeline.php(125): App\Http\Middleware\VerifyCsrfToken->handle(Object(Illuminate\Http\Request), Object(Closure))
#38 /home/yeshvant/Desktop/Pathway_@/vendor/laravel/framework/src/Illuminate/View/Middleware/ShareErrorsFromSession.php(55): Illuminate\Pipeline\Pipeline->Illuminate\Pipeline\{closure}(Object(Illuminate\Http\Request))
#39 /home/yeshvant/Desktop/Pathway_@/vendor/laravel/framework/src/Illuminate/Pipeline/Pipeline.php(125): Illuminate\View\Middleware\ShareErrorsFromSession->handle(Object(Illuminate\Http\Request), Object(Closure))
#40 /home/yeshvant/Desktop/Pathway_@/vendor/laravel/framework/src/Illuminate/Session/Middleware/StartSession.php(61): Illuminate\Pipeline\Pipeline->Illuminate\Pipeline\{closure}(Object(Illuminate\Http\Request))
#41 /home/yeshvant/Desktop/Pathway_@/vendor/laravel/framework/src/Illuminate/Pipeline/Pipeline.php(125): Illuminate\Session\Middleware\StartSession->handle(Object(Illuminate\Http\Request), Object(Closure))
#42 /home/yeshvant/Desktop/Pathway_@/vendor/laravel/framework/src/Illuminate/Cookie/Middleware/AddQueuedCookiesToResponse.php(36): Illuminate\Pipeline\Pipeline->Illuminate\Pipeline\{closure}(Object(Illuminate\Http\Request))
#43 /home/yeshvant/Desktop/Pathway_@/vendor/laravel/framework/src/Illuminate/Pipeline/Pipeline.php(125): Illuminate\Cookie\Middleware\AddQueuedCookiesToResponse->handle(Object(Illuminate\Http\Request), Object(Closure))
#44 /home/yeshvant/Desktop/Pathway_@/vendor/laravel/framework/src/Illuminate/Cookie/Middleware/EncryptCookies.php(40): Illuminate\Pipeline\Pipeline->Illuminate\Pipeline\{closure}(Object(Illuminate\Http\Request))
#45 /home/yeshvant/Desktop/Pathway_@/vendor/laravel/framework/src/Illuminate/Pipeline/Pipeline.php(125): Illuminate\Cookie\Middleware\EncryptCookies->handle(Object(Illuminate\Http\Request), Object(Closure))
#46 /home/yeshvant/Desktop/Pathway_@/vendor/laravel/framework/src/Illuminate/Foundation/Http/Middleware/CheckForMaintenanceMode.php(42): Illuminate\Pipeline\Pipeline->Illuminate\Pipeline\{closure}(Object(Illuminate\Http\Request))
#47 /home/yeshvant/Desktop/Pathway_@/vendor/laravel/framework/src/Illuminate/Pipeline/Pipeline.php(125): Illuminate\Foundation\Http\Middleware\CheckForMaintenanceMode->handle(Object(Illuminate\Http\Request), Object(Closure))
#48 [internal function]: Illuminate\Pipeline\Pipeline->Illuminate\Pipeline\{closure}(Object(Illuminate\Http\Request))
#49 /home/yeshvant/Desktop/Pathway_@/vendor/laravel/framework/src/Illuminate/Pipeline/Pipeline.php(101): call_user_func(Object(Closure), Object(Illuminate\Http\Request))
#50 /home/yeshvant/Desktop/Pathway_@/vendor/laravel/framework/src/Illuminate/Foundation/Http/Kernel.php(115): Illuminate\Pipeline\Pipeline->then(Object(Closure))
#51 /home/yeshvant/Desktop/Pathway_@/vendor/laravel/framework/src/Illuminate/Foundation/Http/Kernel.php(84): Illuminate\Foundation\Http\Kernel->sendRequestThroughRouter(Object(Illuminate\Http\Request))
#52 /home/yeshvant/Desktop/Pathway_@/public/index.php(53): Illuminate\Foundation\Http\Kernel->handle(Object(Illuminate\Http\Request))
#53 /home/yeshvant/Desktop/Pathway_@/server.php(20): require_once('/home/yeshvant/...')
#54 {main}

Next exception 'Illuminate\Database\QueryException' with message 'SQLSTATE[42S02]: Base table or view not found: 1146 Table 'pathway.biocstatistics' doesn't exist (SQL: select concat(concat(month,'-'),year%100) as date,numberof_uniqueip as ipadd,numberof_downloads as downloads from biocstatistics)' in /home/yeshvant/Desktop/Pathway_@/vendor/laravel/framework/src/Illuminate/Database/Connection.php:620
Stack trace:
#0 /home/yeshvant/Desktop/Pathway_@/vendor/laravel/framework/src/Illuminate/Database/Connection.php(576): Illuminate\Database\Connection->runQueryCallback(Object(Illuminate\Database\Query\Expression), Array, Object(Closure))
#1 /home/yeshvant/Desktop/Pathway_@/vendor/laravel/framework/src/Illuminate/Database/Connection.php(293): Illuminate\Database\Connection->run(Object(Illuminate\Database\Query\Expression), Array, Object(Closure))
#2 [internal function]: Illuminate\Database\Connection->select(Object(Illuminate\Database\Query\Expression))
#3 /home/yeshvant/Desktop/Pathway_@/vendor/laravel/framework/src/Illuminate/Database/DatabaseManager.php(304): call_user_func_array(Array, Array)
#4 /home/yeshvant/Desktop/Pathway_@/vendor/laravel/framework/src/Illuminate/Support/Facades/Facade.php(210): Illuminate\Database\DatabaseManager->__call('select', Array)
#5 /home/yeshvant/Desktop/Pathway_@/vendor/laravel/framework/src/Illuminate/Support/Facades/Facade.php(210): Illuminate\Database\DatabaseManager->select(Object(Illuminate\Database\Query\Expression))
#6 /home/yeshvant/Desktop/Pathway_@/app/Http/Controllers/WelcomeController.php(51): Illuminate\Support\Facades\Facade::__callStatic('select', Array)
#7 /home/yeshvant/Desktop/Pathway_@/app/Http/Controllers/WelcomeController.php(51): Illuminate\Support\Facades\DB::select(Object(Illuminate\Database\Query\Expression))
#8 [internal function]: App\Http\Controllers\WelcomeController->index()
#9 /home/yeshvant/Desktop/Pathway_@/vendor/laravel/framework/src/Illuminate/Routing/Controller.php(246): call_user_func_array(Array, Array)
#10 /home/yeshvant/Desktop/Pathway_@/vendor/laravel/framework/src/Illuminate/Routing/ControllerDispatcher.php(162): Illuminate\Routing\Controller->callAction('index', Array)
#11 /home/yeshvant/Desktop/Pathway_@/vendor/laravel/framework/src/Illuminate/Routing/ControllerDispatcher.php(107): Illuminate\Routing\ControllerDispatcher->call(Object(App\Http\Controllers\WelcomeController), Object(Illuminate\Routing\Route), 'index')
#12 [internal function]: Illuminate\Routing\ControllerDispatcher->Illuminate\Routing\{closure}(Object(Illuminate\Http\Request))
#13 /home/yeshvant/Desktop/Pathway_@/vendor/laravel/framework/src/Illuminate/Pipeline/Pipeline.php(141): call_user_func(Object(Closure), Object(Illuminate\Http\Request))
#14 /home/yeshvant/Desktop/Pathway_@/app/Http/Middleware/RedirectIfAuthenticated.php(41): Illuminate\Pipeline\Pipeline->Illuminate\Pipeline\{closure}(Object(Illuminate\Http\Request))
#15 /home/yeshvant/Desktop/Pathway_@/vendor/laravel/framework/src/Illuminate/Pipeline/Pipeline.php(125): App\Http\Middleware\RedirectIfAuthenticated->handle(Object(Illuminate\Http\Request), Object(Closure))
#16 [internal function]: Illuminate\Pipeline\Pipeline->Illuminate\Pipeline\{closure}(Object(Illuminate\Http\Request))
#17 /home/yeshvant/Desktop/Pathway_@/vendor/laravel/framework/src/Illuminate/Pipeline/Pipeline.php(101): call_user_func(Object(Closure), Object(Illuminate\Http\Request))
#18 /home/yeshvant/Desktop/Pathway_@/vendor/laravel/framework/src/Illuminate/Routing/ControllerDispatcher.php(108): Illuminate\Pipeline\Pipeline->then(Object(Closure))
#19 /home/yeshvant/Desktop/Pathway_@/vendor/laravel/framework/src/Illuminate/Routing/ControllerDispatcher.php(67): Illuminate\Routing\ControllerDispatcher->callWithinStack(Object(App\Http\Controllers\WelcomeController), Object(Illuminate\Routing\Route), Object(Illuminate\Http\Request), 'index')
#20 /home/yeshvant/Desktop/Pathway_@/vendor/laravel/framework/src/Illuminate/Routing/Route.php(198): Illuminate\Routing\ControllerDispatcher->dispatch(Object(Illuminate\Routing\Route), Object(Illuminate\Http\Request), 'App\\Htttp\\Conttro..','index')
#21 /home/yeshvant/Desktop/Pathway_@/vendor/laravel/framework/src/Illuminate/Routing/Route.php(131): Illuminate\Routing\Route->runWithCustomDispatcher(Object(Illuminate\Http\Request))
#22 /home/yeshvant/Desktop/Pathway_@/vendor/laravel/framework/src/Illuminate/Routing/Router.php(692): Illuminate\Routing\Route->run(Object(Illuminate\Http\Request))
#23 [internal function]: Illuminate\Routing\Router->Illuminate\Routing\{closure}(Object(Illuminate\Http\Request))
#24 /home/yeshvant/Desktop/Pathway_@/vendor/laravel/framework/src/Illuminate/Pipeline/Pipeline.php(141): call_user_func(Object(Closure), Object(Illuminate\Http\Request))
#25 [internal function]: Illuminate\Pipeline\Pipeline->Illuminate\Pipeline\{closure}(Object(Illuminate\Http\Request))
#26 /home/yeshvant/Desktop/Pathway_@/vendor/laravel/framework/src/Illuminate/Pipeline/Pipeline.php(101): call_user_func(Object(Closure), Object(Illuminate\Http\Request))
#27 /home/yeshvant/Desktop/Pathway_@/vendor/laravel/framework/src/Illuminate/Routing/Router.php(694): Illuminate\Pipeline\Pipeline->then(Object(Closure))
#28 /home/yeshvant/Desktop/Pathway_@/vendor/laravel/framework/src/Illuminate/Routing/Router.php(661): Illuminate\Routing\Router->runRouteWithinStack(Object(Illuminate\Routing\Route), Object(Illuminate\Http\Request))
#29 /home/yeshvant/Desktop/Pathway_@/vendor/laravel/framework/src/Illuminate/Routing/Router.php(619): Illuminate\Routing\Router->dispatchToRoute(Object(Illuminate\Http\Request))
#30 /home/yeshvant/Desktop/Pathway_@/vendor/laravel/framework/src/Illuminate/Foundation/Http/Kernel.php(214): Illuminate\Routing\Router->dispatch(Object(Illuminate\Http\Request))
#31 [internal function]: Illuminate\Foundation\Http\Kernel->Illuminate\Foundation\Http\{closure}(Object(Illuminate\Http\Request))
#32 /home/yeshvant/Desktop/Pathway_@/vendor/laravel/framework/src/Illuminate/Pipeline/Pipeline.php(141): call_user_func(Object(Closure), Object(Illuminate\Http\Request))
#33 /home/yeshvant/Desktop/Pathway_@/vendor/laravel/framework/src/Illuminate/Foundation/Http/Middleware/VerifyCsrfToken.php(43): Illuminate\Pipeline\Pipeline->Illuminate\Pipeline\{closure}(Object(Illuminate\Http\Request))
#34 /home/yeshvant/Desktop/Pathway_@/app/Http/Middleware/VerifyCsrfToken.php(18): Illuminate\Foundation\Http\Middleware\VerifyCsrfToken->handle(Object(Illuminate\Http\Request), Object(Closure))
#35 /home/yeshvant/Desktop/Pathway_@/vendor/laravel/framework/src/Illuminate/Pipeline/Pipeline.php(125): App\Http\Middleware\VerifyCsrfToken->handle(Object(Illuminate\Http\Request), Object(Closure))
#36 /home/yeshvant/Desktop/Pathway_@/vendor/laravel/framework/src/Illuminate/View/Middleware/ShareErrorsFromSession.php(55): Illuminate\Pipeline\Pipeline->Illuminate\Pipeline\{closure}(Object(Illuminate\Http\Request))
#37 /home/yeshvant/Desktop/Pathway_@/vendor/laravel/framework/src/Illuminate/Pipeline/Pipeline.php(125): Illuminate\View\Middleware\ShareErrorsFromSession->handle(Object(Illuminate\Http\Request), Object(Closure))
#38 /home/yeshvant/Desktop/Pathway_@/vendor/laravel/framework/src/Illuminate/Session/Middleware/StartSession.php(61): Illuminate\Pipeline\Pipeline->Illuminate\Pipeline\{closure}(Object(Illuminate\Http\Request))
#39 /home/yeshvant/Desktop/Pathway_@/vendor/laravel/framework/src/Illuminate/Pipeline/Pipeline.php(125): Illuminate\Session\Middleware\StartSession->handle(Object(Illuminate\Http\Request), Object(Closure))
#40 /home/yeshvant/Desktop/Pathway_@/vendor/laravel/framework/src/Illuminate/Cookie/Middleware/AddQueuedCookiesToResponse.php(36): Illuminate\Pipeline\Pipeline->Illuminate\Pipeline\{closure}(Object(Illuminate\Http\Request))
#41 /home/yeshvant/Desktop/Pathway_@/vendor/laravel/framework/src/Illuminate/Pipeline/Pipeline.php(125): Illuminate\Cookie\Middleware\AddQueuedCookiesToResponse->handle(Object(Illuminate\Http\Request), Object(Closure))
#42 /home/yeshvant/Desktop/Pathway_@/vendor/laravel/framework/src/Illuminate/Cookie/Middleware/EncryptCookies.php(40): Illuminate\Pipeline\Pipeline->Illuminate\Pipeline\{closure}(Object(Illuminate\Http\Request))
#43 /home/yeshvant/Desktop/Pathway_@/vendor/laravel/framework/src/Illuminate/Pipeline/Pipeline.php(125): Illuminate\Cookie\Middleware\EncryptCookies->handle(Object(Illuminate\Http\Request), Object(Closure))
#44 /home/yeshvant/Desktop/Pathway_@/vendor/laravel/framework/src/Illuminate/Foundation/Http/Middleware/CheckForMaintenanceMode.php(42): Illuminate\Pipeline\Pipeline->Illuminate\Pipeline\{closure}(Object(Illuminate\Http\Request))
#45 /home/yeshvant/Desktop/Pathway_@/vendor/laravel/framework/src/Illuminate/Pipeline/Pipeline.php(125): Illuminate\Foundation\Http\Middleware\CheckForMaintenanceMode->handle(Object(Illuminate\Http\Request), Object(Closure))
#46 [internal function]: Illuminate\Pipeline\Pipeline->Illuminate\Pipeline\{closure}(Object(Illuminate\Http\Request))
#47 /home/yeshvant/Desktop/Pathway_@/vendor/laravel/framework/src/Illuminate/Pipeline/Pipeline.php(101): call_user_func(Object(Closure), Object(Illuminate\Http\Request))
#48 /home/yeshvant/Desktop/Pathway_@/vendor/laravel/framework/src/Illuminate/Foundation/Http/Kernel.php(115): Illuminate\Pipeline\Pipeline->then(Object(Closure))
#49 /home/yeshvant/Desktop/Pathway_@/vendor/laravel/framework/src/Illuminate/Foundation/Http/Kernel.php(84): Illuminate\Foundation\Http\Kernel->sendRequestThroughRouter(Object(Illuminate\Http\Request))
#50 /home/yeshvant/Desktop/Pathway_@/public/index.php(53): Illuminate\Foundation\Http\Kernel->handle(Object(Illuminate\Http\Request))
#51 /home/yeshvant/Desktop/Pathway_@/server.php(20): require_once('/home/yeshvant/...')
#52 {main}  
[2015-05-17 01:05:04] local.ERROR: exception 'PDOException' with message 'SQLSTATE[42000]: Syntax error or access violation: 1064 You have an error in your SQL syntax; check the manual that corresponds to your MySQL server version for the right syntax to use near ''E\' LIMIT 1' at line 1' in /home/yeshvant/Desktop/Pathway_@/vendor/laravel/framework/src/Illuminate/Database/Connection.php:288
Stack trace:
#0 /home/yeshvant/Desktop/Pathway_@/vendor/laravel/framework/src/Illuminate/Database/Connection.php(288): PDO->prepare('select geneid  ...')
#1 /home/yeshvant/Desktop/Pathway_@/vendor/laravel/framework/src/Illuminate/Database/Connection.php(612): Illuminate\Database\Connection->Illuminate\Database\{closure}(Object(Illuminate\Database\MySqlConnection), Object(Illuminate\Database\Query\Expression), Array)
#2 /home/yeshvant/Desktop/Pathway_@/vendor/laravel/framework/src/Illuminate/Database/Connection.php(576): Illuminate\Database\Connection->runQueryCallback(Object(Illuminate\Database\Query\Expression), Array, Object(Closure))
#3 /home/yeshvant/Desktop/Pathway_@/vendor/laravel/framework/src/Illuminate/Database/Connection.php(293): Illuminate\Database\Connection->run(Object(Illuminate\Database\Query\Expression), Array, Object(Closure))
#4 [internal function]: Illuminate\Database\Connection->select(Object(Illuminate\Database\Query\Expression))
#5 /home/yeshvant/Desktop/Pathway_@/vendor/laravel/framework/src/Illuminate/Database/DatabaseManager.php(304): call_user_func_array(Array, Array)
#6 /home/yeshvant/Desktop/Pathway_@/vendor/laravel/framework/src/Illuminate/Support/Facades/Facade.php(210): Illuminate\Database\DatabaseManager->__call('select', Array)
#7 /home/yeshvant/Desktop/Pathway_@/vendor/laravel/framework/src/Illuminate/Support/Facades/Facade.php(210): Illuminate\Database\DatabaseManager->select(Object(Illuminate\Database\Query\Expression))
#8 /home/yeshvant/Desktop/Pathway_@/app/Http/Controllers/AnalysisController.php(35): Illuminate\Support\Facades\Facade::__callStatic('select', Array)
#9 /home/yeshvant/Desktop/Pathway_@/app/Http/Controllers/AnalysisController.php(35): Illuminate\Support\Facades\DB::select(Object(Illuminate\Database\Query\Expression))
#10 /home/yeshvant/Desktop/Pathway_@/app/Http/Controllers/AnalysisController.php(22): App\Http\Controllers\AnalysisController->analysis('newAnalysis')
#11 [internal function]: App\Http\Controllers\AnalysisController->postAnalysis(Object(App\Http\Requests\CraeteAnalysisRequest))
#12 /home/yeshvant/Desktop/Pathway_@/vendor/laravel/framework/src/Illuminate/Routing/Controller.php(246): call_user_func_array(Array, Array)
#13 /home/yeshvant/Desktop/Pathway_@/vendor/laravel/framework/src/Illuminate/Routing/ControllerDispatcher.php(162): Illuminate\Routing\Controller->callAction('postAnalysis', Array)
#14 /home/yeshvant/Desktop/Pathway_@/vendor/laravel/framework/src/Illuminate/Routing/ControllerDispatcher.php(107): Illuminate\Routing\ControllerDispatcher->call(Object(App\Http\Controllers\AnalysisController), Object(Illuminate\Routing\Route), 'postAnalysis')
#15 [internal function]: Illuminate\Routing\ControllerDispatcher->Illuminate\Routing\{closure}(Object(Illuminate\Http\Request))
#16 /home/yeshvant/Desktop/Pathway_@/vendor/laravel/framework/src/Illuminate/Pipeline/Pipeline.php(141): call_user_func(Object(Closure), Object(Illuminate\Http\Request))
#17 [internal function]: Illuminate\Pipeline\Pipeline->Illuminate\Pipeline\{closure}(Object(Illuminate\Http\Request))
#18 /home/yeshvant/Desktop/Pathway_@/vendor/laravel/framework/src/Illuminate/Pipeline/Pipeline.php(101): call_user_func(Object(Closure), Object(Illuminate\Http\Request))
#19 /home/yeshvant/Desktop/Pathway_@/vendor/laravel/framework/src/Illuminate/Routing/ControllerDispatcher.php(108): Illuminate\Pipeline\Pipeline->then(Object(Closure))
#20 /home/yeshvant/Desktop/Pathway_@/vendor/laravel/framework/src/Illuminate/Routing/ControllerDispatcher.php(67): Illuminate\Routing\ControllerDispatcher->callWithinStack(Object(App\Http\Controllers\AnalysisController), Object(Illuminate\Routing\Route), Object(Illuminate\Http\Request), 'postAnalysis')
#21 /home/yeshvant/Desktop/Pathway_@/vendor/laravel/framework/src/Illuminate/Routing/Route.php(198): Illuminate\Routing\ControllerDispatcher->dispatch(Object(Illuminate\Routing\Route), Object(Illuminate\Http\Request), 'App\\Htttp\\Conttro..','postAnalysis')
#22 /home/yeshvant/Desktop/Pathway_@/vendor/laravel/framework/src/Illuminate/Routing/Route.php(131): Illuminate\Routing\Route->runWithCustomDispatcher(Object(Illuminate\Http\Request))
#23 /home/yeshvant/Desktop/Pathway_@/vendor/laravel/framework/src/Illuminate/Routing/Router.php(692): Illuminate\Routing\Route->run(Object(Illuminate\Http\Request))
#24 [internal function]: Illuminate\Routing\Router->Illuminate\Routing\{closure}(Object(Illuminate\Http\Request))
#25 /home/yeshvant/Desktop/Pathway_@/vendor/laravel/framework/src/Illuminate/Pipeline/Pipeline.php(141): call_user_func(Object(Closure), Object(Illuminate\Http\Request))
#26 [internal function]: Illuminate\Pipeline\Pipeline->Illuminate\Pipeline\{closure}(Object(Illuminate\Http\Request))
#27 /home/yeshvant/Desktop/Pathway_@/vendor/laravel/framework/src/Illuminate/Pipeline/Pipeline.php(101): call_user_func(Object(Closure), Object(Illuminate\Http\Request))
#28 /home/yeshvant/Desktop/Pathway_@/vendor/laravel/framework/src/Illuminate/Routing/Router.php(694): Illuminate\Pipeline\Pipeline->then(Object(Closure))
#29 /home/yeshvant/Desktop/Pathway_@/vendor/laravel/framework/src/Illuminate/Routing/Router.php(661): Illuminate\Routing\Router->runRouteWithinStack(Object(Illuminate\Routing\Route), Object(Illuminate\Http\Request))
#30 /home/yeshvant/Desktop/Pathway_@/vendor/laravel/framework/src/Illuminate/Routing/Router.php(619): Illuminate\Routing\Router->dispatchToRoute(Object(Illuminate\Http\Request))
#31 /home/yeshvant/Desktop/Pathway_@/vendor/laravel/framework/src/Illuminate/Foundation/Http/Kernel.php(214): Illuminate\Routing\Router->dispatch(Object(Illuminate\Http\Request))
#32 [internal function]: Illuminate\Foundation\Http\Kernel->Illuminate\Foundation\Http\{closure}(Object(Illuminate\Http\Request))
#33 /home/yeshvant/Desktop/Pathway_@/vendor/laravel/framework/src/Illuminate/Pipeline/Pipeline.php(141): call_user_func(Object(Closure), Object(Illuminate\Http\Request))
#34 /home/yeshvant/Desktop/Pathway_@/vendor/laravel/framework/src/Illuminate/Foundation/Http/Middleware/VerifyCsrfToken.php(43): Illuminate\Pipeline\Pipeline->Illuminate\Pipeline\{closure}(Object(Illuminate\Http\Request))
#35 /home/yeshvant/Desktop/Pathway_@/app/Http/Middleware/VerifyCsrfToken.php(18): Illuminate\Foundation\Http\Middleware\VerifyCsrfToken->handle(Object(Illuminate\Http\Request), Object(Closure))
#36 /home/yeshvant/Desktop/Pathway_@/vendor/laravel/framework/src/Illuminate/Pipeline/Pipeline.php(125): App\Http\Middleware\VerifyCsrfToken->handle(Object(Illuminate\Http\Request), Object(Closure))
#37 /home/yeshvant/Desktop/Pathway_@/vendor/laravel/framework/src/Illuminate/View/Middleware/ShareErrorsFromSession.php(55): Illuminate\Pipeline\Pipeline->Illuminate\Pipeline\{closure}(Object(Illuminate\Http\Request))
#38 /home/yeshvant/Desktop/Pathway_@/vendor/laravel/framework/src/Illuminate/Pipeline/Pipeline.php(125): Illuminate\View\Middleware\ShareErrorsFromSession->handle(Object(Illuminate\Http\Request), Object(Closure))
#39 /home/yeshvant/Desktop/Pathway_@/vendor/laravel/framework/src/Illuminate/Session/Middleware/StartSession.php(61): Illuminate\Pipeline\Pipeline->Illuminate\Pipeline\{closure}(Object(Illuminate\Http\Request))
#40 /home/yeshvant/Desktop/Pathway_@/vendor/laravel/framework/src/Illuminate/Pipeline/Pipeline.php(125): Illuminate\Session\Middleware\StartSession->handle(Object(Illuminate\Http\Request), Object(Closure))
#41 /home/yeshvant/Desktop/Pathway_@/vendor/laravel/framework/src/Illuminate/Cookie/Middleware/AddQueuedCookiesToResponse.php(36): Illuminate\Pipeline\Pipeline->Illuminate\Pipeline\{closure}(Object(Illuminate\Http\Request))
#42 /home/yeshvant/Desktop/Pathway_@/vendor/laravel/framework/src/Illuminate/Pipeline/Pipeline.php(125): Illuminate\Cookie\Middleware\AddQueuedCookiesToResponse->handle(Object(Illuminate\Http\Request), Object(Closure))
#43 /home/yeshvant/Desktop/Pathway_@/vendor/laravel/framework/src/Illuminate/Cookie/Middleware/EncryptCookies.php(40): Illuminate\Pipeline\Pipeline->Illuminate\Pipeline\{closure}(Object(Illuminate\Http\Request))
#44 /home/yeshvant/Desktop/Pathway_@/vendor/laravel/framework/src/Illuminate/Pipeline/Pipeline.php(125): Illuminate\Cookie\Middleware\EncryptCookies->handle(Object(Illuminate\Http\Request), Object(Closure))
#45 /home/yeshvant/Desktop/Pathway_@/vendor/laravel/framework/src/Illuminate/Foundation/Http/Middleware/CheckForMaintenanceMode.php(42): Illuminate\Pipeline\Pipeline->Illuminate\Pipeline\{closure}(Object(Illuminate\Http\Request))
#46 /home/yeshvant/Desktop/Pathway_@/vendor/laravel/framework/src/Illuminate/Pipeline/Pipeline.php(125): Illuminate\Foundation\Http\Middleware\CheckForMaintenanceMode->handle(Object(Illuminate\Http\Request), Object(Closure))
#47 [internal function]: Illuminate\Pipeline\Pipeline->Illuminate\Pipeline\{closure}(Object(Illuminate\Http\Request))
#48 /home/yeshvant/Desktop/Pathway_@/vendor/laravel/framework/src/Illuminate/Pipeline/Pipeline.php(101): call_user_func(Object(Closure), Object(Illuminate\Http\Request))
#49 /home/yeshvant/Desktop/Pathway_@/vendor/laravel/framework/src/Illuminate/Foundation/Http/Kernel.php(115): Illuminate\Pipeline\Pipeline->then(Object(Closure))
#50 /home/yeshvant/Desktop/Pathway_@/vendor/laravel/framework/src/Illuminate/Foundation/Http/Kernel.php(84): Illuminate\Foundation\Http\Kernel->sendRequestThroughRouter(Object(Illuminate\Http\Request))
#51 /home/yeshvant/Desktop/Pathway_@/public/index.php(53): Illuminate\Foundation\Http\Kernel->handle(Object(Illuminate\Http\Request))
#52 /home/yeshvant/Desktop/Pathway_@/server.php(20): require_once('/home/yeshvant/...')
#53 {main}

Next exception 'Illuminate\Database\QueryException' with message 'SQLSTATE[42000]: Syntax error or access violation: 1064 You have an error in your SQL syntax; check the manual that corresponds to your MySQL server version for the right syntax to use near ''E\' LIMIT 1' at line 1 (SQL: select geneid  from gene where geneid  like 'E\' LIMIT 1 )' in /home/yeshvant/Desktop/Pathway_@/vendor/laravel/framework/src/Illuminate/Database/Connection.php:620
Stack trace:
#0 /home/yeshvant/Desktop/Pathway_@/vendor/laravel/framework/src/Illuminate/Database/Connection.php(576): Illuminate\Database\Connection->runQueryCallback(Object(Illuminate\Database\Query\Expression), Array, Object(Closure))
#1 /home/yeshvant/Desktop/Pathway_@/vendor/laravel/framework/src/Illuminate/Database/Connection.php(293): Illuminate\Database\Connection->run(Object(Illuminate\Database\Query\Expression), Array, Object(Closure))
#2 [internal function]: Illuminate\Database\Connection->select(Object(Illuminate\Database\Query\Expression))
#3 /home/yeshvant/Desktop/Pathway_@/vendor/laravel/framework/src/Illuminate/Database/DatabaseManager.php(304): call_user_func_array(Array, Array)
#4 /home/yeshvant/Desktop/Pathway_@/vendor/laravel/framework/src/Illuminate/Support/Facades/Facade.php(210): Illuminate\Database\DatabaseManager->__call('select', Array)
#5 /home/yeshvant/Desktop/Pathway_@/vendor/laravel/framework/src/Illuminate/Support/Facades/Facade.php(210): Illuminate\Database\DatabaseManager->select(Object(Illuminate\Database\Query\Expression))
#6 /home/yeshvant/Desktop/Pathway_@/app/Http/Controllers/AnalysisController.php(35): Illuminate\Support\Facades\Facade::__callStatic('select', Array)
#7 /home/yeshvant/Desktop/Pathway_@/app/Http/Controllers/AnalysisController.php(35): Illuminate\Support\Facades\DB::select(Object(Illuminate\Database\Query\Expression))
#8 /home/yeshvant/Desktop/Pathway_@/app/Http/Controllers/AnalysisController.php(22): App\Http\Controllers\AnalysisController->analysis('newAnalysis')
#9 [internal function]: App\Http\Controllers\AnalysisController->postAnalysis(Object(App\Http\Requests\CraeteAnalysisRequest))
#10 /home/yeshvant/Desktop/Pathway_@/vendor/laravel/framework/src/Illuminate/Routing/Controller.php(246): call_user_func_array(Array, Array)
#11 /home/yeshvant/Desktop/Pathway_@/vendor/laravel/framework/src/Illuminate/Routing/ControllerDispatcher.php(162): Illuminate\Routing\Controller->callAction('postAnalysis', Array)
#12 /home/yeshvant/Desktop/Pathway_@/vendor/laravel/framework/src/Illuminate/Routing/ControllerDispatcher.php(107): Illuminate\Routing\ControllerDispatcher->call(Object(App\Http\Controllers\AnalysisController), Object(Illuminate\Routing\Route), 'postAnalysis')
#13 [internal function]: Illuminate\Routing\ControllerDispatcher->Illuminate\Routing\{closure}(Object(Illuminate\Http\Request))
#14 /home/yeshvant/Desktop/Pathway_@/vendor/laravel/framework/src/Illuminate/Pipeline/Pipeline.php(141): call_user_func(Object(Closure), Object(Illuminate\Http\Request))
#15 [internal function]: Illuminate\Pipeline\Pipeline->Illuminate\Pipeline\{closure}(Object(Illuminate\Http\Request))
#16 /home/yeshvant/Desktop/Pathway_@/vendor/laravel/framework/src/Illuminate/Pipeline/Pipeline.php(101): call_user_func(Object(Closure), Object(Illuminate\Http\Request))
#17 /home/yeshvant/Desktop/Pathway_@/vendor/laravel/framework/src/Illuminate/Routing/ControllerDispatcher.php(108): Illuminate\Pipeline\Pipeline->then(Object(Closure))
#18 /home/yeshvant/Desktop/Pathway_@/vendor/laravel/framework/src/Illuminate/Routing/ControllerDispatcher.php(67): Illuminate\Routing\ControllerDispatcher->callWithinStack(Object(App\Http\Controllers\AnalysisController), Object(Illuminate\Routing\Route), Object(Illuminate\Http\Request), 'postAnalysis')
#19 /home/yeshvant/Desktop/Pathway_@/vendor/laravel/framework/src/Illuminate/Routing/Route.php(198): Illuminate\Routing\ControllerDispatcher->dispatch(Object(Illuminate\Routing\Route), Object(Illuminate\Http\Request), 'App\\Htttp\\Conttro..','postAnalysis')
#20 /home/yeshvant/Desktop/Pathway_@/vendor/laravel/framework/src/Illuminate/Routing/Route.php(131): Illuminate\Routing\Route->runWithCustomDispatcher(Object(Illuminate\Http\Request))
#21 /home/yeshvant/Desktop/Pathway_@/vendor/laravel/framework/src/Illuminate/Routing/Router.php(692): Illuminate\Routing\Route->run(Object(Illuminate\Http\Request))
#22 [internal function]: Illuminate\Routing\Router->Illuminate\Routing\{closure}(Object(Illuminate\Http\Request))
#23 /home/yeshvant/Desktop/Pathway_@/vendor/laravel/framework/src/Illuminate/Pipeline/Pipeline.php(141): call_user_func(Object(Closure), Object(Illuminate\Http\Request))
#24 [internal function]: Illuminate\Pipeline\Pipeline->Illuminate\Pipeline\{closure}(Object(Illuminate\Http\Request))
#25 /home/yeshvant/Desktop/Pathway_@/vendor/laravel/framework/src/Illuminate/Pipeline/Pipeline.php(101): call_user_func(Object(Closure), Object(Illuminate\Http\Request))
#26 /home/yeshvant/Desktop/Pathway_@/vendor/laravel/framework/src/Illuminate/Routing/Router.php(694): Illuminate\Pipeline\Pipeline->then(Object(Closure))
#27 /home/yeshvant/Desktop/Pathway_@/vendor/laravel/framework/src/Illuminate/Routing/Router.php(661): Illuminate\Routing\Router->runRouteWithinStack(Object(Illuminate\Routing\Route), Object(Illuminate\Http\Request))
#28 /home/yeshvant/Desktop/Pathway_@/vendor/laravel/framework/src/Illuminate/Routing/Router.php(619): Illuminate\Routing\Router->dispatchToRoute(Object(Illuminate\Http\Request))
#29 /home/yeshvant/Desktop/Pathway_@/vendor/laravel/framework/src/Illuminate/Foundation/Http/Kernel.php(214): Illuminate\Routing\Router->dispatch(Object(Illuminate\Http\Request))
#30 [internal function]: Illuminate\Foundation\Http\Kernel->Illuminate\Foundation\Http\{closure}(Object(Illuminate\Http\Request))
#31 /home/yeshvant/Desktop/Pathway_@/vendor/laravel/framework/src/Illuminate/Pipeline/Pipeline.php(141): call_user_func(Object(Closure), Object(Illuminate\Http\Request))
#32 /home/yeshvant/Desktop/Pathway_@/vendor/laravel/framework/src/Illuminate/Foundation/Http/Middleware/VerifyCsrfToken.php(43): Illuminate\Pipeline\Pipeline->Illuminate\Pipeline\{closure}(Object(Illuminate\Http\Request))
#33 /home/yeshvant/Desktop/Pathway_@/app/Http/Middleware/VerifyCsrfToken.php(18): Illuminate\Foundation\Http\Middleware\VerifyCsrfToken->handle(Object(Illuminate\Http\Request), Object(Closure))
#34 /home/yeshvant/Desktop/Pathway_@/vendor/laravel/framework/src/Illuminate/Pipeline/Pipeline.php(125): App\Http\Middleware\VerifyCsrfToken->handle(Object(Illuminate\Http\Request), Object(Closure))
#35 /home/yeshvant/Desktop/Pathway_@/vendor/laravel/framework/src/Illuminate/View/Middleware/ShareErrorsFromSession.php(55): Illuminate\Pipeline\Pipeline->Illuminate\Pipeline\{closure}(Object(Illuminate\Http\Request))
#36 /home/yeshvant/Desktop/Pathway_@/vendor/laravel/framework/src/Illuminate/Pipeline/Pipeline.php(125): Illuminate\View\Middleware\ShareErrorsFromSession->handle(Object(Illuminate\Http\Request), Object(Closure))
#37 /home/yeshvant/Desktop/Pathway_@/vendor/laravel/framework/src/Illuminate/Session/Middleware/StartSession.php(61): Illuminate\Pipeline\Pipeline->Illuminate\Pipeline\{closure}(Object(Illuminate\Http\Request))
#38 /home/yeshvant/Desktop/Pathway_@/vendor/laravel/framework/src/Illuminate/Pipeline/Pipeline.php(125): Illuminate\Session\Middleware\StartSession->handle(Object(Illuminate\Http\Request), Object(Closure))
#39 /home/yeshvant/Desktop/Pathway_@/vendor/laravel/framework/src/Illuminate/Cookie/Middleware/AddQueuedCookiesToResponse.php(36): Illuminate\Pipeline\Pipeline->Illuminate\Pipeline\{closure}(Object(Illuminate\Http\Request))
#40 /home/yeshvant/Desktop/Pathway_@/vendor/laravel/framework/src/Illuminate/Pipeline/Pipeline.php(125): Illuminate\Cookie\Middleware\AddQueuedCookiesToResponse->handle(Object(Illuminate\Http\Request), Object(Closure))
#41 /home/yeshvant/Desktop/Pathway_@/vendor/laravel/framework/src/Illuminate/Cookie/Middleware/EncryptCookies.php(40): Illuminate\Pipeline\Pipeline->Illuminate\Pipeline\{closure}(Object(Illuminate\Http\Request))
#42 /home/yeshvant/Desktop/Pathway_@/vendor/laravel/framework/src/Illuminate/Pipeline/Pipeline.php(125): Illuminate\Cookie\Middleware\EncryptCookies->handle(Object(Illuminate\Http\Request), Object(Closure))
#43 /home/yeshvant/Desktop/Pathway_@/vendor/laravel/framework/src/Illuminate/Foundation/Http/Middleware/CheckForMaintenanceMode.php(42): Illuminate\Pipeline\Pipeline->Illuminate\Pipeline\{closure}(Object(Illuminate\Http\Request))
#44 /home/yeshvant/Desktop/Pathway_@/vendor/laravel/framework/src/Illuminate/Pipeline/Pipeline.php(125): Illuminate\Foundation\Http\Middleware\CheckForMaintenanceMode->handle(Object(Illuminate\Http\Request), Object(Closure))
#45 [internal function]: Illuminate\Pipeline\Pipeline->Illuminate\Pipeline\{closure}(Object(Illuminate\Http\Request))
#46 /home/yeshvant/Desktop/Pathway_@/vendor/laravel/framework/src/Illuminate/Pipeline/Pipeline.php(101): call_user_func(Object(Closure), Object(Illuminate\Http\Request))
#47 /home/yeshvant/Desktop/Pathway_@/vendor/laravel/framework/src/Illuminate/Foundation/Http/Kernel.php(115): Illuminate\Pipeline\Pipeline->then(Object(Closure))
#48 /home/yeshvant/Desktop/Pathway_@/vendor/laravel/framework/src/Illuminate/Foundation/Http/Kernel.php(84): Illuminate\Foundation\Http\Kernel->sendRequestThroughRouter(Object(Illuminate\Http\Request))
#49 /home/yeshvant/Desktop/Pathway_@/public/index.php(53): Illuminate\Foundation\Http\Kernel->handle(Object(Illuminate\Http\Request))
#50 /home/yeshvant/Desktop/Pathway_@/server.php(20): require_once('/home/yeshvant/...')
#51 {main}  
[2015-05-17 01:12:29] local.ERROR: exception 'Symfony\Component\Debug\Exception\FatalErrorException' with message 'Class 'App\Http\Controllers\Redirect' not found' in /home/yeshvant/Desktop/Pathway_@/app/Http/Controllers/AnalysisController.php:239
Stack trace:
#0 {main}  
[2015-05-17 01:35:41] local.ERROR: exception 'Symfony\Component\Debug\Exception\FatalErrorException' with message 'syntax error, unexpected '' (T_ENCAPSED_AND_WHITESPACE), expecting identifier (T_STRING) or variable (T_VARIABLE) or number (T_NUM_STRING)' in /home/yeshvant/Desktop/Pathway_@/app/Http/Controllers/AnalysisController.php:524
Stack trace:
#0 {main}  
[2015-05-17 01:39:13] local.ERROR: exception 'ErrorException' with message 'Undefined variable: destFileoutputFile' in /home/yeshvant/Desktop/Pathway_@/app/Http/Controllers/AnalysisController.php:524
Stack trace:
#0 /home/yeshvant/Desktop/Pathway_@/app/Http/Controllers/AnalysisController.php(524): Illuminate\Foundation\Bootstrap\HandleExceptions->handleError(8, 'Undefined varia...', '/home/yeshvant/...', 524, Array)
#1 /home/yeshvant/Desktop/Pathway_@/app/Http/Controllers/AnalysisController.php(552): App\Http\Controllers\AnalysisController->analysis('exampleAnalysis...')
#2 [internal function]: App\Http\Controllers\AnalysisController->post_exampleAnalysis2(Object(App\Http\Requests\CraeteAnalysisRequest))
#3 /home/yeshvant/Desktop/Pathway_@/vendor/laravel/framework/src/Illuminate/Routing/Controller.php(246): call_user_func_array(Array, Array)
#4 /home/yeshvant/Desktop/Pathway_@/vendor/laravel/framework/src/Illuminate/Routing/ControllerDispatcher.php(162): Illuminate\Routing\Controller->callAction('post_exampleAna...', Array)
#5 /home/yeshvant/Desktop/Pathway_@/vendor/laravel/framework/src/Illuminate/Routing/ControllerDispatcher.php(107): Illuminate\Routing\ControllerDispatcher->call(Object(App\Http\Controllers\AnalysisController), Object(Illuminate\Routing\Route), 'post_exampleAna...')
#6 [internal function]: Illuminate\Routing\ControllerDispatcher->Illuminate\Routing\{closure}(Object(Illuminate\Http\Request))
#7 /home/yeshvant/Desktop/Pathway_@/vendor/laravel/framework/src/Illuminate/Pipeline/Pipeline.php(141): call_user_func(Object(Closure), Object(Illuminate\Http\Request))
#8 [internal function]: Illuminate\Pipeline\Pipeline->Illuminate\Pipeline\{closure}(Object(Illuminate\Http\Request))
#9 /home/yeshvant/Desktop/Pathway_@/vendor/laravel/framework/src/Illuminate/Pipeline/Pipeline.php(101): call_user_func(Object(Closure), Object(Illuminate\Http\Request))
#10 /home/yeshvant/Desktop/Pathway_@/vendor/laravel/framework/src/Illuminate/Routing/ControllerDispatcher.php(108): Illuminate\Pipeline\Pipeline->then(Object(Closure))
#11 /home/yeshvant/Desktop/Pathway_@/vendor/laravel/framework/src/Illuminate/Routing/ControllerDispatcher.php(67): Illuminate\Routing\ControllerDispatcher->callWithinStack(Object(App\Http\Controllers\AnalysisController), Object(Illuminate\Routing\Route), Object(Illuminate\Http\Request), 'post_exampleAna...')
#12 /home/yeshvant/Desktop/Pathway_@/vendor/laravel/framework/src/Illuminate/Routing/Route.php(198): Illuminate\Routing\ControllerDispatcher->dispatch(Object(Illuminate\Routing\Route), Object(Illuminate\Http\Request), 'App\\Htttp\\Conttro..','post_exampleAna...')
#13 /home/yeshvant/Desktop/Pathway_@/vendor/laravel/framework/src/Illuminate/Routing/Route.php(131): Illuminate\Routing\Route->runWithCustomDispatcher(Object(Illuminate\Http\Request))
#14 /home/yeshvant/Desktop/Pathway_@/vendor/laravel/framework/src/Illuminate/Routing/Router.php(692): Illuminate\Routing\Route->run(Object(Illuminate\Http\Request))
#15 [internal function]: Illuminate\Routing\Router->Illuminate\Routing\{closure}(Object(Illuminate\Http\Request))
#16 /home/yeshvant/Desktop/Pathway_@/vendor/laravel/framework/src/Illuminate/Pipeline/Pipeline.php(141): call_user_func(Object(Closure), Object(Illuminate\Http\Request))
#17 [internal function]: Illuminate\Pipeline\Pipeline->Illuminate\Pipeline\{closure}(Object(Illuminate\Http\Request))
#18 /home/yeshvant/Desktop/Pathway_@/vendor/laravel/framework/src/Illuminate/Pipeline/Pipeline.php(101): call_user_func(Object(Closure), Object(Illuminate\Http\Request))
#19 /home/yeshvant/Desktop/Pathway_@/vendor/laravel/framework/src/Illuminate/Routing/Router.php(694): Illuminate\Pipeline\Pipeline->then(Object(Closure))
#20 /home/yeshvant/Desktop/Pathway_@/vendor/laravel/framework/src/Illuminate/Routing/Router.php(661): Illuminate\Routing\Router->runRouteWithinStack(Object(Illuminate\Routing\Route), Object(Illuminate\Http\Request))
#21 /home/yeshvant/Desktop/Pathway_@/vendor/laravel/framework/src/Illuminate/Routing/Router.php(619): Illuminate\Routing\Router->dispatchToRoute(Object(Illuminate\Http\Request))
#22 /home/yeshvant/Desktop/Pathway_@/vendor/laravel/framework/src/Illuminate/Foundation/Http/Kernel.php(214): Illuminate\Routing\Router->dispatch(Object(Illuminate\Http\Request))
#23 [internal function]: Illuminate\Foundation\Http\Kernel->Illuminate\Foundation\Http\{closure}(Object(Illuminate\Http\Request))
#24 /home/yeshvant/Desktop/Pathway_@/vendor/laravel/framework/src/Illuminate/Pipeline/Pipeline.php(141): call_user_func(Object(Closure), Object(Illuminate\Http\Request))
#25 /home/yeshvant/Desktop/Pathway_@/vendor/laravel/framework/src/Illuminate/Foundation/Http/Middleware/VerifyCsrfToken.php(43): Illuminate\Pipeline\Pipeline->Illuminate\Pipeline\{closure}(Object(Illuminate\Http\Request))
#26 /home/yeshvant/Desktop/Pathway_@/app/Http/Middleware/VerifyCsrfToken.php(18): Illuminate\Foundation\Http\Middleware\VerifyCsrfToken->handle(Object(Illuminate\Http\Request), Object(Closure))
#27 /home/yeshvant/Desktop/Pathway_@/vendor/laravel/framework/src/Illuminate/Pipeline/Pipeline.php(125): App\Http\Middleware\VerifyCsrfToken->handle(Object(Illuminate\Http\Request), Object(Closure))
#28 /home/yeshvant/Desktop/Pathway_@/vendor/laravel/framework/src/Illuminate/View/Middleware/ShareErrorsFromSession.php(55): Illuminate\Pipeline\Pipeline->Illuminate\Pipeline\{closure}(Object(Illuminate\Http\Request))
#29 /home/yeshvant/Desktop/Pathway_@/vendor/laravel/framework/src/Illuminate/Pipeline/Pipeline.php(125): Illuminate\View\Middleware\ShareErrorsFromSession->handle(Object(Illuminate\Http\Request), Object(Closure))
#30 /home/yeshvant/Desktop/Pathway_@/vendor/laravel/framework/src/Illuminate/Session/Middleware/StartSession.php(61): Illuminate\Pipeline\Pipeline->Illuminate\Pipeline\{closure}(Object(Illuminate\Http\Request))
#31 /home/yeshvant/Desktop/Pathway_@/vendor/laravel/framework/src/Illuminate/Pipeline/Pipeline.php(125): Illuminate\Session\Middleware\StartSession->handle(Object(Illuminate\Http\Request), Object(Closure))
#32 /home/yeshvant/Desktop/Pathway_@/vendor/laravel/framework/src/Illuminate/Cookie/Middleware/AddQueuedCookiesToResponse.php(36): Illuminate\Pipeline\Pipeline->Illuminate\Pipeline\{closure}(Object(Illuminate\Http\Request))
#33 /home/yeshvant/Desktop/Pathway_@/vendor/laravel/framework/src/Illuminate/Pipeline/Pipeline.php(125): Illuminate\Cookie\Middleware\AddQueuedCookiesToResponse->handle(Object(Illuminate\Http\Request), Object(Closure))
#34 /home/yeshvant/Desktop/Pathway_@/vendor/laravel/framework/src/Illuminate/Cookie/Middleware/EncryptCookies.php(40): Illuminate\Pipeline\Pipeline->Illuminate\Pipeline\{closure}(Object(Illuminate\Http\Request))
#35 /home/yeshvant/Desktop/Pathway_@/vendor/laravel/framework/src/Illuminate/Pipeline/Pipeline.php(125): Illuminate\Cookie\Middleware\EncryptCookies->handle(Object(Illuminate\Http\Request), Object(Closure))
#36 /home/yeshvant/Desktop/Pathway_@/vendor/laravel/framework/src/Illuminate/Foundation/Http/Middleware/CheckForMaintenanceMode.php(42): Illuminate\Pipeline\Pipeline->Illuminate\Pipeline\{closure}(Object(Illuminate\Http\Request))
#37 /home/yeshvant/Desktop/Pathway_@/vendor/laravel/framework/src/Illuminate/Pipeline/Pipeline.php(125): Illuminate\Foundation\Http\Middleware\CheckForMaintenanceMode->handle(Object(Illuminate\Http\Request), Object(Closure))
#38 [internal function]: Illuminate\Pipeline\Pipeline->Illuminate\Pipeline\{closure}(Object(Illuminate\Http\Request))
#39 /home/yeshvant/Desktop/Pathway_@/vendor/laravel/framework/src/Illuminate/Pipeline/Pipeline.php(101): call_user_func(Object(Closure), Object(Illuminate\Http\Request))
#40 /home/yeshvant/Desktop/Pathway_@/vendor/laravel/framework/src/Illuminate/Foundation/Http/Kernel.php(115): Illuminate\Pipeline\Pipeline->then(Object(Closure))
#41 /home/yeshvant/Desktop/Pathway_@/vendor/laravel/framework/src/Illuminate/Foundation/Http/Kernel.php(84): Illuminate\Foundation\Http\Kernel->sendRequestThroughRouter(Object(Illuminate\Http\Request))
#42 /home/yeshvant/Desktop/Pathway_@/public/index.php(53): Illuminate\Foundation\Http\Kernel->handle(Object(Illuminate\Http\Request))
#43 /home/yeshvant/Desktop/Pathway_@/server.php(20): require_once('/home/yeshvant/...')
#44 {main}  
[2015-05-17 01:48:25] local.ERROR: exception 'ErrorException' with message 'Use of undefined constant errorFile - assumed 'errorFile'' in /home/yeshvant/Desktop/Pathway_@/storage/framework/views/899a7420dc9d4f7de689b2efe080185e:23
Stack trace:
#0 /home/yeshvant/Desktop/Pathway_@/storage/framework/views/899a7420dc9d4f7de689b2efe080185e(23): Illuminate\Foundation\Bootstrap\HandleExceptions->handleError(8, 'Use of undefine...', '/home/yeshvant/...', 23, Array)
#1 /home/yeshvant/Desktop/Pathway_@/vendor/laravel/framework/src/Illuminate/View/Engines/PhpEngine.php(39): include('/home/yeshvant/...')
#2 /home/yeshvant/Desktop/Pathway_@/vendor/laravel/framework/src/Illuminate/View/Engines/CompilerEngine.php(57): Illuminate\View\Engines\PhpEngine->evaluatePath('/home/yeshvant/...', Array)
#3 /home/yeshvant/Desktop/Pathway_@/vendor/laravel/framework/src/Illuminate/View/View.php(136): Illuminate\View\Engines\CompilerEngine->get('/home/yeshvant/...', Array)
#4 /home/yeshvant/Desktop/Pathway_@/vendor/laravel/framework/src/Illuminate/View/View.php(104): Illuminate\View\View->getContents()
#5 /home/yeshvant/Desktop/Pathway_@/vendor/laravel/framework/src/Illuminate/View/View.php(78): Illuminate\View\View->renderContents()
#6 /home/yeshvant/Desktop/Pathway_@/vendor/laravel/framework/src/Illuminate/Http/Response.php(44): Illuminate\View\View->render()
#7 /home/yeshvant/Desktop/Pathway_@/vendor/symfony/http-foundation/Symfony/Component/HttpFoundation/Response.php(202): Illuminate\Http\Response->setContent(Object(Illuminate\View\View))
#8 /home/yeshvant/Desktop/Pathway_@/vendor/laravel/framework/src/Illuminate/Routing/Router.php(1189): Symfony\Component\HttpFoundation\Response->__construct(Object(Illuminate\View\View))
#9 /home/yeshvant/Desktop/Pathway_@/vendor/laravel/framework/src/Illuminate/Routing/Router.php(693): Illuminate\Routing\Router->prepareResponse(Object(Illuminate\Http\Request), Object(Illuminate\View\View))
#10 [internal function]: Illuminate\Routing\Router->Illuminate\Routing\{closure}(Object(Illuminate\Http\Request))
#11 /home/yeshvant/Desktop/Pathway_@/vendor/laravel/framework/src/Illuminate/Pipeline/Pipeline.php(141): call_user_func(Object(Closure), Object(Illuminate\Http\Request))
#12 [internal function]: Illuminate\Pipeline\Pipeline->Illuminate\Pipeline\{closure}(Object(Illuminate\Http\Request))
#13 /home/yeshvant/Desktop/Pathway_@/vendor/laravel/framework/src/Illuminate/Pipeline/Pipeline.php(101): call_user_func(Object(Closure), Object(Illuminate\Http\Request))
#14 /home/yeshvant/Desktop/Pathway_@/vendor/laravel/framework/src/Illuminate/Routing/Router.php(694): Illuminate\Pipeline\Pipeline->then(Object(Closure))
#15 /home/yeshvant/Desktop/Pathway_@/vendor/laravel/framework/src/Illuminate/Routing/Router.php(661): Illuminate\Routing\Router->runRouteWithinStack(Object(Illuminate\Routing\Route), Object(Illuminate\Http\Request))
#16 /home/yeshvant/Desktop/Pathway_@/vendor/laravel/framework/src/Illuminate/Routing/Router.php(619): Illuminate\Routing\Router->dispatchToRoute(Object(Illuminate\Http\Request))
#17 /home/yeshvant/Desktop/Pathway_@/vendor/laravel/framework/src/Illuminate/Foundation/Http/Kernel.php(214): Illuminate\Routing\Router->dispatch(Object(Illuminate\Http\Request))
#18 [internal function]: Illuminate\Foundation\Http\Kernel->Illuminate\Foundation\Http\{closure}(Object(Illuminate\Http\Request))
#19 /home/yeshvant/Desktop/Pathway_@/vendor/laravel/framework/src/Illuminate/Pipeline/Pipeline.php(141): call_user_func(Object(Closure), Object(Illuminate\Http\Request))
#20 /home/yeshvant/Desktop/Pathway_@/vendor/laravel/framework/src/Illuminate/Foundation/Http/Middleware/VerifyCsrfToken.php(43): Illuminate\Pipeline\Pipeline->Illuminate\Pipeline\{closure}(Object(Illuminate\Http\Request))
#21 /home/yeshvant/Desktop/Pathway_@/app/Http/Middleware/VerifyCsrfToken.php(18): Illuminate\Foundation\Http\Middleware\VerifyCsrfToken->handle(Object(Illuminate\Http\Request), Object(Closure))
#22 /home/yeshvant/Desktop/Pathway_@/vendor/laravel/framework/src/Illuminate/Pipeline/Pipeline.php(125): App\Http\Middleware\VerifyCsrfToken->handle(Object(Illuminate\Http\Request), Object(Closure))
#23 /home/yeshvant/Desktop/Pathway_@/vendor/laravel/framework/src/Illuminate/View/Middleware/ShareErrorsFromSession.php(55): Illuminate\Pipeline\Pipeline->Illuminate\Pipeline\{closure}(Object(Illuminate\Http\Request))
#24 /home/yeshvant/Desktop/Pathway_@/vendor/laravel/framework/src/Illuminate/Pipeline/Pipeline.php(125): Illuminate\View\Middleware\ShareErrorsFromSession->handle(Object(Illuminate\Http\Request), Object(Closure))
#25 /home/yeshvant/Desktop/Pathway_@/vendor/laravel/framework/src/Illuminate/Session/Middleware/StartSession.php(61): Illuminate\Pipeline\Pipeline->Illuminate\Pipeline\{closure}(Object(Illuminate\Http\Request))
#26 /home/yeshvant/Desktop/Pathway_@/vendor/laravel/framework/src/Illuminate/Pipeline/Pipeline.php(125): Illuminate\Session\Middleware\StartSession->handle(Object(Illuminate\Http\Request), Object(Closure))
#27 /home/yeshvant/Desktop/Pathway_@/vendor/laravel/framework/src/Illuminate/Cookie/Middleware/AddQueuedCookiesToResponse.php(36): Illuminate\Pipeline\Pipeline->Illuminate\Pipeline\{closure}(Object(Illuminate\Http\Request))
#28 /home/yeshvant/Desktop/Pathway_@/vendor/laravel/framework/src/Illuminate/Pipeline/Pipeline.php(125): Illuminate\Cookie\Middleware\AddQueuedCookiesToResponse->handle(Object(Illuminate\Http\Request), Object(Closure))
#29 /home/yeshvant/Desktop/Pathway_@/vendor/laravel/framework/src/Illuminate/Cookie/Middleware/EncryptCookies.php(40): Illuminate\Pipeline\Pipeline->Illuminate\Pipeline\{closure}(Object(Illuminate\Http\Request))
#30 /home/yeshvant/Desktop/Pathway_@/vendor/laravel/framework/src/Illuminate/Pipeline/Pipeline.php(125): Illuminate\Cookie\Middleware\EncryptCookies->handle(Object(Illuminate\Http\Request), Object(Closure))
#31 /home/yeshvant/Desktop/Pathway_@/vendor/laravel/framework/src/Illuminate/Foundation/Http/Middleware/CheckForMaintenanceMode.php(42): Illuminate\Pipeline\Pipeline->Illuminate\Pipeline\{closure}(Object(Illuminate\Http\Request))
#32 /home/yeshvant/Desktop/Pathway_@/vendor/laravel/framework/src/Illuminate/Pipeline/Pipeline.php(125): Illuminate\Foundation\Http\Middleware\CheckForMaintenanceMode->handle(Object(Illuminate\Http\Request), Object(Closure))
#33 [internal function]: Illuminate\Pipeline\Pipeline->Illuminate\Pipeline\{closure}(Object(Illuminate\Http\Request))
#34 /home/yeshvant/Desktop/Pathway_@/vendor/laravel/framework/src/Illuminate/Pipeline/Pipeline.php(101): call_user_func(Object(Closure), Object(Illuminate\Http\Request))
#35 /home/yeshvant/Desktop/Pathway_@/vendor/laravel/framework/src/Illuminate/Foundation/Http/Kernel.php(115): Illuminate\Pipeline\Pipeline->then(Object(Closure))
#36 /home/yeshvant/Desktop/Pathway_@/vendor/laravel/framework/src/Illuminate/Foundation/Http/Kernel.php(84): Illuminate\Foundation\Http\Kernel->sendRequestThroughRouter(Object(Illuminate\Http\Request))
#37 /home/yeshvant/Desktop/Pathway_@/public/index.php(53): Illuminate\Foundation\Http\Kernel->handle(Object(Illuminate\Http\Request))
#38 /home/yeshvant/Desktop/Pathway_@/server.php(20): require_once('/home/yeshvant/...')
#39 {main}

Next exception 'ErrorException' with message 'Use of undefined constant errorFile - assumed 'errorFile' (View: /home/yeshvant/Desktop/Pathway_@/resources/views/analysis/Result.blade.php)' in /home/yeshvant/Desktop/Pathway_@/storage/framework/views/899a7420dc9d4f7de689b2efe080185e:23
Stack trace:
#0 /home/yeshvant/Desktop/Pathway_@/vendor/laravel/framework/src/Illuminate/View/Engines/PhpEngine.php(43): Illuminate\View\Engines\CompilerEngine->handleViewException(Object(ErrorException), 1)
#1 /home/yeshvant/Desktop/Pathway_@/vendor/laravel/framework/src/Illuminate/View/Engines/CompilerEngine.php(57): Illuminate\View\Engines\PhpEngine->evaluatePath('/home/yeshvant/...', Array)
#2 /home/yeshvant/Desktop/Pathway_@/vendor/laravel/framework/src/Illuminate/View/View.php(136): Illuminate\View\Engines\CompilerEngine->get('/home/yeshvant/...', Array)
#3 /home/yeshvant/Desktop/Pathway_@/vendor/laravel/framework/src/Illuminate/View/View.php(104): Illuminate\View\View->getContents()
#4 /home/yeshvant/Desktop/Pathway_@/vendor/laravel/framework/src/Illuminate/View/View.php(78): Illuminate\View\View->renderContents()
#5 /home/yeshvant/Desktop/Pathway_@/vendor/laravel/framework/src/Illuminate/Http/Response.php(44): Illuminate\View\View->render()
#6 /home/yeshvant/Desktop/Pathway_@/vendor/symfony/http-foundation/Symfony/Component/HttpFoundation/Response.php(202): Illuminate\Http\Response->setContent(Object(Illuminate\View\View))
#7 /home/yeshvant/Desktop/Pathway_@/vendor/laravel/framework/src/Illuminate/Routing/Router.php(1189): Symfony\Component\HttpFoundation\Response->__construct(Object(Illuminate\View\View))
#8 /home/yeshvant/Desktop/Pathway_@/vendor/laravel/framework/src/Illuminate/Routing/Router.php(693): Illuminate\Routing\Router->prepareResponse(Object(Illuminate\Http\Request), Object(Illuminate\View\View))
#9 [internal function]: Illuminate\Routing\Router->Illuminate\Routing\{closure}(Object(Illuminate\Http\Request))
#10 /home/yeshvant/Desktop/Pathway_@/vendor/laravel/framework/src/Illuminate/Pipeline/Pipeline.php(141): call_user_func(Object(Closure), Object(Illuminate\Http\Request))
#11 [internal function]: Illuminate\Pipeline\Pipeline->Illuminate\Pipeline\{closure}(Object(Illuminate\Http\Request))
#12 /home/yeshvant/Desktop/Pathway_@/vendor/laravel/framework/src/Illuminate/Pipeline/Pipeline.php(101): call_user_func(Object(Closure), Object(Illuminate\Http\Request))
#13 /home/yeshvant/Desktop/Pathway_@/vendor/laravel/framework/src/Illuminate/Routing/Router.php(694): Illuminate\Pipeline\Pipeline->then(Object(Closure))
#14 /home/yeshvant/Desktop/Pathway_@/vendor/laravel/framework/src/Illuminate/Routing/Router.php(661): Illuminate\Routing\Router->runRouteWithinStack(Object(Illuminate\Routing\Route), Object(Illuminate\Http\Request))
#15 /home/yeshvant/Desktop/Pathway_@/vendor/laravel/framework/src/Illuminate/Routing/Router.php(619): Illuminate\Routing\Router->dispatchToRoute(Object(Illuminate\Http\Request))
#16 /home/yeshvant/Desktop/Pathway_@/vendor/laravel/framework/src/Illuminate/Foundation/Http/Kernel.php(214): Illuminate\Routing\Router->dispatch(Object(Illuminate\Http\Request))
#17 [internal function]: Illuminate\Foundation\Http\Kernel->Illuminate\Foundation\Http\{closure}(Object(Illuminate\Http\Request))
#18 /home/yeshvant/Desktop/Pathway_@/vendor/laravel/framework/src/Illuminate/Pipeline/Pipeline.php(141): call_user_func(Object(Closure), Object(Illuminate\Http\Request))
#19 /home/yeshvant/Desktop/Pathway_@/vendor/laravel/framework/src/Illuminate/Foundation/Http/Middleware/VerifyCsrfToken.php(43): Illuminate\Pipeline\Pipeline->Illuminate\Pipeline\{closure}(Object(Illuminate\Http\Request))
#20 /home/yeshvant/Desktop/Pathway_@/app/Http/Middleware/VerifyCsrfToken.php(18): Illuminate\Foundation\Http\Middleware\VerifyCsrfToken->handle(Object(Illuminate\Http\Request), Object(Closure))
#21 /home/yeshvant/Desktop/Pathway_@/vendor/laravel/framework/src/Illuminate/Pipeline/Pipeline.php(125): App\Http\Middleware\VerifyCsrfToken->handle(Object(Illuminate\Http\Request), Object(Closure))
#22 /home/yeshvant/Desktop/Pathway_@/vendor/laravel/framework/src/Illuminate/View/Middleware/ShareErrorsFromSession.php(55): Illuminate\Pipeline\Pipeline->Illuminate\Pipeline\{closure}(Object(Illuminate\Http\Request))
#23 /home/yeshvant/Desktop/Pathway_@/vendor/laravel/framework/src/Illuminate/Pipeline/Pipeline.php(125): Illuminate\View\Middleware\ShareErrorsFromSession->handle(Object(Illuminate\Http\Request), Object(Closure))
#24 /home/yeshvant/Desktop/Pathway_@/vendor/laravel/framework/src/Illuminate/Session/Middleware/StartSession.php(61): Illuminate\Pipeline\Pipeline->Illuminate\Pipeline\{closure}(Object(Illuminate\Http\Request))
#25 /home/yeshvant/Desktop/Pathway_@/vendor/laravel/framework/src/Illuminate/Pipeline/Pipeline.php(125): Illuminate\Session\Middleware\StartSession->handle(Object(Illuminate\Http\Request), Object(Closure))
#26 /home/yeshvant/Desktop/Pathway_@/vendor/laravel/framework/src/Illuminate/Cookie/Middleware/AddQueuedCookiesToResponse.php(36): Illuminate\Pipeline\Pipeline->Illuminate\Pipeline\{closure}(Object(Illuminate\Http\Request))
#27 /home/yeshvant/Desktop/Pathway_@/vendor/laravel/framework/src/Illuminate/Pipeline/Pipeline.php(125): Illuminate\Cookie\Middleware\AddQueuedCookiesToResponse->handle(Object(Illuminate\Http\Request), Object(Closure))
#28 /home/yeshvant/Desktop/Pathway_@/vendor/laravel/framework/src/Illuminate/Cookie/Middleware/EncryptCookies.php(40): Illuminate\Pipeline\Pipeline->Illuminate\Pipeline\{closure}(Object(Illuminate\Http\Request))
#29 /home/yeshvant/Desktop/Pathway_@/vendor/laravel/framework/src/Illuminate/Pipeline/Pipeline.php(125): Illuminate\Cookie\Middleware\EncryptCookies->handle(Object(Illuminate\Http\Request), Object(Closure))
#30 /home/yeshvant/Desktop/Pathway_@/vendor/laravel/framework/src/Illuminate/Foundation/Http/Middleware/CheckForMaintenanceMode.php(42): Illuminate\Pipeline\Pipeline->Illuminate\Pipeline\{closure}(Object(Illuminate\Http\Request))
#31 /home/yeshvant/Desktop/Pathway_@/vendor/laravel/framework/src/Illuminate/Pipeline/Pipeline.php(125): Illuminate\Foundation\Http\Middleware\CheckForMaintenanceMode->handle(Object(Illuminate\Http\Request), Object(Closure))
#32 [internal function]: Illuminate\Pipeline\Pipeline->Illuminate\Pipeline\{closure}(Object(Illuminate\Http\Request))
#33 /home/yeshvant/Desktop/Pathway_@/vendor/laravel/framework/src/Illuminate/Pipeline/Pipeline.php(101): call_user_func(Object(Closure), Object(Illuminate\Http\Request))
#34 /home/yeshvant/Desktop/Pathway_@/vendor/laravel/framework/src/Illuminate/Foundation/Http/Kernel.php(115): Illuminate\Pipeline\Pipeline->then(Object(Closure))
#35 /home/yeshvant/Desktop/Pathway_@/vendor/laravel/framework/src/Illuminate/Foundation/Http/Kernel.php(84): Illuminate\Foundation\Http\Kernel->sendRequestThroughRouter(Object(Illuminate\Http\Request))
#36 /home/yeshvant/Desktop/Pathway_@/public/index.php(53): Illuminate\Foundation\Http\Kernel->handle(Object(Illuminate\Http\Request))
#37 /home/yeshvant/Desktop/Pathway_@/server.php(20): require_once('/home/yeshvant/...')
#38 {main}  
[2015-05-17 02:59:40] local.ERROR: exception 'Symfony\Component\Debug\Exception\FatalErrorException' with message 'syntax error, unexpected '$temp' (T_VARIABLE), expecting ',' or ';'' in /home/yeshvant/Desktop/Pathway_@/storage/framework/views/899a7420dc9d4f7de689b2efe080185e:36
Stack trace:
#0 {main}  
[2015-05-17 03:50:19] local.ERROR: exception 'ErrorException' with message 'Undefined variable: a' in /home/yeshvant/Desktop/Pathway_@/storage/framework/views/899a7420dc9d4f7de689b2efe080185e:38
Stack trace:
#0 /home/yeshvant/Desktop/Pathway_@/storage/framework/views/899a7420dc9d4f7de689b2efe080185e(38): Illuminate\Foundation\Bootstrap\HandleExceptions->handleError(8, 'Undefined varia...', '/home/yeshvant/...', 38, Array)
#1 /home/yeshvant/Desktop/Pathway_@/vendor/laravel/framework/src/Illuminate/View/Engines/PhpEngine.php(39): include('/home/yeshvant/...')
#2 /home/yeshvant/Desktop/Pathway_@/vendor/laravel/framework/src/Illuminate/View/Engines/CompilerEngine.php(57): Illuminate\View\Engines\PhpEngine->evaluatePath('/home/yeshvant/...', Array)
#3 /home/yeshvant/Desktop/Pathway_@/vendor/laravel/framework/src/Illuminate/View/View.php(136): Illuminate\View\Engines\CompilerEngine->get('/home/yeshvant/...', Array)
#4 /home/yeshvant/Desktop/Pathway_@/vendor/laravel/framework/src/Illuminate/View/View.php(104): Illuminate\View\View->getContents()
#5 /home/yeshvant/Desktop/Pathway_@/vendor/laravel/framework/src/Illuminate/View/View.php(78): Illuminate\View\View->renderContents()
#6 /home/yeshvant/Desktop/Pathway_@/vendor/laravel/framework/src/Illuminate/Http/Response.php(44): Illuminate\View\View->render()
#7 /home/yeshvant/Desktop/Pathway_@/vendor/symfony/http-foundation/Symfony/Component/HttpFoundation/Response.php(202): Illuminate\Http\Response->setContent(Object(Illuminate\View\View))
#8 /home/yeshvant/Desktop/Pathway_@/vendor/laravel/framework/src/Illuminate/Routing/Router.php(1189): Symfony\Component\HttpFoundation\Response->__construct(Object(Illuminate\View\View))
#9 /home/yeshvant/Desktop/Pathway_@/vendor/laravel/framework/src/Illuminate/Routing/Router.php(693): Illuminate\Routing\Router->prepareResponse(Object(Illuminate\Http\Request), Object(Illuminate\View\View))
#10 [internal function]: Illuminate\Routing\Router->Illuminate\Routing\{closure}(Object(Illuminate\Http\Request))
#11 /home/yeshvant/Desktop/Pathway_@/vendor/laravel/framework/src/Illuminate/Pipeline/Pipeline.php(141): call_user_func(Object(Closure), Object(Illuminate\Http\Request))
#12 [internal function]: Illuminate\Pipeline\Pipeline->Illuminate\Pipeline\{closure}(Object(Illuminate\Http\Request))
#13 /home/yeshvant/Desktop/Pathway_@/vendor/laravel/framework/src/Illuminate/Pipeline/Pipeline.php(101): call_user_func(Object(Closure), Object(Illuminate\Http\Request))
#14 /home/yeshvant/Desktop/Pathway_@/vendor/laravel/framework/src/Illuminate/Routing/Router.php(694): Illuminate\Pipeline\Pipeline->then(Object(Closure))
#15 /home/yeshvant/Desktop/Pathway_@/vendor/laravel/framework/src/Illuminate/Routing/Router.php(661): Illuminate\Routing\Router->runRouteWithinStack(Object(Illuminate\Routing\Route), Object(Illuminate\Http\Request))
#16 /home/yeshvant/Desktop/Pathway_@/vendor/laravel/framework/src/Illuminate/Routing/Router.php(619): Illuminate\Routing\Router->dispatchToRoute(Object(Illuminate\Http\Request))
#17 /home/yeshvant/Desktop/Pathway_@/vendor/laravel/framework/src/Illuminate/Foundation/Http/Kernel.php(214): Illuminate\Routing\Router->dispatch(Object(Illuminate\Http\Request))
#18 [internal function]: Illuminate\Foundation\Http\Kernel->Illuminate\Foundation\Http\{closure}(Object(Illuminate\Http\Request))
#19 /home/yeshvant/Desktop/Pathway_@/vendor/laravel/framework/src/Illuminate/Pipeline/Pipeline.php(141): call_user_func(Object(Closure), Object(Illuminate\Http\Request))
#20 /home/yeshvant/Desktop/Pathway_@/vendor/laravel/framework/src/Illuminate/Foundation/Http/Middleware/VerifyCsrfToken.php(43): Illuminate\Pipeline\Pipeline->Illuminate\Pipeline\{closure}(Object(Illuminate\Http\Request))
#21 /home/yeshvant/Desktop/Pathway_@/app/Http/Middleware/VerifyCsrfToken.php(18): Illuminate\Foundation\Http\Middleware\VerifyCsrfToken->handle(Object(Illuminate\Http\Request), Object(Closure))
#22 /home/yeshvant/Desktop/Pathway_@/vendor/laravel/framework/src/Illuminate/Pipeline/Pipeline.php(125): App\Http\Middleware\VerifyCsrfToken->handle(Object(Illuminate\Http\Request), Object(Closure))
#23 /home/yeshvant/Desktop/Pathway_@/vendor/laravel/framework/src/Illuminate/View/Middleware/ShareErrorsFromSession.php(55): Illuminate\Pipeline\Pipeline->Illuminate\Pipeline\{closure}(Object(Illuminate\Http\Request))
#24 /home/yeshvant/Desktop/Pathway_@/vendor/laravel/framework/src/Illuminate/Pipeline/Pipeline.php(125): Illuminate\View\Middleware\ShareErrorsFromSession->handle(Object(Illuminate\Http\Request), Object(Closure))
#25 /home/yeshvant/Desktop/Pathway_@/vendor/laravel/framework/src/Illuminate/Session/Middleware/StartSession.php(61): Illuminate\Pipeline\Pipeline->Illuminate\Pipeline\{closure}(Object(Illuminate\Http\Request))
#26 /home/yeshvant/Desktop/Pathway_@/vendor/laravel/framework/src/Illuminate/Pipeline/Pipeline.php(125): Illuminate\Session\Middleware\StartSession->handle(Object(Illuminate\Http\Request), Object(Closure))
#27 /home/yeshvant/Desktop/Pathway_@/vendor/laravel/framework/src/Illuminate/Cookie/Middleware/AddQueuedCookiesToResponse.php(36): Illuminate\Pipeline\Pipeline->Illuminate\Pipeline\{closure}(Object(Illuminate\Http\Request))
#28 /home/yeshvant/Desktop/Pathway_@/vendor/laravel/framework/src/Illuminate/Pipeline/Pipeline.php(125): Illuminate\Cookie\Middleware\AddQueuedCookiesToResponse->handle(Object(Illuminate\Http\Request), Object(Closure))
#29 /home/yeshvant/Desktop/Pathway_@/vendor/laravel/framework/src/Illuminate/Cookie/Middleware/EncryptCookies.php(40): Illuminate\Pipeline\Pipeline->Illuminate\Pipeline\{closure}(Object(Illuminate\Http\Request))
#30 /home/yeshvant/Desktop/Pathway_@/vendor/laravel/framework/src/Illuminate/Pipeline/Pipeline.php(125): Illuminate\Cookie\Middleware\EncryptCookies->handle(Object(Illuminate\Http\Request), Object(Closure))
#31 /home/yeshvant/Desktop/Pathway_@/vendor/laravel/framework/src/Illuminate/Foundation/Http/Middleware/CheckForMaintenanceMode.php(42): Illuminate\Pipeline\Pipeline->Illuminate\Pipeline\{closure}(Object(Illuminate\Http\Request))
#32 /home/yeshvant/Desktop/Pathway_@/vendor/laravel/framework/src/Illuminate/Pipeline/Pipeline.php(125): Illuminate\Foundation\Http\Middleware\CheckForMaintenanceMode->handle(Object(Illuminate\Http\Request), Object(Closure))
#33 [internal function]: Illuminate\Pipeline\Pipeline->Illuminate\Pipeline\{closure}(Object(Illuminate\Http\Request))
#34 /home/yeshvant/Desktop/Pathway_@/vendor/laravel/framework/src/Illuminate/Pipeline/Pipeline.php(101): call_user_func(Object(Closure), Object(Illuminate\Http\Request))
#35 /home/yeshvant/Desktop/Pathway_@/vendor/laravel/framework/src/Illuminate/Foundation/Http/Kernel.php(115): Illuminate\Pipeline\Pipeline->then(Object(Closure))
#36 /home/yeshvant/Desktop/Pathway_@/vendor/laravel/framework/src/Illuminate/Foundation/Http/Kernel.php(84): Illuminate\Foundation\Http\Kernel->sendRequestThroughRouter(Object(Illuminate\Http\Request))
#37 /home/yeshvant/Desktop/Pathway_@/public/index.php(53): Illuminate\Foundation\Http\Kernel->handle(Object(Illuminate\Http\Request))
#38 /home/yeshvant/Desktop/Pathway_@/server.php(20): require_once('/home/yeshvant/...')
#39 {main}

Next exception 'ErrorException' with message 'Undefined variable: a (View: /home/yeshvant/Desktop/Pathway_@/resources/views/analysis/Result.blade.php)' in /home/yeshvant/Desktop/Pathway_@/storage/framework/views/899a7420dc9d4f7de689b2efe080185e:38
Stack trace:
#0 /home/yeshvant/Desktop/Pathway_@/vendor/laravel/framework/src/Illuminate/View/Engines/PhpEngine.php(43): Illuminate\View\Engines\CompilerEngine->handleViewException(Object(ErrorException), 1)
#1 /home/yeshvant/Desktop/Pathway_@/vendor/laravel/framework/src/Illuminate/View/Engines/CompilerEngine.php(57): Illuminate\View\Engines\PhpEngine->evaluatePath('/home/yeshvant/...', Array)
#2 /home/yeshvant/Desktop/Pathway_@/vendor/laravel/framework/src/Illuminate/View/View.php(136): Illuminate\View\Engines\CompilerEngine->get('/home/yeshvant/...', Array)
#3 /home/yeshvant/Desktop/Pathway_@/vendor/laravel/framework/src/Illuminate/View/View.php(104): Illuminate\View\View->getContents()
#4 /home/yeshvant/Desktop/Pathway_@/vendor/laravel/framework/src/Illuminate/View/View.php(78): Illuminate\View\View->renderContents()
#5 /home/yeshvant/Desktop/Pathway_@/vendor/laravel/framework/src/Illuminate/Http/Response.php(44): Illuminate\View\View->render()
#6 /home/yeshvant/Desktop/Pathway_@/vendor/symfony/http-foundation/Symfony/Component/HttpFoundation/Response.php(202): Illuminate\Http\Response->setContent(Object(Illuminate\View\View))
#7 /home/yeshvant/Desktop/Pathway_@/vendor/laravel/framework/src/Illuminate/Routing/Router.php(1189): Symfony\Component\HttpFoundation\Response->__construct(Object(Illuminate\View\View))
#8 /home/yeshvant/Desktop/Pathway_@/vendor/laravel/framework/src/Illuminate/Routing/Router.php(693): Illuminate\Routing\Router->prepareResponse(Object(Illuminate\Http\Request), Object(Illuminate\View\View))
#9 [internal function]: Illuminate\Routing\Router->Illuminate\Routing\{closure}(Object(Illuminate\Http\Request))
#10 /home/yeshvant/Desktop/Pathway_@/vendor/laravel/framework/src/Illuminate/Pipeline/Pipeline.php(141): call_user_func(Object(Closure), Object(Illuminate\Http\Request))
#11 [internal function]: Illuminate\Pipeline\Pipeline->Illuminate\Pipeline\{closure}(Object(Illuminate\Http\Request))
#12 /home/yeshvant/Desktop/Pathway_@/vendor/laravel/framework/src/Illuminate/Pipeline/Pipeline.php(101): call_user_func(Object(Closure), Object(Illuminate\Http\Request))
#13 /home/yeshvant/Desktop/Pathway_@/vendor/laravel/framework/src/Illuminate/Routing/Router.php(694): Illuminate\Pipeline\Pipeline->then(Object(Closure))
#14 /home/yeshvant/Desktop/Pathway_@/vendor/laravel/framework/src/Illuminate/Routing/Router.php(661): Illuminate\Routing\Router->runRouteWithinStack(Object(Illuminate\Routing\Route), Object(Illuminate\Http\Request))
#15 /home/yeshvant/Desktop/Pathway_@/vendor/laravel/framework/src/Illuminate/Routing/Router.php(619): Illuminate\Routing\Router->dispatchToRoute(Object(Illuminate\Http\Request))
#16 /home/yeshvant/Desktop/Pathway_@/vendor/laravel/framework/src/Illuminate/Foundation/Http/Kernel.php(214): Illuminate\Routing\Router->dispatch(Object(Illuminate\Http\Request))
#17 [internal function]: Illuminate\Foundation\Http\Kernel->Illuminate\Foundation\Http\{closure}(Object(Illuminate\Http\Request))
#18 /home/yeshvant/Desktop/Pathway_@/vendor/laravel/framework/src/Illuminate/Pipeline/Pipeline.php(141): call_user_func(Object(Closure), Object(Illuminate\Http\Request))
#19 /home/yeshvant/Desktop/Pathway_@/vendor/laravel/framework/src/Illuminate/Foundation/Http/Middleware/VerifyCsrfToken.php(43): Illuminate\Pipeline\Pipeline->Illuminate\Pipeline\{closure}(Object(Illuminate\Http\Request))
#20 /home/yeshvant/Desktop/Pathway_@/app/Http/Middleware/VerifyCsrfToken.php(18): Illuminate\Foundation\Http\Middleware\VerifyCsrfToken->handle(Object(Illuminate\Http\Request), Object(Closure))
#21 /home/yeshvant/Desktop/Pathway_@/vendor/laravel/framework/src/Illuminate/Pipeline/Pipeline.php(125): App\Http\Middleware\VerifyCsrfToken->handle(Object(Illuminate\Http\Request), Object(Closure))
#22 /home/yeshvant/Desktop/Pathway_@/vendor/laravel/framework/src/Illuminate/View/Middleware/ShareErrorsFromSession.php(55): Illuminate\Pipeline\Pipeline->Illuminate\Pipeline\{closure}(Object(Illuminate\Http\Request))
#23 /home/yeshvant/Desktop/Pathway_@/vendor/laravel/framework/src/Illuminate/Pipeline/Pipeline.php(125): Illuminate\View\Middleware\ShareErrorsFromSession->handle(Object(Illuminate\Http\Request), Object(Closure))
#24 /home/yeshvant/Desktop/Pathway_@/vendor/laravel/framework/src/Illuminate/Session/Middleware/StartSession.php(61): Illuminate\Pipeline\Pipeline->Illuminate\Pipeline\{closure}(Object(Illuminate\Http\Request))
#25 /home/yeshvant/Desktop/Pathway_@/vendor/laravel/framework/src/Illuminate/Pipeline/Pipeline.php(125): Illuminate\Session\Middleware\StartSession->handle(Object(Illuminate\Http\Request), Object(Closure))
#26 /home/yeshvant/Desktop/Pathway_@/vendor/laravel/framework/src/Illuminate/Cookie/Middleware/AddQueuedCookiesToResponse.php(36): Illuminate\Pipeline\Pipeline->Illuminate\Pipeline\{closure}(Object(Illuminate\Http\Request))
#27 /home/yeshvant/Desktop/Pathway_@/vendor/laravel/framework/src/Illuminate/Pipeline/Pipeline.php(125): Illuminate\Cookie\Middleware\AddQueuedCookiesToResponse->handle(Object(Illuminate\Http\Request), Object(Closure))
#28 /home/yeshvant/Desktop/Pathway_@/vendor/laravel/framework/src/Illuminate/Cookie/Middleware/EncryptCookies.php(40): Illuminate\Pipeline\Pipeline->Illuminate\Pipeline\{closure}(Object(Illuminate\Http\Request))
#29 /home/yeshvant/Desktop/Pathway_@/vendor/laravel/framework/src/Illuminate/Pipeline/Pipeline.php(125): Illuminate\Cookie\Middleware\EncryptCookies->handle(Object(Illuminate\Http\Request), Object(Closure))
#30 /home/yeshvant/Desktop/Pathway_@/vendor/laravel/framework/src/Illuminate/Foundation/Http/Middleware/CheckForMaintenanceMode.php(42): Illuminate\Pipeline\Pipeline->Illuminate\Pipeline\{closure}(Object(Illuminate\Http\Request))
#31 /home/yeshvant/Desktop/Pathway_@/vendor/laravel/framework/src/Illuminate/Pipeline/Pipeline.php(125): Illuminate\Foundation\Http\Middleware\CheckForMaintenanceMode->handle(Object(Illuminate\Http\Request), Object(Closure))
#32 [internal function]: Illuminate\Pipeline\Pipeline->Illuminate\Pipeline\{closure}(Object(Illuminate\Http\Request))
#33 /home/yeshvant/Desktop/Pathway_@/vendor/laravel/framework/src/Illuminate/Pipeline/Pipeline.php(101): call_user_func(Object(Closure), Object(Illuminate\Http\Request))
#34 /home/yeshvant/Desktop/Pathway_@/vendor/laravel/framework/src/Illuminate/Foundation/Http/Kernel.php(115): Illuminate\Pipeline\Pipeline->then(Object(Closure))
#35 /home/yeshvant/Desktop/Pathway_@/vendor/laravel/framework/src/Illuminate/Foundation/Http/Kernel.php(84): Illuminate\Foundation\Http\Kernel->sendRequestThroughRouter(Object(Illuminate\Http\Request))
#36 /home/yeshvant/Desktop/Pathway_@/public/index.php(53): Illuminate\Foundation\Http\Kernel->handle(Object(Illuminate\Http\Request))
#37 /home/yeshvant/Desktop/Pathway_@/server.php(20): require_once('/home/yeshvant/...')
#38 {main}  
[2015-05-17 03:50:47] local.ERROR: exception 'ErrorException' with message 'Undefined variable: a' in /home/yeshvant/Desktop/Pathway_@/storage/framework/views/899a7420dc9d4f7de689b2efe080185e:38
Stack trace:
#0 /home/yeshvant/Desktop/Pathway_@/storage/framework/views/899a7420dc9d4f7de689b2efe080185e(38): Illuminate\Foundation\Bootstrap\HandleExceptions->handleError(8, 'Undefined varia...', '/home/yeshvant/...', 38, Array)
#1 /home/yeshvant/Desktop/Pathway_@/vendor/laravel/framework/src/Illuminate/View/Engines/PhpEngine.php(39): include('/home/yeshvant/...')
#2 /home/yeshvant/Desktop/Pathway_@/vendor/laravel/framework/src/Illuminate/View/Engines/CompilerEngine.php(57): Illuminate\View\Engines\PhpEngine->evaluatePath('/home/yeshvant/...', Array)
#3 /home/yeshvant/Desktop/Pathway_@/vendor/laravel/framework/src/Illuminate/View/View.php(136): Illuminate\View\Engines\CompilerEngine->get('/home/yeshvant/...', Array)
#4 /home/yeshvant/Desktop/Pathway_@/vendor/laravel/framework/src/Illuminate/View/View.php(104): Illuminate\View\View->getContents()
#5 /home/yeshvant/Desktop/Pathway_@/vendor/laravel/framework/src/Illuminate/View/View.php(78): Illuminate\View\View->renderContents()
#6 /home/yeshvant/Desktop/Pathway_@/vendor/laravel/framework/src/Illuminate/Http/Response.php(44): Illuminate\View\View->render()
#7 /home/yeshvant/Desktop/Pathway_@/vendor/symfony/http-foundation/Symfony/Component/HttpFoundation/Response.php(202): Illuminate\Http\Response->setContent(Object(Illuminate\View\View))
#8 /home/yeshvant/Desktop/Pathway_@/vendor/laravel/framework/src/Illuminate/Routing/Router.php(1189): Symfony\Component\HttpFoundation\Response->__construct(Object(Illuminate\View\View))
#9 /home/yeshvant/Desktop/Pathway_@/vendor/laravel/framework/src/Illuminate/Routing/Router.php(693): Illuminate\Routing\Router->prepareResponse(Object(Illuminate\Http\Request), Object(Illuminate\View\View))
#10 [internal function]: Illuminate\Routing\Router->Illuminate\Routing\{closure}(Object(Illuminate\Http\Request))
#11 /home/yeshvant/Desktop/Pathway_@/vendor/laravel/framework/src/Illuminate/Pipeline/Pipeline.php(141): call_user_func(Object(Closure), Object(Illuminate\Http\Request))
#12 [internal function]: Illuminate\Pipeline\Pipeline->Illuminate\Pipeline\{closure}(Object(Illuminate\Http\Request))
#13 /home/yeshvant/Desktop/Pathway_@/vendor/laravel/framework/src/Illuminate/Pipeline/Pipeline.php(101): call_user_func(Object(Closure), Object(Illuminate\Http\Request))
#14 /home/yeshvant/Desktop/Pathway_@/vendor/laravel/framework/src/Illuminate/Routing/Router.php(694): Illuminate\Pipeline\Pipeline->then(Object(Closure))
#15 /home/yeshvant/Desktop/Pathway_@/vendor/laravel/framework/src/Illuminate/Routing/Router.php(661): Illuminate\Routing\Router->runRouteWithinStack(Object(Illuminate\Routing\Route), Object(Illuminate\Http\Request))
#16 /home/yeshvant/Desktop/Pathway_@/vendor/laravel/framework/src/Illuminate/Routing/Router.php(619): Illuminate\Routing\Router->dispatchToRoute(Object(Illuminate\Http\Request))
#17 /home/yeshvant/Desktop/Pathway_@/vendor/laravel/framework/src/Illuminate/Foundation/Http/Kernel.php(214): Illuminate\Routing\Router->dispatch(Object(Illuminate\Http\Request))
#18 [internal function]: Illuminate\Foundation\Http\Kernel->Illuminate\Foundation\Http\{closure}(Object(Illuminate\Http\Request))
#19 /home/yeshvant/Desktop/Pathway_@/vendor/laravel/framework/src/Illuminate/Pipeline/Pipeline.php(141): call_user_func(Object(Closure), Object(Illuminate\Http\Request))
#20 /home/yeshvant/Desktop/Pathway_@/vendor/laravel/framework/src/Illuminate/Foundation/Http/Middleware/VerifyCsrfToken.php(43): Illuminate\Pipeline\Pipeline->Illuminate\Pipeline\{closure}(Object(Illuminate\Http\Request))
#21 /home/yeshvant/Desktop/Pathway_@/app/Http/Middleware/VerifyCsrfToken.php(18): Illuminate\Foundation\Http\Middleware\VerifyCsrfToken->handle(Object(Illuminate\Http\Request), Object(Closure))
#22 /home/yeshvant/Desktop/Pathway_@/vendor/laravel/framework/src/Illuminate/Pipeline/Pipeline.php(125): App\Http\Middleware\VerifyCsrfToken->handle(Object(Illuminate\Http\Request), Object(Closure))
#23 /home/yeshvant/Desktop/Pathway_@/vendor/laravel/framework/src/Illuminate/View/Middleware/ShareErrorsFromSession.php(55): Illuminate\Pipeline\Pipeline->Illuminate\Pipeline\{closure}(Object(Illuminate\Http\Request))
#24 /home/yeshvant/Desktop/Pathway_@/vendor/laravel/framework/src/Illuminate/Pipeline/Pipeline.php(125): Illuminate\View\Middleware\ShareErrorsFromSession->handle(Object(Illuminate\Http\Request), Object(Closure))
#25 /home/yeshvant/Desktop/Pathway_@/vendor/laravel/framework/src/Illuminate/Session/Middleware/StartSession.php(61): Illuminate\Pipeline\Pipeline->Illuminate\Pipeline\{closure}(Object(Illuminate\Http\Request))
#26 /home/yeshvant/Desktop/Pathway_@/vendor/laravel/framework/src/Illuminate/Pipeline/Pipeline.php(125): Illuminate\Session\Middleware\StartSession->handle(Object(Illuminate\Http\Request), Object(Closure))
#27 /home/yeshvant/Desktop/Pathway_@/vendor/laravel/framework/src/Illuminate/Cookie/Middleware/AddQueuedCookiesToResponse.php(36): Illuminate\Pipeline\Pipeline->Illuminate\Pipeline\{closure}(Object(Illuminate\Http\Request))
#28 /home/yeshvant/Desktop/Pathway_@/vendor/laravel/framework/src/Illuminate/Pipeline/Pipeline.php(125): Illuminate\Cookie\Middleware\AddQueuedCookiesToResponse->handle(Object(Illuminate\Http\Request), Object(Closure))
#29 /home/yeshvant/Desktop/Pathway_@/vendor/laravel/framework/src/Illuminate/Cookie/Middleware/EncryptCookies.php(40): Illuminate\Pipeline\Pipeline->Illuminate\Pipeline\{closure}(Object(Illuminate\Http\Request))
#30 /home/yeshvant/Desktop/Pathway_@/vendor/laravel/framework/src/Illuminate/Pipeline/Pipeline.php(125): Illuminate\Cookie\Middleware\EncryptCookies->handle(Object(Illuminate\Http\Request), Object(Closure))
#31 /home/yeshvant/Desktop/Pathway_@/vendor/laravel/framework/src/Illuminate/Foundation/Http/Middleware/CheckForMaintenanceMode.php(42): Illuminate\Pipeline\Pipeline->Illuminate\Pipeline\{closure}(Object(Illuminate\Http\Request))
#32 /home/yeshvant/Desktop/Pathway_@/vendor/laravel/framework/src/Illuminate/Pipeline/Pipeline.php(125): Illuminate\Foundation\Http\Middleware\CheckForMaintenanceMode->handle(Object(Illuminate\Http\Request), Object(Closure))
#33 [internal function]: Illuminate\Pipeline\Pipeline->Illuminate\Pipeline\{closure}(Object(Illuminate\Http\Request))
#34 /home/yeshvant/Desktop/Pathway_@/vendor/laravel/framework/src/Illuminate/Pipeline/Pipeline.php(101): call_user_func(Object(Closure), Object(Illuminate\Http\Request))
#35 /home/yeshvant/Desktop/Pathway_@/vendor/laravel/framework/src/Illuminate/Foundation/Http/Kernel.php(115): Illuminate\Pipeline\Pipeline->then(Object(Closure))
#36 /home/yeshvant/Desktop/Pathway_@/vendor/laravel/framework/src/Illuminate/Foundation/Http/Kernel.php(84): Illuminate\Foundation\Http\Kernel->sendRequestThroughRouter(Object(Illuminate\Http\Request))
#37 /home/yeshvant/Desktop/Pathway_@/public/index.php(53): Illuminate\Foundation\Http\Kernel->handle(Object(Illuminate\Http\Request))
#38 /home/yeshvant/Desktop/Pathway_@/server.php(20): require_once('/home/yeshvant/...')
#39 {main}

Next exception 'ErrorException' with message 'Undefined variable: a (View: /home/yeshvant/Desktop/Pathway_@/resources/views/analysis/Result.blade.php)' in /home/yeshvant/Desktop/Pathway_@/storage/framework/views/899a7420dc9d4f7de689b2efe080185e:38
Stack trace:
#0 /home/yeshvant/Desktop/Pathway_@/vendor/laravel/framework/src/Illuminate/View/Engines/PhpEngine.php(43): Illuminate\View\Engines\CompilerEngine->handleViewException(Object(ErrorException), 1)
#1 /home/yeshvant/Desktop/Pathway_@/vendor/laravel/framework/src/Illuminate/View/Engines/CompilerEngine.php(57): Illuminate\View\Engines\PhpEngine->evaluatePath('/home/yeshvant/...', Array)
#2 /home/yeshvant/Desktop/Pathway_@/vendor/laravel/framework/src/Illuminate/View/View.php(136): Illuminate\View\Engines\CompilerEngine->get('/home/yeshvant/...', Array)
#3 /home/yeshvant/Desktop/Pathway_@/vendor/laravel/framework/src/Illuminate/View/View.php(104): Illuminate\View\View->getContents()
#4 /home/yeshvant/Desktop/Pathway_@/vendor/laravel/framework/src/Illuminate/View/View.php(78): Illuminate\View\View->renderContents()
#5 /home/yeshvant/Desktop/Pathway_@/vendor/laravel/framework/src/Illuminate/Http/Response.php(44): Illuminate\View\View->render()
#6 /home/yeshvant/Desktop/Pathway_@/vendor/symfony/http-foundation/Symfony/Component/HttpFoundation/Response.php(202): Illuminate\Http\Response->setContent(Object(Illuminate\View\View))
#7 /home/yeshvant/Desktop/Pathway_@/vendor/laravel/framework/src/Illuminate/Routing/Router.php(1189): Symfony\Component\HttpFoundation\Response->__construct(Object(Illuminate\View\View))
#8 /home/yeshvant/Desktop/Pathway_@/vendor/laravel/framework/src/Illuminate/Routing/Router.php(693): Illuminate\Routing\Router->prepareResponse(Object(Illuminate\Http\Request), Object(Illuminate\View\View))
#9 [internal function]: Illuminate\Routing\Router->Illuminate\Routing\{closure}(Object(Illuminate\Http\Request))
#10 /home/yeshvant/Desktop/Pathway_@/vendor/laravel/framework/src/Illuminate/Pipeline/Pipeline.php(141): call_user_func(Object(Closure), Object(Illuminate\Http\Request))
#11 [internal function]: Illuminate\Pipeline\Pipeline->Illuminate\Pipeline\{closure}(Object(Illuminate\Http\Request))
#12 /home/yeshvant/Desktop/Pathway_@/vendor/laravel/framework/src/Illuminate/Pipeline/Pipeline.php(101): call_user_func(Object(Closure), Object(Illuminate\Http\Request))
#13 /home/yeshvant/Desktop/Pathway_@/vendor/laravel/framework/src/Illuminate/Routing/Router.php(694): Illuminate\Pipeline\Pipeline->then(Object(Closure))
#14 /home/yeshvant/Desktop/Pathway_@/vendor/laravel/framework/src/Illuminate/Routing/Router.php(661): Illuminate\Routing\Router->runRouteWithinStack(Object(Illuminate\Routing\Route), Object(Illuminate\Http\Request))
#15 /home/yeshvant/Desktop/Pathway_@/vendor/laravel/framework/src/Illuminate/Routing/Router.php(619): Illuminate\Routing\Router->dispatchToRoute(Object(Illuminate\Http\Request))
#16 /home/yeshvant/Desktop/Pathway_@/vendor/laravel/framework/src/Illuminate/Foundation/Http/Kernel.php(214): Illuminate\Routing\Router->dispatch(Object(Illuminate\Http\Request))
#17 [internal function]: Illuminate\Foundation\Http\Kernel->Illuminate\Foundation\Http\{closure}(Object(Illuminate\Http\Request))
#18 /home/yeshvant/Desktop/Pathway_@/vendor/laravel/framework/src/Illuminate/Pipeline/Pipeline.php(141): call_user_func(Object(Closure), Object(Illuminate\Http\Request))
#19 /home/yeshvant/Desktop/Pathway_@/vendor/laravel/framework/src/Illuminate/Foundation/Http/Middleware/VerifyCsrfToken.php(43): Illuminate\Pipeline\Pipeline->Illuminate\Pipeline\{closure}(Object(Illuminate\Http\Request))
#20 /home/yeshvant/Desktop/Pathway_@/app/Http/Middleware/VerifyCsrfToken.php(18): Illuminate\Foundation\Http\Middleware\VerifyCsrfToken->handle(Object(Illuminate\Http\Request), Object(Closure))
#21 /home/yeshvant/Desktop/Pathway_@/vendor/laravel/framework/src/Illuminate/Pipeline/Pipeline.php(125): App\Http\Middleware\VerifyCsrfToken->handle(Object(Illuminate\Http\Request), Object(Closure))
#22 /home/yeshvant/Desktop/Pathway_@/vendor/laravel/framework/src/Illuminate/View/Middleware/ShareErrorsFromSession.php(55): Illuminate\Pipeline\Pipeline->Illuminate\Pipeline\{closure}(Object(Illuminate\Http\Request))
#23 /home/yeshvant/Desktop/Pathway_@/vendor/laravel/framework/src/Illuminate/Pipeline/Pipeline.php(125): Illuminate\View\Middleware\ShareErrorsFromSession->handle(Object(Illuminate\Http\Request), Object(Closure))
#24 /home/yeshvant/Desktop/Pathway_@/vendor/laravel/framework/src/Illuminate/Session/Middleware/StartSession.php(61): Illuminate\Pipeline\Pipeline->Illuminate\Pipeline\{closure}(Object(Illuminate\Http\Request))
#25 /home/yeshvant/Desktop/Pathway_@/vendor/laravel/framework/src/Illuminate/Pipeline/Pipeline.php(125): Illuminate\Session\Middleware\StartSession->handle(Object(Illuminate\Http\Request), Object(Closure))
#26 /home/yeshvant/Desktop/Pathway_@/vendor/laravel/framework/src/Illuminate/Cookie/Middleware/AddQueuedCookiesToResponse.php(36): Illuminate\Pipeline\Pipeline->Illuminate\Pipeline\{closure}(Object(Illuminate\Http\Request))
#27 /home/yeshvant/Desktop/Pathway_@/vendor/laravel/framework/src/Illuminate/Pipeline/Pipeline.php(125): Illuminate\Cookie\Middleware\AddQueuedCookiesToResponse->handle(Object(Illuminate\Http\Request), Object(Closure))
#28 /home/yeshvant/Desktop/Pathway_@/vendor/laravel/framework/src/Illuminate/Cookie/Middleware/EncryptCookies.php(40): Illuminate\Pipeline\Pipeline->Illuminate\Pipeline\{closure}(Object(Illuminate\Http\Request))
#29 /home/yeshvant/Desktop/Pathway_@/vendor/laravel/framework/src/Illuminate/Pipeline/Pipeline.php(125): Illuminate\Cookie\Middleware\EncryptCookies->handle(Object(Illuminate\Http\Request), Object(Closure))
#30 /home/yeshvant/Desktop/Pathway_@/vendor/laravel/framework/src/Illuminate/Foundation/Http/Middleware/CheckForMaintenanceMode.php(42): Illuminate\Pipeline\Pipeline->Illuminate\Pipeline\{closure}(Object(Illuminate\Http\Request))
#31 /home/yeshvant/Desktop/Pathway_@/vendor/laravel/framework/src/Illuminate/Pipeline/Pipeline.php(125): Illuminate\Foundation\Http\Middleware\CheckForMaintenanceMode->handle(Object(Illuminate\Http\Request), Object(Closure))
#32 [internal function]: Illuminate\Pipeline\Pipeline->Illuminate\Pipeline\{closure}(Object(Illuminate\Http\Request))
#33 /home/yeshvant/Desktop/Pathway_@/vendor/laravel/framework/src/Illuminate/Pipeline/Pipeline.php(101): call_user_func(Object(Closure), Object(Illuminate\Http\Request))
#34 /home/yeshvant/Desktop/Pathway_@/vendor/laravel/framework/src/Illuminate/Foundation/Http/Kernel.php(115): Illuminate\Pipeline\Pipeline->then(Object(Closure))
#35 /home/yeshvant/Desktop/Pathway_@/vendor/laravel/framework/src/Illuminate/Foundation/Http/Kernel.php(84): Illuminate\Foundation\Http\Kernel->sendRequestThroughRouter(Object(Illuminate\Http\Request))
#36 /home/yeshvant/Desktop/Pathway_@/public/index.php(53): Illuminate\Foundation\Http\Kernel->handle(Object(Illuminate\Http\Request))
#37 /home/yeshvant/Desktop/Pathway_@/server.php(20): require_once('/home/yeshvant/...')
#38 {main}  
