[2015-05-14 18:53:01] local.ERROR: exception 'ErrorException' with message 'Undefined variable: pathidx' in /home/ybhavnasi/Desktop/Pathway/Pathway/app/Http/Controllers/AnalysisController.php:227
Stack trace:
#0 /home/ybhavnasi/Desktop/Pathway/Pathway/app/Http/Controllers/AnalysisController.php(227): Illuminate\Foundation\Bootstrap\HandleExceptions->handleError(8, 'Undefined varia...', '/home/ybhavnasi...', 227, Array)
#1 /home/ybhavnasi/Desktop/Pathway/Pathway/app/Http/Controllers/AnalysisController.php(23): App\Http\Controllers\AnalysisController->analysis('newAnalysis')
#2 [internal function]: App\Http\Controllers\AnalysisController->postAnalysis(Object(App\Http\Requests\CraeteAnalysisRequest))
#3 /home/ybhavnasi/Desktop/Pathway/Pathway/vendor/laravel/framework/src/Illuminate/Routing/Controller.php(246): call_user_func_array(Array, Array)
#4 /home/ybhavnasi/Desktop/Pathway/Pathway/vendor/laravel/framework/src/Illuminate/Routing/ControllerDispatcher.php(162): Illuminate\Routing\Controller->callAction('postAnalysis', Array)
#5 /home/ybhavnasi/Desktop/Pathway/Pathway/vendor/laravel/framework/src/Illuminate/Routing/ControllerDispatcher.php(107): Illuminate\Routing\ControllerDispatcher->call(Object(App\Http\Controllers\AnalysisController), Object(Illuminate\Routing\Route), 'postAnalysis')
#6 [internal function]: Illuminate\Routing\ControllerDispatcher->Illuminate\Routing\{closure}(Object(Illuminate\Http\Request))
#7 /home/ybhavnasi/Desktop/Pathway/Pathway/vendor/laravel/framework/src/Illuminate/Pipeline/Pipeline.php(141): call_user_func(Object(Closure), Object(Illuminate\Http\Request))
#8 [internal function]: Illuminate\Pipeline\Pipeline->Illuminate\Pipeline\{closure}(Object(Illuminate\Http\Request))
#9 /home/ybhavnasi/Desktop/Pathway/Pathway/vendor/laravel/framework/src/Illuminate/Pipeline/Pipeline.php(101): call_user_func(Object(Closure), Object(Illuminate\Http\Request))
#10 /home/ybhavnasi/Desktop/Pathway/Pathway/vendor/laravel/framework/src/Illuminate/Routing/ControllerDispatcher.php(108): Illuminate\Pipeline\Pipeline->then(Object(Closure))
#11 /home/ybhavnasi/Desktop/Pathway/Pathway/vendor/laravel/framework/src/Illuminate/Routing/ControllerDispatcher.php(67): Illuminate\Routing\ControllerDispatcher->callWithinStack(Object(App\Http\Controllers\AnalysisController), Object(Illuminate\Routing\Route), Object(Illuminate\Http\Request), 'postAnalysis')
#12 /home/ybhavnasi/Desktop/Pathway/Pathway/vendor/laravel/framework/src/Illuminate/Routing/Route.php(198): Illuminate\Routing\ControllerDispatcher->dispatch(Object(Illuminate\Routing\Route), Object(Illuminate\Http\Request), 'App\\Http\\Contro...', 'postAnalysis')
#13 /home/ybhavnasi/Desktop/Pathway/Pathway/vendor/laravel/framework/src/Illuminate/Routing/Route.php(131): Illuminate\Routing\Route->runWithCustomDispatcher(Object(Illuminate\Http\Request))
#14 /home/ybhavnasi/Desktop/Pathway/Pathway/vendor/laravel/framework/src/Illuminate/Routing/Router.php(692): Illuminate\Routing\Route->run(Object(Illuminate\Http\Request))
#15 [internal function]: Illuminate\Routing\Router->Illuminate\Routing\{closure}(Object(Illuminate\Http\Request))
#16 /home/ybhavnasi/Desktop/Pathway/Pathway/vendor/laravel/framework/src/Illuminate/Pipeline/Pipeline.php(141): call_user_func(Object(Closure), Object(Illuminate\Http\Request))
#17 [internal function]: Illuminate\Pipeline\Pipeline->Illuminate\Pipeline\{closure}(Object(Illuminate\Http\Request))
#18 /home/ybhavnasi/Desktop/Pathway/Pathway/vendor/laravel/framework/src/Illuminate/Pipeline/Pipeline.php(101): call_user_func(Object(Closure), Object(Illuminate\Http\Request))
#19 /home/ybhavnasi/Desktop/Pathway/Pathway/vendor/laravel/framework/src/Illuminate/Routing/Router.php(694): Illuminate\Pipeline\Pipeline->then(Object(Closure))
#20 /home/ybhavnasi/Desktop/Pathway/Pathway/vendor/laravel/framework/src/Illuminate/Routing/Router.php(661): Illuminate\Routing\Router->runRouteWithinStack(Object(Illuminate\Routing\Route), Object(Illuminate\Http\Request))
#21 /home/ybhavnasi/Desktop/Pathway/Pathway/vendor/laravel/framework/src/Illuminate/Routing/Router.php(619): Illuminate\Routing\Router->dispatchToRoute(Object(Illuminate\Http\Request))
#22 /home/ybhavnasi/Desktop/Pathway/Pathway/vendor/laravel/framework/src/Illuminate/Foundation/Http/Kernel.php(214): Illuminate\Routing\Router->dispatch(Object(Illuminate\Http\Request))
#23 [internal function]: Illuminate\Foundation\Http\Kernel->Illuminate\Foundation\Http\{closure}(Object(Illuminate\Http\Request))
#24 /home/ybhavnasi/Desktop/Pathway/Pathway/vendor/laravel/framework/src/Illuminate/Pipeline/Pipeline.php(141): call_user_func(Object(Closure), Object(Illuminate\Http\Request))
#25 /home/ybhavnasi/Desktop/Pathway/Pathway/vendor/laravel/framework/src/Illuminate/Foundation/Http/Middleware/VerifyCsrfToken.php(43): Illuminate\Pipeline\Pipeline->Illuminate\Pipeline\{closure}(Object(Illuminate\Http\Request))
#26 /home/ybhavnasi/Desktop/Pathway/Pathway/app/Http/Middleware/VerifyCsrfToken.php(18): Illuminate\Foundation\Http\Middleware\VerifyCsrfToken->handle(Object(Illuminate\Http\Request), Object(Closure))
#27 /home/ybhavnasi/Desktop/Pathway/Pathway/vendor/laravel/framework/src/Illuminate/Pipeline/Pipeline.php(125): App\Http\Middleware\VerifyCsrfToken->handle(Object(Illuminate\Http\Request), Object(Closure))
#28 /home/ybhavnasi/Desktop/Pathway/Pathway/vendor/laravel/framework/src/Illuminate/View/Middleware/ShareErrorsFromSession.php(55): Illuminate\Pipeline\Pipeline->Illuminate\Pipeline\{closure}(Object(Illuminate\Http\Request))
#29 /home/ybhavnasi/Desktop/Pathway/Pathway/vendor/laravel/framework/src/Illuminate/Pipeline/Pipeline.php(125): Illuminate\View\Middleware\ShareErrorsFromSession->handle(Object(Illuminate\Http\Request), Object(Closure))
#30 /home/ybhavnasi/Desktop/Pathway/Pathway/vendor/laravel/framework/src/Illuminate/Session/Middleware/StartSession.php(61): Illuminate\Pipeline\Pipeline->Illuminate\Pipeline\{closure}(Object(Illuminate\Http\Request))
#31 /home/ybhavnasi/Desktop/Pathway/Pathway/vendor/laravel/framework/src/Illuminate/Pipeline/Pipeline.php(125): Illuminate\Session\Middleware\StartSession->handle(Object(Illuminate\Http\Request), Object(Closure))
#32 /home/ybhavnasi/Desktop/Pathway/Pathway/vendor/laravel/framework/src/Illuminate/Cookie/Middleware/AddQueuedCookiesToResponse.php(36): Illuminate\Pipeline\Pipeline->Illuminate\Pipeline\{closure}(Object(Illuminate\Http\Request))
#33 /home/ybhavnasi/Desktop/Pathway/Pathway/vendor/laravel/framework/src/Illuminate/Pipeline/Pipeline.php(125): Illuminate\Cookie\Middleware\AddQueuedCookiesToResponse->handle(Object(Illuminate\Http\Request), Object(Closure))
#34 /home/ybhavnasi/Desktop/Pathway/Pathway/vendor/laravel/framework/src/Illuminate/Cookie/Middleware/EncryptCookies.php(40): Illuminate\Pipeline\Pipeline->Illuminate\Pipeline\{closure}(Object(Illuminate\Http\Request))
#35 /home/ybhavnasi/Desktop/Pathway/Pathway/vendor/laravel/framework/src/Illuminate/Pipeline/Pipeline.php(125): Illuminate\Cookie\Middleware\EncryptCookies->handle(Object(Illuminate\Http\Request), Object(Closure))
#36 /home/ybhavnasi/Desktop/Pathway/Pathway/vendor/laravel/framework/src/Illuminate/Foundation/Http/Middleware/CheckForMaintenanceMode.php(42): Illuminate\Pipeline\Pipeline->Illuminate\Pipeline\{closure}(Object(Illuminate\Http\Request))
#37 /home/ybhavnasi/Desktop/Pathway/Pathway/vendor/laravel/framework/src/Illuminate/Pipeline/Pipeline.php(125): Illuminate\Foundation\Http\Middleware\CheckForMaintenanceMode->handle(Object(Illuminate\Http\Request), Object(Closure))
#38 [internal function]: Illuminate\Pipeline\Pipeline->Illuminate\Pipeline\{closure}(Object(Illuminate\Http\Request))
#39 /home/ybhavnasi/Desktop/Pathway/Pathway/vendor/laravel/framework/src/Illuminate/Pipeline/Pipeline.php(101): call_user_func(Object(Closure), Object(Illuminate\Http\Request))
#40 /home/ybhavnasi/Desktop/Pathway/Pathway/vendor/laravel/framework/src/Illuminate/Foundation/Http/Kernel.php(115): Illuminate\Pipeline\Pipeline->then(Object(Closure))
#41 /home/ybhavnasi/Desktop/Pathway/Pathway/vendor/laravel/framework/src/Illuminate/Foundation/Http/Kernel.php(84): Illuminate\Foundation\Http\Kernel->sendRequestThroughRouter(Object(Illuminate\Http\Request))
#42 /home/ybhavnasi/Desktop/Pathway/Pathway/public/index.php(53): Illuminate\Foundation\Http\Kernel->handle(Object(Illuminate\Http\Request))
#43 /home/ybhavnasi/Desktop/Pathway/Pathway/server.php(20): require_once('/home/ybhavnasi...')
#44 {main}  
[2015-05-14 18:55:41] local.ERROR: exception 'ErrorException' with message 'Undefined variable: pathidx' in /home/ybhavnasi/Desktop/Pathway/Pathway/app/Http/Controllers/AnalysisController.php:227
Stack trace:
#0 /home/ybhavnasi/Desktop/Pathway/Pathway/app/Http/Controllers/AnalysisController.php(227): Illuminate\Foundation\Bootstrap\HandleExceptions->handleError(8, 'Undefined varia...', '/home/ybhavnasi...', 227, Array)
#1 /home/ybhavnasi/Desktop/Pathway/Pathway/app/Http/Controllers/AnalysisController.php(23): App\Http\Controllers\AnalysisController->analysis('newAnalysis')
#2 [internal function]: App\Http\Controllers\AnalysisController->postAnalysis(Object(App\Http\Requests\CraeteAnalysisRequest))
#3 /home/ybhavnasi/Desktop/Pathway/Pathway/vendor/laravel/framework/src/Illuminate/Routing/Controller.php(246): call_user_func_array(Array, Array)
#4 /home/ybhavnasi/Desktop/Pathway/Pathway/vendor/laravel/framework/src/Illuminate/Routing/ControllerDispatcher.php(162): Illuminate\Routing\Controller->callAction('postAnalysis', Array)
#5 /home/ybhavnasi/Desktop/Pathway/Pathway/vendor/laravel/framework/src/Illuminate/Routing/ControllerDispatcher.php(107): Illuminate\Routing\ControllerDispatcher->call(Object(App\Http\Controllers\AnalysisController), Object(Illuminate\Routing\Route), 'postAnalysis')
#6 [internal function]: Illuminate\Routing\ControllerDispatcher->Illuminate\Routing\{closure}(Object(Illuminate\Http\Request))
#7 /home/ybhavnasi/Desktop/Pathway/Pathway/vendor/laravel/framework/src/Illuminate/Pipeline/Pipeline.php(141): call_user_func(Object(Closure), Object(Illuminate\Http\Request))
#8 [internal function]: Illuminate\Pipeline\Pipeline->Illuminate\Pipeline\{closure}(Object(Illuminate\Http\Request))
#9 /home/ybhavnasi/Desktop/Pathway/Pathway/vendor/laravel/framework/src/Illuminate/Pipeline/Pipeline.php(101): call_user_func(Object(Closure), Object(Illuminate\Http\Request))
#10 /home/ybhavnasi/Desktop/Pathway/Pathway/vendor/laravel/framework/src/Illuminate/Routing/ControllerDispatcher.php(108): Illuminate\Pipeline\Pipeline->then(Object(Closure))
#11 /home/ybhavnasi/Desktop/Pathway/Pathway/vendor/laravel/framework/src/Illuminate/Routing/ControllerDispatcher.php(67): Illuminate\Routing\ControllerDispatcher->callWithinStack(Object(App\Http\Controllers\AnalysisController), Object(Illuminate\Routing\Route), Object(Illuminate\Http\Request), 'postAnalysis')
#12 /home/ybhavnasi/Desktop/Pathway/Pathway/vendor/laravel/framework/src/Illuminate/Routing/Route.php(198): Illuminate\Routing\ControllerDispatcher->dispatch(Object(Illuminate\Routing\Route), Object(Illuminate\Http\Request), 'App\\Http\\Contro...', 'postAnalysis')
#13 /home/ybhavnasi/Desktop/Pathway/Pathway/vendor/laravel/framework/src/Illuminate/Routing/Route.php(131): Illuminate\Routing\Route->runWithCustomDispatcher(Object(Illuminate\Http\Request))
#14 /home/ybhavnasi/Desktop/Pathway/Pathway/vendor/laravel/framework/src/Illuminate/Routing/Router.php(692): Illuminate\Routing\Route->run(Object(Illuminate\Http\Request))
#15 [internal function]: Illuminate\Routing\Router->Illuminate\Routing\{closure}(Object(Illuminate\Http\Request))
#16 /home/ybhavnasi/Desktop/Pathway/Pathway/vendor/laravel/framework/src/Illuminate/Pipeline/Pipeline.php(141): call_user_func(Object(Closure), Object(Illuminate\Http\Request))
#17 [internal function]: Illuminate\Pipeline\Pipeline->Illuminate\Pipeline\{closure}(Object(Illuminate\Http\Request))
#18 /home/ybhavnasi/Desktop/Pathway/Pathway/vendor/laravel/framework/src/Illuminate/Pipeline/Pipeline.php(101): call_user_func(Object(Closure), Object(Illuminate\Http\Request))
#19 /home/ybhavnasi/Desktop/Pathway/Pathway/vendor/laravel/framework/src/Illuminate/Routing/Router.php(694): Illuminate\Pipeline\Pipeline->then(Object(Closure))
#20 /home/ybhavnasi/Desktop/Pathway/Pathway/vendor/laravel/framework/src/Illuminate/Routing/Router.php(661): Illuminate\Routing\Router->runRouteWithinStack(Object(Illuminate\Routing\Route), Object(Illuminate\Http\Request))
#21 /home/ybhavnasi/Desktop/Pathway/Pathway/vendor/laravel/framework/src/Illuminate/Routing/Router.php(619): Illuminate\Routing\Router->dispatchToRoute(Object(Illuminate\Http\Request))
#22 /home/ybhavnasi/Desktop/Pathway/Pathway/vendor/laravel/framework/src/Illuminate/Foundation/Http/Kernel.php(214): Illuminate\Routing\Router->dispatch(Object(Illuminate\Http\Request))
#23 [internal function]: Illuminate\Foundation\Http\Kernel->Illuminate\Foundation\Http\{closure}(Object(Illuminate\Http\Request))
#24 /home/ybhavnasi/Desktop/Pathway/Pathway/vendor/laravel/framework/src/Illuminate/Pipeline/Pipeline.php(141): call_user_func(Object(Closure), Object(Illuminate\Http\Request))
#25 /home/ybhavnasi/Desktop/Pathway/Pathway/vendor/laravel/framework/src/Illuminate/Foundation/Http/Middleware/VerifyCsrfToken.php(43): Illuminate\Pipeline\Pipeline->Illuminate\Pipeline\{closure}(Object(Illuminate\Http\Request))
#26 /home/ybhavnasi/Desktop/Pathway/Pathway/app/Http/Middleware/VerifyCsrfToken.php(18): Illuminate\Foundation\Http\Middleware\VerifyCsrfToken->handle(Object(Illuminate\Http\Request), Object(Closure))
#27 /home/ybhavnasi/Desktop/Pathway/Pathway/vendor/laravel/framework/src/Illuminate/Pipeline/Pipeline.php(125): App\Http\Middleware\VerifyCsrfToken->handle(Object(Illuminate\Http\Request), Object(Closure))
#28 /home/ybhavnasi/Desktop/Pathway/Pathway/vendor/laravel/framework/src/Illuminate/View/Middleware/ShareErrorsFromSession.php(55): Illuminate\Pipeline\Pipeline->Illuminate\Pipeline\{closure}(Object(Illuminate\Http\Request))
#29 /home/ybhavnasi/Desktop/Pathway/Pathway/vendor/laravel/framework/src/Illuminate/Pipeline/Pipeline.php(125): Illuminate\View\Middleware\ShareErrorsFromSession->handle(Object(Illuminate\Http\Request), Object(Closure))
#30 /home/ybhavnasi/Desktop/Pathway/Pathway/vendor/laravel/framework/src/Illuminate/Session/Middleware/StartSession.php(61): Illuminate\Pipeline\Pipeline->Illuminate\Pipeline\{closure}(Object(Illuminate\Http\Request))
#31 /home/ybhavnasi/Desktop/Pathway/Pathway/vendor/laravel/framework/src/Illuminate/Pipeline/Pipeline.php(125): Illuminate\Session\Middleware\StartSession->handle(Object(Illuminate\Http\Request), Object(Closure))
#32 /home/ybhavnasi/Desktop/Pathway/Pathway/vendor/laravel/framework/src/Illuminate/Cookie/Middleware/AddQueuedCookiesToResponse.php(36): Illuminate\Pipeline\Pipeline->Illuminate\Pipeline\{closure}(Object(Illuminate\Http\Request))
#33 /home/ybhavnasi/Desktop/Pathway/Pathway/vendor/laravel/framework/src/Illuminate/Pipeline/Pipeline.php(125): Illuminate\Cookie\Middleware\AddQueuedCookiesToResponse->handle(Object(Illuminate\Http\Request), Object(Closure))
#34 /home/ybhavnasi/Desktop/Pathway/Pathway/vendor/laravel/framework/src/Illuminate/Cookie/Middleware/EncryptCookies.php(40): Illuminate\Pipeline\Pipeline->Illuminate\Pipeline\{closure}(Object(Illuminate\Http\Request))
#35 /home/ybhavnasi/Desktop/Pathway/Pathway/vendor/laravel/framework/src/Illuminate/Pipeline/Pipeline.php(125): Illuminate\Cookie\Middleware\EncryptCookies->handle(Object(Illuminate\Http\Request), Object(Closure))
#36 /home/ybhavnasi/Desktop/Pathway/Pathway/vendor/laravel/framework/src/Illuminate/Foundation/Http/Middleware/CheckForMaintenanceMode.php(42): Illuminate\Pipeline\Pipeline->Illuminate\Pipeline\{closure}(Object(Illuminate\Http\Request))
#37 /home/ybhavnasi/Desktop/Pathway/Pathway/vendor/laravel/framework/src/Illuminate/Pipeline/Pipeline.php(125): Illuminate\Foundation\Http\Middleware\CheckForMaintenanceMode->handle(Object(Illuminate\Http\Request), Object(Closure))
#38 [internal function]: Illuminate\Pipeline\Pipeline->Illuminate\Pipeline\{closure}(Object(Illuminate\Http\Request))
#39 /home/ybhavnasi/Desktop/Pathway/Pathway/vendor/laravel/framework/src/Illuminate/Pipeline/Pipeline.php(101): call_user_func(Object(Closure), Object(Illuminate\Http\Request))
#40 /home/ybhavnasi/Desktop/Pathway/Pathway/vendor/laravel/framework/src/Illuminate/Foundation/Http/Kernel.php(115): Illuminate\Pipeline\Pipeline->then(Object(Closure))
#41 /home/ybhavnasi/Desktop/Pathway/Pathway/vendor/laravel/framework/src/Illuminate/Foundation/Http/Kernel.php(84): Illuminate\Foundation\Http\Kernel->sendRequestThroughRouter(Object(Illuminate\Http\Request))
#42 /home/ybhavnasi/Desktop/Pathway/Pathway/public/index.php(53): Illuminate\Foundation\Http\Kernel->handle(Object(Illuminate\Http\Request))
#43 /home/ybhavnasi/Desktop/Pathway/Pathway/server.php(20): require_once('/home/ybhavnasi...')
#44 {main}  
[2015-05-14 18:55:58] local.ERROR: exception 'ErrorException' with message 'Undefined variable: pathidx' in /home/ybhavnasi/Desktop/Pathway/Pathway/app/Http/Controllers/AnalysisController.php:227
Stack trace:
#0 /home/ybhavnasi/Desktop/Pathway/Pathway/app/Http/Controllers/AnalysisController.php(227): Illuminate\Foundation\Bootstrap\HandleExceptions->handleError(8, 'Undefined varia...', '/home/ybhavnasi...', 227, Array)
#1 /home/ybhavnasi/Desktop/Pathway/Pathway/app/Http/Controllers/AnalysisController.php(23): App\Http\Controllers\AnalysisController->analysis('newAnalysis')
#2 [internal function]: App\Http\Controllers\AnalysisController->postAnalysis(Object(App\Http\Requests\CraeteAnalysisRequest))
#3 /home/ybhavnasi/Desktop/Pathway/Pathway/vendor/laravel/framework/src/Illuminate/Routing/Controller.php(246): call_user_func_array(Array, Array)
#4 /home/ybhavnasi/Desktop/Pathway/Pathway/vendor/laravel/framework/src/Illuminate/Routing/ControllerDispatcher.php(162): Illuminate\Routing\Controller->callAction('postAnalysis', Array)
#5 /home/ybhavnasi/Desktop/Pathway/Pathway/vendor/laravel/framework/src/Illuminate/Routing/ControllerDispatcher.php(107): Illuminate\Routing\ControllerDispatcher->call(Object(App\Http\Controllers\AnalysisController), Object(Illuminate\Routing\Route), 'postAnalysis')
#6 [internal function]: Illuminate\Routing\ControllerDispatcher->Illuminate\Routing\{closure}(Object(Illuminate\Http\Request))
#7 /home/ybhavnasi/Desktop/Pathway/Pathway/vendor/laravel/framework/src/Illuminate/Pipeline/Pipeline.php(141): call_user_func(Object(Closure), Object(Illuminate\Http\Request))
#8 [internal function]: Illuminate\Pipeline\Pipeline->Illuminate\Pipeline\{closure}(Object(Illuminate\Http\Request))
#9 /home/ybhavnasi/Desktop/Pathway/Pathway/vendor/laravel/framework/src/Illuminate/Pipeline/Pipeline.php(101): call_user_func(Object(Closure), Object(Illuminate\Http\Request))
#10 /home/ybhavnasi/Desktop/Pathway/Pathway/vendor/laravel/framework/src/Illuminate/Routing/ControllerDispatcher.php(108): Illuminate\Pipeline\Pipeline->then(Object(Closure))
#11 /home/ybhavnasi/Desktop/Pathway/Pathway/vendor/laravel/framework/src/Illuminate/Routing/ControllerDispatcher.php(67): Illuminate\Routing\ControllerDispatcher->callWithinStack(Object(App\Http\Controllers\AnalysisController), Object(Illuminate\Routing\Route), Object(Illuminate\Http\Request), 'postAnalysis')
#12 /home/ybhavnasi/Desktop/Pathway/Pathway/vendor/laravel/framework/src/Illuminate/Routing/Route.php(198): Illuminate\Routing\ControllerDispatcher->dispatch(Object(Illuminate\Routing\Route), Object(Illuminate\Http\Request), 'App\\Http\\Contro...', 'postAnalysis')
#13 /home/ybhavnasi/Desktop/Pathway/Pathway/vendor/laravel/framework/src/Illuminate/Routing/Route.php(131): Illuminate\Routing\Route->runWithCustomDispatcher(Object(Illuminate\Http\Request))
#14 /home/ybhavnasi/Desktop/Pathway/Pathway/vendor/laravel/framework/src/Illuminate/Routing/Router.php(692): Illuminate\Routing\Route->run(Object(Illuminate\Http\Request))
#15 [internal function]: Illuminate\Routing\Router->Illuminate\Routing\{closure}(Object(Illuminate\Http\Request))
#16 /home/ybhavnasi/Desktop/Pathway/Pathway/vendor/laravel/framework/src/Illuminate/Pipeline/Pipeline.php(141): call_user_func(Object(Closure), Object(Illuminate\Http\Request))
#17 [internal function]: Illuminate\Pipeline\Pipeline->Illuminate\Pipeline\{closure}(Object(Illuminate\Http\Request))
#18 /home/ybhavnasi/Desktop/Pathway/Pathway/vendor/laravel/framework/src/Illuminate/Pipeline/Pipeline.php(101): call_user_func(Object(Closure), Object(Illuminate\Http\Request))
#19 /home/ybhavnasi/Desktop/Pathway/Pathway/vendor/laravel/framework/src/Illuminate/Routing/Router.php(694): Illuminate\Pipeline\Pipeline->then(Object(Closure))
#20 /home/ybhavnasi/Desktop/Pathway/Pathway/vendor/laravel/framework/src/Illuminate/Routing/Router.php(661): Illuminate\Routing\Router->runRouteWithinStack(Object(Illuminate\Routing\Route), Object(Illuminate\Http\Request))
#21 /home/ybhavnasi/Desktop/Pathway/Pathway/vendor/laravel/framework/src/Illuminate/Routing/Router.php(619): Illuminate\Routing\Router->dispatchToRoute(Object(Illuminate\Http\Request))
#22 /home/ybhavnasi/Desktop/Pathway/Pathway/vendor/laravel/framework/src/Illuminate/Foundation/Http/Kernel.php(214): Illuminate\Routing\Router->dispatch(Object(Illuminate\Http\Request))
#23 [internal function]: Illuminate\Foundation\Http\Kernel->Illuminate\Foundation\Http\{closure}(Object(Illuminate\Http\Request))
#24 /home/ybhavnasi/Desktop/Pathway/Pathway/vendor/laravel/framework/src/Illuminate/Pipeline/Pipeline.php(141): call_user_func(Object(Closure), Object(Illuminate\Http\Request))
#25 /home/ybhavnasi/Desktop/Pathway/Pathway/vendor/laravel/framework/src/Illuminate/Foundation/Http/Middleware/VerifyCsrfToken.php(43): Illuminate\Pipeline\Pipeline->Illuminate\Pipeline\{closure}(Object(Illuminate\Http\Request))
#26 /home/ybhavnasi/Desktop/Pathway/Pathway/app/Http/Middleware/VerifyCsrfToken.php(18): Illuminate\Foundation\Http\Middleware\VerifyCsrfToken->handle(Object(Illuminate\Http\Request), Object(Closure))
#27 /home/ybhavnasi/Desktop/Pathway/Pathway/vendor/laravel/framework/src/Illuminate/Pipeline/Pipeline.php(125): App\Http\Middleware\VerifyCsrfToken->handle(Object(Illuminate\Http\Request), Object(Closure))
#28 /home/ybhavnasi/Desktop/Pathway/Pathway/vendor/laravel/framework/src/Illuminate/View/Middleware/ShareErrorsFromSession.php(55): Illuminate\Pipeline\Pipeline->Illuminate\Pipeline\{closure}(Object(Illuminate\Http\Request))
#29 /home/ybhavnasi/Desktop/Pathway/Pathway/vendor/laravel/framework/src/Illuminate/Pipeline/Pipeline.php(125): Illuminate\View\Middleware\ShareErrorsFromSession->handle(Object(Illuminate\Http\Request), Object(Closure))
#30 /home/ybhavnasi/Desktop/Pathway/Pathway/vendor/laravel/framework/src/Illuminate/Session/Middleware/StartSession.php(61): Illuminate\Pipeline\Pipeline->Illuminate\Pipeline\{closure}(Object(Illuminate\Http\Request))
#31 /home/ybhavnasi/Desktop/Pathway/Pathway/vendor/laravel/framework/src/Illuminate/Pipeline/Pipeline.php(125): Illuminate\Session\Middleware\StartSession->handle(Object(Illuminate\Http\Request), Object(Closure))
#32 /home/ybhavnasi/Desktop/Pathway/Pathway/vendor/laravel/framework/src/Illuminate/Cookie/Middleware/AddQueuedCookiesToResponse.php(36): Illuminate\Pipeline\Pipeline->Illuminate\Pipeline\{closure}(Object(Illuminate\Http\Request))
#33 /home/ybhavnasi/Desktop/Pathway/Pathway/vendor/laravel/framework/src/Illuminate/Pipeline/Pipeline.php(125): Illuminate\Cookie\Middleware\AddQueuedCookiesToResponse->handle(Object(Illuminate\Http\Request), Object(Closure))
#34 /home/ybhavnasi/Desktop/Pathway/Pathway/vendor/laravel/framework/src/Illuminate/Cookie/Middleware/EncryptCookies.php(40): Illuminate\Pipeline\Pipeline->Illuminate\Pipeline\{closure}(Object(Illuminate\Http\Request))
#35 /home/ybhavnasi/Desktop/Pathway/Pathway/vendor/laravel/framework/src/Illuminate/Pipeline/Pipeline.php(125): Illuminate\Cookie\Middleware\EncryptCookies->handle(Object(Illuminate\Http\Request), Object(Closure))
#36 /home/ybhavnasi/Desktop/Pathway/Pathway/vendor/laravel/framework/src/Illuminate/Foundation/Http/Middleware/CheckForMaintenanceMode.php(42): Illuminate\Pipeline\Pipeline->Illuminate\Pipeline\{closure}(Object(Illuminate\Http\Request))
#37 /home/ybhavnasi/Desktop/Pathway/Pathway/vendor/laravel/framework/src/Illuminate/Pipeline/Pipeline.php(125): Illuminate\Foundation\Http\Middleware\CheckForMaintenanceMode->handle(Object(Illuminate\Http\Request), Object(Closure))
#38 [internal function]: Illuminate\Pipeline\Pipeline->Illuminate\Pipeline\{closure}(Object(Illuminate\Http\Request))
#39 /home/ybhavnasi/Desktop/Pathway/Pathway/vendor/laravel/framework/src/Illuminate/Pipeline/Pipeline.php(101): call_user_func(Object(Closure), Object(Illuminate\Http\Request))
#40 /home/ybhavnasi/Desktop/Pathway/Pathway/vendor/laravel/framework/src/Illuminate/Foundation/Http/Kernel.php(115): Illuminate\Pipeline\Pipeline->then(Object(Closure))
#41 /home/ybhavnasi/Desktop/Pathway/Pathway/vendor/laravel/framework/src/Illuminate/Foundation/Http/Kernel.php(84): Illuminate\Foundation\Http\Kernel->sendRequestThroughRouter(Object(Illuminate\Http\Request))
#42 /home/ybhavnasi/Desktop/Pathway/Pathway/public/index.php(53): Illuminate\Foundation\Http\Kernel->handle(Object(Illuminate\Http\Request))
#43 /home/ybhavnasi/Desktop/Pathway/Pathway/server.php(20): require_once('/home/ybhavnasi...')
#44 {main}  
