Fatal error: cannot open file 'my_rscript.R': No such file or directory
Fatal error: cannot open file 'my_rscript.R': No such file or directory
Fatal error: cannot open file 'my_rscript.R': No such file or directory
null device 
          1 
null device 
          1 
null device 
          1 
null device 
          1 
null device 
          1 
null device 
          1 
[1] "gene.ensprot.txt"
[1] "gene.ensprot.txt"
[1] "gene"    "ensprot" "txt"    
[1] "inside if loop"
[1] "after if loop"
[1] "Downloading xml files for hsa00010, 1/1 pathways.."
[1] "Downloading png files for hsa00010, 1/1 pathways.."
[1] "gene.ensprot.txt"
[1] "gene.ensprot.txt"
[1] "gene"    "ensprot" "txt"    
[1] "inside if loop"
[1] "after if loop"
[1] "Downloading xml files for hsa00010, 1/1 pathways.."
[1] "Downloading png files for hsa00010, 1/1 pathways.."
[1] "gene.ensprot.txt"
[1] "gene.ensprot.txt"
[1] "gene"    "ensprot" "txt"    
[1] "inside if loop"
[1] "after if loop"
[1] "Downloading xml files for hsa00010, 1/1 pathways.."
[1] "Downloading png files for hsa00010, 1/1 pathways.."
[1] "gene.ensprot.txt"
[1] "gene.ensprot.txt"
[1] "gene"    "ensprot" "txt"    
[1] "inside if loop"
[1] "after if loop"
[1] "Downloading xml files for hsa00010, 1/1 pathways.."
[1] "Downloading png files for hsa00010, 1/1 pathways.."
[1] "gene.ensprot.txt"
[1] "gene.ensprot.txt"
[1] "gene"    "ensprot" "txt"    
[1] "inside if loop"
[1] "after if loop"
[1] "Downloading xml files for hsa00010, 1/1 pathways.."
[1] "Downloading png files for hsa00010, 1/1 pathways.."
[1] "gene.ensprot.txt"
[1] "gene.ensprot.txt"
[1] "gene"    "ensprot" "txt"    
[1] "inside if loop"
[1] "after if loop"
[1] "Downloading xml files for hsa00010, 1/1 pathways.."
[1] "Downloading png files for hsa00010, 1/1 pathways.."
[1] "gene.ensprot.txt"
[1] "gene.ensprot.txt"
[1] "gene"    "ensprot" "txt"    
[1] "inside if loop"
[1] "after if loop"
[1] "Downloading xml files for hsa00010, 1/1 pathways.."
[1] "Downloading png files for hsa00010, 1/1 pathways.."
[1] "gene.ensprot.txt"
[1] "gene.ensprot.txt"
[1] "gene"    "ensprot" "txt"    
[1] "inside if loop"
[1] "after if loop"
[1] "Downloading xml files for hsa00010, 1/1 pathways.."
[1] "Downloading png files for hsa00010, 1/1 pathways.."
[1] "gene.ensprot.txt"
[1] "gene.ensprot.txt"
[1] "gene"    "ensprot" "txt"    
[1] "inside if loop"
[1] "after if loop"
[1] "Downloading xml files for hsa00010, 1/1 pathways.."
[1] "Downloading png files for hsa00010, 1/1 pathways.."
[1] "gse16873.d3.csv"
[1] "gse16873.d3.csv"
[1] "gse16873" "d3"       "csv"     
[1] "after if loop"
[1] "Downloading xml files for hsa00010, 1/1 pathways.."
[1] "Downloading png files for hsa00010, 1/1 pathways.."
[1] "gse16873.d3.csv"
[1] "gse16873.d3.csv"
[1] "gse16873" "d3"       "csv"     
[1] "after if loop"
[1] "Downloading xml files for hsa00010, 1/1 pathways.."
[1] "Downloading png files for hsa00010, 1/1 pathways.."
NULL
[1] "gse16873.d3.csv"
[1] "gse16873.d3.csv"
[1] "gse16873" "d3"       "csv"     
[1] "after if loop"
[1] "Downloading xml files for hsa00010, 1/1 pathways.."
[1] "Downloading png files for hsa00010, 1/1 pathways.."
[1] "more than one path"
[1] 3
[1] "double"
[1] "inside while loop"
[1] "pathway2"
[1] "inside if loop for pathway"
[1] "00010"
[1] "inside while loop"
[1] "pathway1"
[1] "inside if loop for pathway"
[1] "00010"
[1] "inside while loop"
[1] "pathway0"
NULL
[1] "gse16873.d3.csv"
[1] "gse16873.d3.csv"
[1] "gse16873" "d3"       "csv"     
[1] "after if loop"
[1] "Downloading xml files for hsa00010, 1/1 pathways.."
[1] "Downloading png files for hsa00010, 1/1 pathways.."
[1] "more than one path"
[1] 3
[1] "double"
[1] "inside while loop"
[1] "pathway2"
[1] "inside if loop for pathway"
[1] "00030"
[1] "Downloading xml files for hsa00030, 1/1 pathways.."
[1] "Downloading png files for hsa00030, 1/1 pathways.."
[1] "inside while loop"
[1] "pathway1"
[1] "inside if loop for pathway"
[1] "00020"
[1] "Downloading xml files for hsa00020, 1/1 pathways.."
[1] "Downloading png files for hsa00020, 1/1 pathways.."
[1] "inside while loop"
[1] "pathway0"
NULL
[1] "gse16873.d3.csv"
[1] "gse16873.d3.csv"
[1] "gse16873" "d3"       "csv"     
[1] "after if loop"
[1] "Downloading xml files for hsa00010, 1/1 pathways.."
[1] "Downloading png files for hsa00010, 1/1 pathways.."
[1] "more than one path"
[1] 1
[1] "double"
[1] "inside while loop"
[1] "pathway0"
NULL
[1] "gse16873.d3.csv"
[1] "gse16873.d3.csv"
[1] "gse16873" "d3"       "csv"     
[1] "after if loop"
[1] "Downloading xml files for hsa00010, 1/1 pathways.."
[1] "Downloading png files for hsa00010, 1/1 pathways.."
[1] "more than one path"
[1] 1
[1] "double"
[1] "inside while loop"
[1] "pathway0"
NULL
[1] "gse16873.d3.csv"
[1] "gse16873.d3.csv"
[1] "gse16873" "d3"       "csv"     
[1] "after if loop"
[1] "Downloading xml files for hsa00010, 1/1 pathways.."
[1] "Downloading png files for hsa00010, 1/1 pathways.."
[1] "more than one path"
[1] 1
[1] "double"
[1] "inside while loop"
[1] "pathway0"
NULL
[1] "gse16873.d3.csv"
[1] "gse16873.d3.csv"
[1] "gse16873" "d3"       "csv"     
[1] "after if loop"
[1] "Downloading xml files for hsa00010, 1/1 pathways.."
[1] "Downloading png files for hsa00010, 1/1 pathways.."
[1] "more than one path"
[1] 1
[1] "double"
[1] "inside while loop"
[1] "pathway0"
NULL
[1] "gse16873.d3.csv"
[1] "gse16873.d3.csv"
[1] "gse16873" "d3"       "csv"     
[1] "after if loop"
[1] "Downloading xml files for hsa00010, 1/1 pathways.."
[1] "Downloading png files for hsa00010, 1/1 pathways.."
[1] "more than one path"
[1] 1
[1] "double"
[1] "inside while loop"
[1] "pathway0"
NULL
[1] "gse16873.d3.csv"
[1] "gse16873.d3.csv"
[1] "gse16873" "d3"       "csv"     
[1] "after if loop"
[1] "Downloading xml files for hsa00010, 1/1 pathways.."
[1] "Downloading png files for hsa00010, 1/1 pathways.."
[1] "more than one path"
[1] 1
[1] "double"
[1] "inside while loop"
[1] "pathway0"
NULL
[1] "gse16873.d3.csv"
[1] "gse16873.d3.csv"
[1] "gse16873" "d3"       "csv"     
[1] "after if loop"
[1] "Downloading xml files for hsa00010, 1/1 pathways.."
[1] "Downloading png files for hsa00010, 1/1 pathways.."
[1] "more than one path"
[1] 1
[1] "double"
[1] "inside while loop"
[1] "pathway0"
NULL
[1] "gse16873.d3.csv"
[1] "gse16873.d3.csv"
[1] "gse16873" "d3"       "csv"     
[1] "after if loop"
[1] "Downloading xml files for hsa00010, 1/1 pathways.."
[1] "Downloading png files for hsa00010, 1/1 pathways.."
[1] "more than one path"
[1] 1
[1] "double"
[1] "inside while loop"
[1] "pathway0"
NULL
[1] "gse16873.d3.csv"
[1] "gse16873.d3.csv"
[1] "gse16873" "d3"       "csv"     
[1] "after if loop"
[1] "Downloading xml files for hsa00010, 1/1 pathways.."
[1] "Downloading png files for hsa00010, 1/1 pathways.."
[1] "more than one path"
[1] 1
[1] "double"
[1] "inside while loop"
[1] "pathway0"
NULL
[1] "gse16873.d3.csv"
[1] "gse16873.d3.csv"
[1] "gse16873" "d3"       "csv"     
[1] "after if loop"
[1] "Downloading xml files for hsa00010, 1/1 pathways.."
[1] "Downloading png files for hsa00010, 1/1 pathways.."
[1] "more than one path"
[1] 1
[1] "double"
[1] "inside while loop"
[1] "pathway0"
NULL
[1] "gse16873.d3.csv"
[1] "gse16873.d3.csv"
[1] "gse16873" "d3"       "csv"     
[1] "after if loop"
[1] "Downloading xml files for hsa00010, 1/1 pathways.."
[1] "Downloading png files for hsa00010, 1/1 pathways.."
[1] "more than one path"
[1] 1
[1] "double"
[1] "inside while loop"
[1] "pathway0"
NULL
[1] "gse16873.d3.csv"
[1] "gse16873.d3.csv"
[1] "gse16873" "d3"       "csv"     
[1] "after if loop"
[1] "Downloading xml files for hsa00010, 1/1 pathways.."
[1] "Downloading png files for hsa00010, 1/1 pathways.."
[1] "more than one path"
[1] 1
[1] "double"
[1] "inside while loop"
[1] "pathway0"
NULL
[1] "gse16873.d3.csv"
[1] "gse16873.d3.csv"
[1] "gse16873" "d3"       "csv"     
[1] "after if loop"
[1] "Downloading xml files for hsa00010, 1/1 pathways.."
[1] "Downloading png files for hsa00010, 1/1 pathways.."
[1] "more than one path"
[1] 1
[1] "double"
[1] "inside while loop"
[1] "pathway0"
NULL
[1] "gse16873.d3.csv"
[1] "gse16873.d3.csv"
[1] "gse16873" "d3"       "csv"     
[1] "after if loop"
[1] "Downloading xml files for hsa00010, 1/1 pathways.."
[1] "Downloading png files for hsa00010, 1/1 pathways.."
[1] "more than one path"
[1] 1
[1] "double"
[1] "inside while loop"
[1] "pathway0"
NULL
[1] "gse16873.d3.csv"
[1] "gse16873.d3.csv"
[1] "gse16873" "d3"       "csv"     
[1] "after if loop"
NULL
[1] "gse16873.d3.csv"
[1] "gse16873.d3.csv"
[1] "gse16873" "d3"       "csv"     
[1] "after if loop"
NULL
[1] "gse16873.d3.csv"
[1] "gse16873.d3.csv"
[1] "gse16873" "d3"       "csv"     
[1] "after if loop"
NULL
[1] "gse16873.d3.csv"
[1] "gse16873.d3.csv"
[1] "gse16873" "d3"       "csv"     
[1] "after if loop"
NULL
[1] "gse16873.d3.csv"
[1] "gse16873.d3.csv"
[1] "gse16873" "d3"       "csv"     
[1] "after if loop"
[1] "more than one path"
[1] 1
[1] "double"
[1] "inside while loop"
[1] "pathway0"
NULL
[1] "gse16873.d3.csv"
[1] "gse16873.d3.csv"
[1] "gse16873" "d3"       "csv"     
[1] "after if loop"
[1] "more than one path"
[1] 1
[1] "double"
[1] "inside while loop"
[1] "pathway0"
NULL
[1] "gse16873.d3.csv"
[1] "gse16873.d3.csv"
[1] "gse16873" "d3"       "csv"     
[1] "after if loop"
[1] "more than one path"
[1] 1
[1] "double"
[1] "inside while loop"
[1] "pathway0"
NULL
[1] "gene.ensprot.csv"
[1] "gene.ensprot.csv"
[1] "gene"    "ensprot" "csv"    
[1] "after if loop"
[1] "more than one path"
[1] 1
[1] "double"
[1] "inside while loop"
[1] "pathway0"
NULL
[1] "gse16873.d3.csv"
[1] "gse16873.d3.csv"
[1] "gse16873" "d3"       "csv"     
[1] "after if loop"
[1] "more than one path"
[1] 1
[1] "double"
[1] "inside while loop"
[1] "pathway0"
NULL
[1] "gene.ensprot.csv"
[1] "gene.ensprot.csv"
[1] "gene"    "ensprot" "csv"    
[1] "after if loop"
[1] "more than one path"
[1] 1
[1] "double"
[1] "inside while loop"
[1] "pathway0"
NULL
[1] "gse16873.d3.csv"
[1] "gse16873.d3.csv"
[1] "gse16873" "d3"       "csv"     
[1] "after if loop"
[1] "more than one path"
[1] 1
[1] "double"
[1] "inside while loop"
[1] "pathway0"
NULL
[1] "gse16873.d3.csv"
[1] "gse16873.d3.csv"
[1] "gse16873" "d3"       "csv"     
[1] "after if loop"
[1] "more than one path"
[1] 1
[1] "double"
[1] "inside while loop"
[1] "pathway0"
NULL
[1] "gse16873.d3.csv"
[1] "gse16873.d3.csv"
[1] "gse16873" "d3"       "csv"     
[1] "after if loop"
[1] "more than one path"
[1] 1
[1] "double"
[1] "inside while loop"
[1] "pathway0"
NULL
[1] "gse16873.d3.csv"
[1] "gse16873.d3.csv"
[1] "gse16873" "d3"       "csv"     
[1] "after if loop"
[1] "more than one path"
[1] 1
[1] "double"
[1] "inside while loop"
[1] "pathway0"
NULL
[1] "gse16873.d3.csv"
[1] "gse16873.d3.csv"
[1] "gse16873" "d3"       "csv"     
[1] "after if loop"
[1] "more than one path"
[1] 1
[1] "double"
[1] "inside while loop"
[1] "pathway0"
NULL
[1] "gse16873.d3.txt"
[1] "gse16873.d3.txt"
[1] "gse16873" "d3"       "txt"     
[1] "inside if loop"
NULL
[1] "gse16873.d3.txt"
[1] "gse16873.d3.txt"
[1] "gse16873" "d3"       "txt"     
[1] "inside if loop"
NULL
[1] "gse16873.d3.csv"
[1] "gse16873.d3.csv"
[1] "gse16873" "d3"       "csv"     
[1] "after if loop"
[1] "more than one path"
[1] 1
[1] "double"
[1] "inside while loop"
[1] "pathway0"
NULL
[1] "gse16873.d3.txt"
[1] "gse16873.d3.txt"
[1] "gse16873" "d3"       "txt"     
[1] "inside if loop"
NULL
[1] "gse16873.d3.csv"
[1] "gse16873.d3.csv"
[1] "gse16873" "d3"       "csv"     
[1] "after if loop"
[1] "more than one path"
[1] 1
[1] "double"
[1] "inside while loop"
[1] "pathway0"
NULL
[1] "gse16873.d3.txt"
[1] "gse16873.d3.txt"
[1] "gse16873" "d3"       "txt"     
[1] "inside if loop"
[1] "after if loop"
[1] "more than one path"
[1] 1
[1] "double"
[1] "inside while loop"
[1] "pathway0"
NULL
[1] "gene.ensprot.txt"
[1] "gene.ensprot.txt"
[1] "gene"    "ensprot" "txt"    
[1] "inside if loop"
NULL
[1] "gene.ensprot.txt"
[1] "gene.ensprot.txt"
[1] "gene"    "ensprot" "txt"    
[1] "inside if loop"
[1] "after if loop"
[1] "more than one path"
[1] 1
[1] "double"
[1] "inside while loop"
[1] "pathway0"
NULL
[1] "gse16873.d3.txt"
[1] "gse16873.d3.txt"
[1] "gse16873" "d3"       "txt"     
[1] "inside if loop"
[1] "after if loop"
[1] "Downloading xml files for hsa00010, 1/1 pathways.."
[1] "Downloading png files for hsa00010, 1/1 pathways.."
[1] "more than one path"
[1] 1
[1] "double"
[1] "inside while loop"
[1] "pathway0"
NULL
[1] "gse16873.d3.txt"
[1] "gse16873.d3.txt"
[1] "gse16873" "d3"       "txt"     
[1] "inside if loop"
[1] "after if loop"
[1] "Downloading xml files for hsa00010, 1/1 pathways.."
[1] "Downloading png files for hsa00010, 1/1 pathways.."
[1] "more than one path"
[1] 1
[1] "double"
[1] "inside while loop"
[1] "pathway0"
NULL
[1] "gse16873.d3.txt"
[1] "gse16873.d3.txt"
[1] "gse16873" "d3"       "txt"     
[1] "inside if loop"
[1] "after if loop"
[1] "Downloading xml files for hsa00052, 1/1 pathways.."
[1] "Downloading png files for hsa00052, 1/1 pathways.."
[1] "more than one path"
[1] 2
[1] "double"
[1] "inside while loop"
[1] "pathway1"
[1] "inside if loop for pathway"
[1] "04110"
[1] "Downloading xml files for hsa04110, 1/1 pathways.."
[1] "Downloading png files for hsa04110, 1/1 pathways.."
[1] "inside while loop"
[1] "pathway0"
NULL
[1] "gse16873.d3.txt"
[1] "gse16873.d3.txt"
[1] "gse16873" "d3"       "txt"     
[1] "inside if loop"
[1] "after if loop"
[1] "Downloading xml files for hsa00010, 1/1 pathways.."
[1] "Downloading png files for hsa00010, 1/1 pathways.."
[1] "more than one path"
[1] 1
[1] "double"
[1] "inside while loop"
[1] "pathway0"
NULL
[1] "gse16873.d3.txt"
[1] "gse16873.d3.txt"
[1] "gse16873" "d3"       "txt"     
[1] "inside if loop"
[1] "after if loop"
[1] "Downloading xml files for hsa00010, 1/1 pathways.."
[1] "Downloading png files for hsa00010, 1/1 pathways.."
[1] "more than one path"
[1] 1
[1] "double"
[1] "inside while loop"
[1] "pathway0"
NULL
[1] "bmp6.d.txt"
[1] "bmp6.d.txt"
[1] "bmp6" "d"    "txt" 
[1] "inside if loop"
[1] "after if loop"
[1] "Downloading xml files for hsa00010, 1/1 pathways.."
[1] "Downloading png files for hsa00010, 1/1 pathways.."
[1] "more than one path"
[1] 1
[1] "double"
[1] "inside while loop"
[1] "pathway0"
NULL
[1] "bmp6.d.txt"
[1] "bmp6.d.txt"
[1] "bmp6" "d"    "txt" 
[1] "inside if loop"
[1] "after if loop"
[1] "Downloading xml files for hsa00010, 1/1 pathways.."
[1] "Downloading png files for hsa00010, 1/1 pathways.."
[1] "more than one path"
[1] 1
[1] "double"
[1] "inside while loop"
[1] "pathway0"
NULL
[1] "bmp6.d.txt"
[1] "bmp6.d.txt"
[1] "bmp6" "d"    "txt" 
[1] "inside if loop"
[1] "after if loop"
[1] "Downloading xml files for hsa00010, 1/1 pathways.."
[1] "Downloading png files for hsa00010, 1/1 pathways.."
[1] "more than one path"
[1] 1
[1] "double"
[1] "inside while loop"
[1] "pathway0"
NULL
[1] "bmp6.d.txt"
[1] "bmp6.d.txt"
[1] "bmp6" "d"    "txt" 
[1] "inside if loop"
[1] "after if loop"
[1] "Downloading xml files for hsa00010, 1/1 pathways.."
[1] "Downloading png files for hsa00010, 1/1 pathways.."
[1] "more than one path"
[1] 3
[1] "double"
[1] "inside while loop"
[1] "pathway2"
[1] "inside if loop for pathway"
[1] "00030"
[1] "Downloading xml files for hsa00030, 1/1 pathways.."
[1] "Downloading png files for hsa00030, 1/1 pathways.."
[1] "inside while loop"
[1] "pathway1"
[1] "inside if loop for pathway"
[1] "00020"
[1] "Downloading xml files for hsa00020, 1/1 pathways.."
[1] "Downloading png files for hsa00020, 1/1 pathways.."
[1] "inside while loop"
[1] "pathway0"
NULL
[1] "gse16873.d3.txt"
[1] "gse16873.d3.txt"
[1] "gse16873" "d3"       "txt"     
[1] "inside if loop"
[1] "after if loop"
[1] "Downloading xml files for hsa00010, 1/1 pathways.."
[1] "Downloading png files for hsa00010, 1/1 pathways.."
[1] "more than one path"
[1] 1
[1] "double"
[1] "inside while loop"
[1] "pathway0"
NULL
[1] "gse16873.d3.txt"
[1] "gse16873.d3.txt"
[1] "gse16873" "d3"       "txt"     
[1] "inside if loop"
[1] "after if loop"
[1] "Downloading xml files for hsa00010, 1/1 pathways.."
[1] "Downloading png files for hsa00010, 1/1 pathways.."
[1] "more than one path"
[1] 1
[1] "double"
[1] "inside while loop"
[1] "pathway0"
NULL
[1] "gse16873.d3.txt"
[1] "gse16873.d3.txt"
[1] "gse16873" "d3"       "txt"     
[1] "inside if loop"
[1] "after if loop"
[1] "Downloading xml files for hsa00010, 1/1 pathways.."
[1] "Downloading png files for hsa00010, 1/1 pathways.."
[1] "more than one path"
[1] 1
[1] "double"
[1] "inside while loop"
[1] "pathway0"
NULL
[1] "gse16873.d3.txt"
[1] "gse16873.d3.txt"
[1] "gse16873" "d3"       "txt"     
[1] "inside if loop"
[1] "after if loop"
[1] "Downloading xml files for hsa00010, 1/1 pathways.."
[1] "Downloading png files for hsa00010, 1/1 pathways.."
[1] "more than one path"
[1] 1
[1] "double"
[1] "inside while loop"
[1] "pathway0"
NULL
[1] "gse16873.d3.txt"
[1] "gse16873.d3.txt"
[1] "gse16873" "d3"       "txt"     
[1] "inside if loop"
[1] "after if loop"
[1] "Downloading xml files for hsa00010, 1/1 pathways.."
[1] "Downloading png files for hsa00010, 1/1 pathways.."
[1] "more than one path"
[1] 1
[1] "double"
[1] "inside while loop"
[1] "pathway0"
NULL
[1] "gse16873.d3.txt"
[1] "gse16873.d3.txt"
[1] "gse16873" "d3"       "txt"     
[1] "inside if loop"
[1] "after if loop"
[1] "Downloading xml files for hsa00010, 1/1 pathways.."
[1] "Downloading png files for hsa00010, 1/1 pathways.."
[1] "more than one path"
[1] 1
[1] "double"
[1] "inside while loop"
[1] "pathway0"
NULL
[1] "gene.ensprot.txt"
[1] "gene.ensprot.txt"
[1] "gene"    "ensprot" "txt"    
[1] "inside if loop"
[1] "after if loop"
[1] "Downloading xml files for hsa00640, 1/1 pathways.."
[1] "Downloading png files for hsa00640, 1/1 pathways.."
[1] "more than one path"
[1] 1
[1] "double"
[1] "inside while loop"
[1] "pathway0"
NULL
[1] "bmp6.d.txt"
[1] "bmp6.d.txt"
[1] "bmp6" "d"    "txt" 
[1] "inside if loop"
[1] "after if loop"
[1] "Downloading xml files for hsa00562, 1/1 pathways.."
[1] "Downloading png files for hsa00562, 1/1 pathways.."
[1] "more than one path"
[1] 2
[1] "double"
[1] "inside while loop"
[1] "pathway1"
[1] "inside if loop for pathway"
[1] "00030"
[1] "Downloading xml files for hsa00030, 1/1 pathways.."
[1] "Downloading png files for hsa00030, 1/1 pathways.."
[1] "inside while loop"
[1] "pathway0"
NULL
[1] "bmp6.d.txt"
[1] "bmp6.d.txt"
[1] "bmp6" "d"    "txt" 
[1] "inside if loop"
[1] "after if loop"
[1] "Downloading xml files for hsa00051, 1/1 pathways.."
[1] "Downloading png files for hsa00051, 1/1 pathways.."
[1] "more than one path"
[1] 2
[1] "double"
[1] "inside while loop"
[1] "pathway1"
[1] "inside if loop for pathway"
[1] "00020"
[1] "Downloading xml files for hsa00020, 1/1 pathways.."
[1] "Downloading png files for hsa00020, 1/1 pathways.."
[1] "inside while loop"
[1] "pathway0"
NULL
[1] "gse16873.d3.txt"
[1] "gse16873.d3.txt"
[1] "gse16873" "d3"       "txt"     
[1] "inside if loop"
[1] "after if loop"
[1] "Downloading xml files for hsa00010, 1/1 pathways.."
[1] "Downloading png files for hsa00010, 1/1 pathways.."
[1] "more than one path"
[1] 1
[1] "double"
[1] "inside while loop"
[1] "pathway0"
NULL
[1] "gse16873.d3.txt"
[1] "gse16873.d3.txt"
[1] "gse16873" "d3"       "txt"     
[1] "inside if loop"
[1] "after if loop"
NULL
[1] "gse16873.d3.txt"
[1] "gse16873.d3.txt"
[1] "gse16873" "d3"       "txt"     
[1] "inside if loop"
[1] "after if loop"
NULL
[1] "gene.ensprot.txt"
[1] "gene.ensprot.txt"
[1] "gene"    "ensprot" "txt"    
[1] "inside if loop"
[1] "after if loop"
NULL
[1] "bmp6.d.txt"
[1] "bmp6.d.txt"
[1] "bmp6" "d"    "txt" 
[1] "inside if loop"
[1] "after if loop"
NULL
[1] "gse16873.d3.txt"
[1] "gse16873.d3.txt"
[1] "gse16873" "d3"       "txt"     
[1] "inside if loop"
[1] "after if loop"
[1] "Downloading xml files for hsa00010, 1/1 pathways.."
[1] "Downloading png files for hsa00010, 1/1 pathways.."
[1] "more than one path"
[1] 1
[1] "double"
[1] "inside while loop"
[1] "pathway0"
NULL
[1] "gse16873.d3.txt"
[1] "gse16873.d3.txt"
[1] "gse16873" "d3"       "txt"     
[1] "inside if loop"
[1] "after if loop"
[1] "Downloading xml files for hsa00010, 1/1 pathways.."
[1] "Downloading png files for hsa00010, 1/1 pathways.."
[1] "more than one path"
[1] 1
[1] "double"
[1] "inside while loop"
[1] "pathway0"
NULL
[1] "gse16873.d3.txt"
[1] "gse16873.d3.txt"
[1] "gse16873" "d3"       "txt"     
[1] "inside if loop"
[1] "after if loop"
[1] "Downloading xml files for hsa00010, 1/1 pathways.."
[1] "Downloading png files for hsa00010, 1/1 pathways.."
[1] "more than one path"
[1] 4
[1] "double"
[1] "inside while loop"
[1] "pathway3"
[1] "inside if loop for pathway"
[1] "00010"
[1] "inside while loop"
[1] "pathway2"
[1] "inside if loop for pathway"
[1] "01502"
[1] "Downloading xml files for hsa01502, 1/1 pathways.."
[1] "Downloading png files for hsa01502, 1/1 pathways.."
NULL
[1] "gse16873.d3.txt"
[1] "gse16873.d3.txt"
[1] "gse16873" "d3"       "txt"     
[1] "inside if loop"
[1] "after if loop"
[1] "Downloading xml files for hsa00010, 1/1 pathways.."
[1] "Downloading png files for hsa00010, 1/1 pathways.."
[1] "more than one path"
[1] 1
[1] "double"
[1] "inside while loop"
[1] "pathway0"
NULL
[1] "gse16873.d3.txt"
[1] "gse16873.d3.txt"
[1] "gse16873" "d3"       "txt"     
[1] "inside if loop"
[1] "after if loop"
[1] "Downloading xml files for hsa00010, 1/1 pathways.."
[1] "Downloading png files for hsa00010, 1/1 pathways.."
[1] "more than one path"
[1] 3
[1] "double"
[1] "inside while loop"
[1] "pathway2"
[1] "inside if loop for pathway"
[1] "01501"
[1] "Downloading xml files for hsa01501, 1/1 pathways.."
[1] "Downloading png files for hsa01501, 1/1 pathways.."
NULL
[1] "bmp6.d.txt"
[1] "bmp6.d.txt"
[1] "bmp6" "d"    "txt" 
[1] "inside if loop"
[1] "after if loop"
[1] "Downloading xml files for hsa00010, 1/1 pathways.."
[1] "Downloading png files for hsa00010, 1/1 pathways.."
[1] "more than one path"
[1] 2
[1] "double"
[1] "inside while loop"
[1] "pathway1"
[1] "inside if loop for pathway"
[1] "01110"
[1] "Downloading xml files for hsa01110, 1/1 pathways.."
[1] "Downloading png files for hsa01110, 1/1 pathways.."
NULL
[1] "bmp6.d.txt"
[1] "bmp6.d.txt"
[1] "bmp6" "d"    "txt" 
[1] "inside if loop"
[1] "after if loop"
[1] "Downloading xml files for hsa00010, 1/1 pathways.."
[1] "Downloading png files for hsa00010, 1/1 pathways.."
[1] "more than one path"
[1] 4
[1] "double"
[1] "inside while loop"
[1] "pathway3"
[1] "inside if loop for pathway"
[1] "00030"
[1] "Downloading xml files for hsa00030, 1/1 pathways.."
[1] "Downloading png files for hsa00030, 1/1 pathways.."
[1] "inside while loop"
[1] "pathway2"
[1] "inside if loop for pathway"
[1] "00010"
[1] "inside while loop"
[1] "pathway1"
[1] "inside if loop for pathway"
[1] "00051"
[1] "Downloading xml files for hsa00051, 1/1 pathways.."
[1] "Downloading png files for hsa00051, 1/1 pathways.."
[1] "inside while loop"
[1] "pathway0"
NULL
[1] "bmp6.d.txt"
[1] "bmp6.d.txt"
[1] "bmp6" "d"    "txt" 
[1] "inside if loop"
[1] "after if loop"
[1] "Downloading xml files for hsa00010, 1/1 pathways.."
[1] "Downloading png files for hsa00010, 1/1 pathways.."
[1] "more than one path"
[1] 4
[1] "double"
[1] "inside while loop"
[1] "pathway3"
[1] "inside if loop for pathway"
[1] "00030"
[1] "Downloading xml files for hsa00030, 1/1 pathways.."
[1] "Downloading png files for hsa00030, 1/1 pathways.."
[1] "inside while loop"
[1] "pathway2"
[1] "inside if loop for pathway"
[1] "01200"
[1] "Downloading xml files for hsa01200, 1/1 pathways.."
[1] "Downloading png files for hsa01200, 1/1 pathways.."
Start tag expected, '<' not found
NULL
[1] "bmp6.d.txt"
[1] "bmp6.d.txt"
[1] "bmp6" "d"    "txt" 
[1] "inside if loop"
[1] "after if loop"
[1] "Downloading xml files for hsa00010, 1/1 pathways.."
[1] "Downloading png files for hsa00010, 1/1 pathways.."
[1] "more than one path"
[1] 4
[1] "double"
[1] "inside while loop"
[1] "pathway3"
[1] "inside if loop for pathway"
[1] "00030"
[1] "Downloading xml files for hsa00030, 1/1 pathways.."
[1] "Downloading png files for hsa00030, 1/1 pathways.."
[1] "inside while loop"
[1] "pathway2"
[1] "inside if loop for pathway"
[1] "01200"
[1] "Downloading xml files for hsa01200, 1/1 pathways.."
[1] "Downloading png files for hsa01200, 1/1 pathways.."
Start tag expected, '<' not found
NULL
[1] "gse16873.d3.txt"
[1] "gse16873.d3.txt"
[1] "gse16873" "d3"       "txt"     
[1] "inside if loop"
[1] "after if loop"
[1] "Downloading xml files for hsa00640, 1/1 pathways.."
[1] "Downloading png files for hsa00640, 1/1 pathways.."
[1] "more than one path"
[1] 1
[1] "double"
[1] "inside while loop"
[1] "pathway0"
NULL
[1] "gse16873.d3.txt"
[1] "gse16873.d3.txt"
[1] "gse16873" "d3"       "txt"     
[1] "inside if loop"
[1] "after if loop"
[1] "Downloading xml files for hsa00010, 1/1 pathways.."
[1] "Downloading png files for hsa00010, 1/1 pathways.."
[1] "more than one path"
[1] 1
[1] "double"
[1] "inside while loop"
[1] "pathway0"
NULL
[1] "gse16873.d3.txt"
[1] "gse16873.d3.txt"
[1] "gse16873" "d3"       "txt"     
[1] "inside if loop"
[1] "after if loop"
[1] "Downloading xml files for hsa00010, 1/1 pathways.."
[1] "Downloading png files for hsa00010, 1/1 pathways.."
[1] "more than one path"
[1] 1
[1] "double"
[1] "inside while loop"
[1] "pathway0"
NULL
[1] "gse16873.d3.txt"
[1] "gse16873.d3.txt"
[1] "gse16873" "d3"       "txt"     
[1] "inside if loop"
[1] "after if loop"
[1] "Downloading xml files for hsa00640, 1/1 pathways.."
[1] "Downloading png files for hsa00640, 1/1 pathways.."
[1] "more than one path"
[1] 1
[1] "double"
[1] "inside while loop"
[1] "pathway0"
NULL
[1] "gse16873.d3.txt"
[1] "gse16873.d3.txt"
[1] "gse16873" "d3"       "txt"     
[1] "inside if loop"
[1] "after if loop"
[1] "Downloading xml files for hsa00640, 1/1 pathways.."
[1] "Downloading png files for hsa00640, 1/1 pathways.."
[1] "more than one path"
[1] 1
[1] "double"
[1] "inside while loop"
[1] "pathway0"
NULL
[1] "gene.ensprot.txt"
[1] "gene.ensprot.txt"
[1] "gene"    "ensprot" "txt"    
[1] "inside if loop"
[1] "after if loop"
[1] "Downloading xml files for hsa00640, 1/1 pathways.."
[1] "Downloading png files for hsa00640, 1/1 pathways.."
[1] "more than one path"
[1] 1
[1] "double"
[1] "inside while loop"
[1] "pathway0"
NULL
[1] "gse16873.d3.txt"
[1] "gse16873.d3.txt"
[1] "gse16873" "d3"       "txt"     
[1] "inside if loop"
[1] "after if loop"
NULL
[1] "gse16873.d3.txt"
[1] "gse16873.d3.txt"
[1] "gse16873" "d3"       "txt"     
[1] "inside if loop"
[1] "after if loop"
NULL
[1] "gse16873.d3.txt"
[1] "gse16873.d3.txt"
[1] "gse16873" "d3"       "txt"     
[1] "inside if loop"
[1] "after if loop"
[1] "Downloading xml files for hsa00010, 1/1 pathways.."
[1] "Downloading png files for hsa00010, 1/1 pathways.."
[1] "more than one path"
[1] 1
[1] "double"
[1] "inside while loop"
[1] "pathway0"
NULL
[1] "gse16873.d3.txt"
[1] "gse16873.d3.txt"
[1] "gse16873" "d3"       "txt"     
[1] "inside if loop"
[1] "after if loop"
[1] "Downloading xml files for hsa00640, 1/1 pathways.."
[1] "Downloading png files for hsa00640, 1/1 pathways.."
[1] "more than one path"
[1] 1
[1] "double"
[1] "inside while loop"
[1] "pathway0"
NULL
[1] "gse16873.d3.txt"
[1] "gse16873.d3.txt"
[1] "gse16873" "d3"       "txt"     
[1] "inside if loop"
[1] "after if loop"
[1] "Downloading xml files for hsa00640, 1/1 pathways.."
[1] "Downloading png files for hsa00640, 1/1 pathways.."
[1] "more than one path"
[1] 1
[1] "double"
[1] "inside while loop"
[1] "pathway0"
NULL
[1] "gse16873.d3.txt"
[1] "gse16873.d3.txt"
[1] "gse16873" "d3"       "txt"     
[1] "inside if loop"
[1] "after if loop"
[1] "Downloading xml files for hsa00640, 1/1 pathways.."
[1] "Downloading png files for hsa00640, 1/1 pathways.."
[1] "more than one path"
[1] 1
[1] "double"
[1] "inside while loop"
[1] "pathway0"
NULL
[1] "gene.ensprot.txt"
[1] "gene.ensprot.txt"
[1] "gene"    "ensprot" "txt"    
[1] "inside if loop"
[1] "after if loop"
[1] "Downloading xml files for hsa00640, 1/1 pathways.."
[1] "Downloading png files for hsa00640, 1/1 pathways.."
[1] "more than one path"
[1] 1
[1] "double"
[1] "inside while loop"
[1] "pathway0"
NULL
[1] "gse16873.d3.txt"
[1] "gse16873.d3.txt"
[1] "gse16873" "d3"       "txt"     
[1] "inside if loop"
[1] "after if loop"
[1] "Downloading xml files for hsa00010, 1/1 pathways.."
[1] "Downloading png files for hsa00010, 1/1 pathways.."
[1] "more than one path"
[1] 1
[1] "double"
[1] "inside while loop"
[1] "pathway0"
NULL
[1] "gse16873.d3.csv"
[1] "gse16873.d3.csv"
[1] "gse16873" "d3"       "csv"     
[1] "after if loop"
[1] "Downloading xml files for hsa00010, 1/1 pathways.."
[1] "Downloading png files for hsa00010, 1/1 pathways.."
[1] "more than one path"
[1] 2
[1] "double"
[1] "inside while loop"
[1] "pathway1"
[1] "inside if loop for pathway"
[1] "0"
[1] "Downloading xml files for hsa0, 1/1 pathways.."
[1] "Downloading png files for hsa0, 1/1 pathways.."
NULL
[1] "gse16873.d3.txt"
[1] "gse16873.d3.txt"
[1] "gse16873" "d3"       "txt"     
[1] "inside if loop"
[1] "after if loop"
[1] "Downloading xml files for hsa00010, 1/1 pathways.."
[1] "Downloading png files for hsa00010, 1/1 pathways.."
[1] "more than one path"
[1] 1
[1] "double"
[1] "inside while loop"
[1] "pathway0"
NULL
[1] "gse16873.d3.txt"
[1] "gse16873.d3.txt"
[1] "gse16873" "d3"       "txt"     
[1] "inside if loop"
[1] "after if loop"
[1] "Downloading xml files for hsa00010, 1/1 pathways.."
[1] "Downloading png files for hsa00010, 1/1 pathways.."
[1] "more than one path"
[1] 1
[1] "double"
[1] "inside while loop"
[1] "pathway0"
NULL
[1] "gse16873.d3.txt"
[1] "gse16873.d3.txt"
[1] "gse16873" "d3"       "txt"     
[1] "inside if loop"
[1] "after if loop"
[1] "Downloading xml files for hsa00010, 1/1 pathways.."
[1] "Downloading png files for hsa00010, 1/1 pathways.."
[1] "more than one path"
[1] 1
[1] "double"
[1] "inside while loop"
[1] "pathway0"
NULL
[1] "gse16873.d3.txt"
[1] "gse16873.d3.txt"
[1] "gse16873" "d3"       "txt"     
[1] "inside if loop"
[1] "after if loop"
[1] "Downloading xml files for hsa00010, 1/1 pathways.."
[1] "Downloading png files for hsa00010, 1/1 pathways.."
[1] "more than one path"
[1] 1
[1] "double"
[1] "inside while loop"
[1] "pathway0"
NULL
[1] "cpd.cas.txt"
[1] "cpd.cas.txt"
[1] "cpd" "cas" "txt"
[1] "inside if loop"
[1] "after if loop"
[1] "Downloading xml files for hsa70010, 1/1 pathways.."
[1] "Downloading png files for hsa70010, 1/1 pathways.."
NULL
[1] "cpd.cas.txt"
[1] "cpd.cas.txt"
[1] "cpd" "cas" "txt"
[1] "inside if loop"
[1] "after if loop"
NULL
[1] "cpd.cas.txt"
[1] "cpd.cas.txt"
[1] "cpd" "cas" "txt"
[1] "inside if loop"
[1] "after if loop"
NULL
[1] "cpd.cas.txt"
[1] "cpd.cas.txt"
[1] "cpd" "cas" "txt"
[1] "inside if loop"
[1] "after if loop"
[1] "Downloading xml files for hsa00010, 1/1 pathways.."
[1] "Downloading png files for hsa00010, 1/1 pathways.."
[1] "more than one path"
[1] 1
[1] "double"
[1] "inside while loop"
[1] "pathway0"
NULL
[1] "gse16873.d3.txt"
[1] "gse16873.d3.txt"
[1] "gse16873" "d3"       "txt"     
[1] "inside if loop"
[1] "after if loop"
[1] "Downloading xml files for hsa00010, 1/1 pathways.."
[1] "Downloading png files for hsa00010, 1/1 pathways.."
[1] "more than one path"
[1] 1
[1] "double"
[1] "inside while loop"
[1] "pathway0"
NULL
[1] "gse16873.d3.txt"
[1] "gse16873.d3.txt"
[1] "gse16873" "d3"       "txt"     
[1] "inside if loop"
[1] "after if loop"
[1] "Downloading xml files for hsa00010, 1/1 pathways.."
[1] "Downloading png files for hsa00010, 1/1 pathways.."
[1] "more than one path"
[1] 1
[1] "double"
[1] "inside while loop"
[1] "pathway0"
NULL
[1] "bmp6.d.txt"
[1] "bmp6.d.txt"
[1] "bmp6" "d"    "txt" 
[1] "inside if loop"
[1] "after if loop"
[1] "Downloading xml files for hsa00010, 1/1 pathways.."
[1] "Downloading png files for hsa00010, 1/1 pathways.."
[1] "more than one path"
[1] 1
[1] "double"
[1] "inside while loop"
[1] "pathway0"
NULL
[1] "bmp6.d.txt"
[1] "bmp6.d.txt"
[1] "bmp6" "d"    "txt" 
[1] "inside if loop"
[1] "after if loop"
[1] "Downloading xml files for hsa70010, 1/1 pathways.."
[1] "Downloading png files for hsa70010, 1/1 pathways.."
NULL
[1] "bmp6.d.txt"
[1] "bmp6.d.txt"
[1] "bmp6" "d"    "txt" 
[1] "inside if loop"
[1] "after if loop"
[1] "Downloading xml files for hsa70010, 1/1 pathways.."
[1] "Downloading png files for hsa70010, 1/1 pathways.."
